28-Dec-2018 08:45:40.279 情報 [main] org.apache.catalina.startup.VersionLoggerListener.log Server version:        Apache Tomcat/9.0.10
28-Dec-2018 08:45:40.295 情報 [main] org.apache.catalina.startup.VersionLoggerListener.log Server built:          Jun 20 2018 17:32:21 UTC
28-Dec-2018 08:45:40.297 情報 [main] org.apache.catalina.startup.VersionLoggerListener.log Server number:         9.0.10.0
28-Dec-2018 08:45:40.297 情報 [main] org.apache.catalina.startup.VersionLoggerListener.log OS Name:               Windows 10
28-Dec-2018 08:45:40.297 情報 [main] org.apache.catalina.startup.VersionLoggerListener.log OS Version:            10.0
28-Dec-2018 08:45:40.297 情報 [main] org.apache.catalina.startup.VersionLoggerListener.log Architecture:          amd64
28-Dec-2018 08:45:40.297 情報 [main] org.apache.catalina.startup.VersionLoggerListener.log Java Home:             C:\Users\kana.katsumata\eclipse-workspace\TestWeb2\jre
28-Dec-2018 08:45:40.297 情報 [main] org.apache.catalina.startup.VersionLoggerListener.log JVM Version:           1.8.0_191-b12
28-Dec-2018 08:45:40.298 情報 [main] org.apache.catalina.startup.VersionLoggerListener.log JVM Vendor:            Oracle Corporation
28-Dec-2018 08:45:40.298 情報 [main] org.apache.catalina.startup.VersionLoggerListener.log CATALINA_BASE:         C:\Users\kana.katsumata\eclipse-workspace\TestWeb2\lib\apache-tomcat-9.0.10
28-Dec-2018 08:45:40.298 情報 [main] org.apache.catalina.startup.VersionLoggerListener.log CATALINA_HOME:         C:\Users\kana.katsumata\eclipse-workspace\TestWeb2\lib\apache-tomcat-9.0.10
28-Dec-2018 08:45:40.299 情報 [main] org.apache.catalina.startup.VersionLoggerListener.log Command line argument: -Djava.util.logging.config.file=C:\Users\kana.katsumata\eclipse-workspace\TestWeb2\lib\apache-tomcat-9.0.10\conf\logging.properties
28-Dec-2018 08:45:40.299 情報 [main] org.apache.catalina.startup.VersionLoggerListener.log Command line argument: -Djava.util.logging.manager=org.apache.juli.ClassLoaderLogManager
28-Dec-2018 08:45:40.299 情報 [main] org.apache.catalina.startup.VersionLoggerListener.log Command line argument: -Djdk.tls.ephemeralDHKeySize=2048
28-Dec-2018 08:45:40.300 情報 [main] org.apache.catalina.startup.VersionLoggerListener.log Command line argument: -Djava.protocol.handler.pkgs=org.apache.catalina.webresources
28-Dec-2018 08:45:40.302 情報 [main] org.apache.catalina.startup.VersionLoggerListener.log Command line argument: -Dignore.endorsed.dirs=
28-Dec-2018 08:45:40.304 情報 [main] org.apache.catalina.startup.VersionLoggerListener.log Command line argument: -Dcatalina.base=C:\Users\kana.katsumata\eclipse-workspace\TestWeb2\lib\apache-tomcat-9.0.10
28-Dec-2018 08:45:40.306 情報 [main] org.apache.catalina.startup.VersionLoggerListener.log Command line argument: -Dcatalina.home=C:\Users\kana.katsumata\eclipse-workspace\TestWeb2\lib\apache-tomcat-9.0.10
28-Dec-2018 08:45:40.309 情報 [main] org.apache.catalina.startup.VersionLoggerListener.log Command line argument: -Djava.io.tmpdir=C:\Users\kana.katsumata\eclipse-workspace\TestWeb2\lib\apache-tomcat-9.0.10\temp
28-Dec-2018 08:45:40.310 情報 [main] org.apache.catalina.core.AprLifecycleListener.lifecycleEvent Loaded APR based Apache Tomcat Native library [1.2.17] using APR version [1.6.3].
28-Dec-2018 08:45:40.311 情報 [main] org.apache.catalina.core.AprLifecycleListener.lifecycleEvent APR capabilities: IPv6 [true], sendfile [true], accept filters [false], random [true].
28-Dec-2018 08:45:40.311 情報 [main] org.apache.catalina.core.AprLifecycleListener.lifecycleEvent APR/OpenSSL configuration: useAprConnector [false], useOpenSSL [true]
28-Dec-2018 08:45:41.437 情報 [main] org.apache.catalina.core.AprLifecycleListener.initializeSSL OpenSSL successfully initialized [OpenSSL 1.0.2o  27 Mar 2018]
28-Dec-2018 08:45:41.970 情報 [main] org.apache.coyote.AbstractProtocol.init Initializing ProtocolHandler ["http-nio-8080"]
28-Dec-2018 08:45:42.134 情報 [main] org.apache.tomcat.util.net.NioSelectorPool.getSharedSelector Using a shared selector for servlet write/read
28-Dec-2018 08:45:42.147 情報 [main] org.apache.coyote.AbstractProtocol.init Initializing ProtocolHandler ["ajp-nio-8009"]
28-Dec-2018 08:45:42.151 情報 [main] org.apache.tomcat.util.net.NioSelectorPool.getSharedSelector Using a shared selector for servlet write/read
28-Dec-2018 08:45:42.151 情報 [main] org.apache.catalina.startup.Catalina.load Initialization processed in 2654 ms
28-Dec-2018 08:45:42.217 情報 [main] org.apache.catalina.core.StandardService.startInternal サービス [Catalina] を起動します
28-Dec-2018 08:45:42.225 情報 [main] org.apache.catalina.core.StandardEngine.startInternal Starting Servlet Engine: Apache Tomcat/9.0.10
28-Dec-2018 08:45:42.244 情報 [main] org.apache.catalina.startup.HostConfig.deployDescriptor 設定記述子 [C:\Users\kana.katsumata\eclipse-workspace\TestWeb2\lib\apache-tomcat-9.0.10\conf\Catalina\localhost\ADSPSearch.xml] を配備します
28-Dec-2018 08:45:42.290 警告 [main] org.apache.catalina.startup.HostConfig.deployDescriptor The path attribute with value [/ADSPSearch] in deployment descriptor [C:\Users\kana.katsumata\eclipse-workspace\TestWeb2\lib\apache-tomcat-9.0.10\conf\Catalina\localhost\ADSPSearch.xml] has been ignored
28-Dec-2018 08:45:47.154 情報 [main] org.apache.jasper.servlet.TldScanner.scanJars At least one JAR was scanned for TLDs yet contained no TLDs. Enable debug logging for this logger for a complete list of JARs that were scanned but no TLDs were found in them. Skipping unneeded JARs during scanning can improve startup time and JSP compilation time.
28-Dec-2018 08:45:47.250 情報 [main] org.apache.catalina.startup.HostConfig.deployDescriptor Deployment of deployment descriptor [C:\Users\kana.katsumata\eclipse-workspace\TestWeb2\lib\apache-tomcat-9.0.10\conf\Catalina\localhost\ADSPSearch.xml] has finished in [5,004] ms
28-Dec-2018 08:45:47.251 情報 [main] org.apache.catalina.startup.HostConfig.deployDescriptor 設定記述子 [C:\Users\kana.katsumata\eclipse-workspace\TestWeb2\lib\apache-tomcat-9.0.10\conf\Catalina\localhost\TestWeb2.xml] を配備します
28-Dec-2018 08:45:47.255 警告 [main] org.apache.catalina.startup.HostConfig.deployDescriptor The path attribute with value [/TestWeb2] in deployment descriptor [C:\Users\kana.katsumata\eclipse-workspace\TestWeb2\lib\apache-tomcat-9.0.10\conf\Catalina\localhost\TestWeb2.xml] has been ignored
28-Dec-2018 08:45:51.566 情報 [main] org.apache.jasper.servlet.TldScanner.scanJars At least one JAR was scanned for TLDs yet contained no TLDs. Enable debug logging for this logger for a complete list of JARs that were scanned but no TLDs were found in them. Skipping unneeded JARs during scanning can improve startup time and JSP compilation time.
28-Dec-2018 08:45:53.730 重大 [main] org.apache.catalina.core.StandardContext.startInternal One or more Filters failed to start. Full details will be found in the appropriate container log file
28-Dec-2018 08:45:53.734 重大 [main] org.apache.catalina.core.StandardContext.startInternal 以前のエラーのためにコンテキストの起動が失敗しました [/TestWeb2]
28-Dec-2018 08:45:53.755 情報 [main] org.apache.catalina.startup.HostConfig.deployDescriptor Deployment of deployment descriptor [C:\Users\kana.katsumata\eclipse-workspace\TestWeb2\lib\apache-tomcat-9.0.10\conf\Catalina\localhost\TestWeb2.xml] has finished in [6,503] ms
28-Dec-2018 08:45:53.758 情報 [main] org.apache.catalina.startup.HostConfig.deployDirectory Webアプリケーションディレクトリ [C:\Users\kana.katsumata\eclipse-workspace\TestWeb2\lib\apache-tomcat-9.0.10\webapps\docs] を配備します
28-Dec-2018 08:45:55.391 情報 [main] org.apache.catalina.startup.HostConfig.deployDirectory Deployment of web application directory [C:\Users\kana.katsumata\eclipse-workspace\TestWeb2\lib\apache-tomcat-9.0.10\webapps\docs] has finished in [1,632] ms
28-Dec-2018 08:45:55.394 情報 [main] org.apache.catalina.startup.HostConfig.deployDirectory Webアプリケーションディレクトリ [C:\Users\kana.katsumata\eclipse-workspace\TestWeb2\lib\apache-tomcat-9.0.10\webapps\examples] を配備します
28-Dec-2018 08:45:58.753 情報 [main] org.apache.catalina.startup.HostConfig.deployDirectory Deployment of web application directory [C:\Users\kana.katsumata\eclipse-workspace\TestWeb2\lib\apache-tomcat-9.0.10\webapps\examples] has finished in [3,360] ms
28-Dec-2018 08:45:58.761 情報 [main] org.apache.catalina.startup.HostConfig.deployDirectory Webアプリケーションディレクトリ [C:\Users\kana.katsumata\eclipse-workspace\TestWeb2\lib\apache-tomcat-9.0.10\webapps\host-manager] を配備します
28-Dec-2018 08:45:58.833 情報 [main] org.apache.catalina.startup.HostConfig.deployDirectory Deployment of web application directory [C:\Users\kana.katsumata\eclipse-workspace\TestWeb2\lib\apache-tomcat-9.0.10\webapps\host-manager] has finished in [72] ms
28-Dec-2018 08:45:58.843 情報 [main] org.apache.catalina.startup.HostConfig.deployDirectory Webアプリケーションディレクトリ [C:\Users\kana.katsumata\eclipse-workspace\TestWeb2\lib\apache-tomcat-9.0.10\webapps\manager] を配備します
28-Dec-2018 08:45:58.937 情報 [main] org.apache.catalina.startup.HostConfig.deployDirectory Deployment of web application directory [C:\Users\kana.katsumata\eclipse-workspace\TestWeb2\lib\apache-tomcat-9.0.10\webapps\manager] has finished in [95] ms
28-Dec-2018 08:45:58.938 情報 [main] org.apache.catalina.startup.HostConfig.deployDirectory Webアプリケーションディレクトリ [C:\Users\kana.katsumata\eclipse-workspace\TestWeb2\lib\apache-tomcat-9.0.10\webapps\ROOT] を配備します
28-Dec-2018 08:46:00.451 情報 [main] org.apache.catalina.startup.HostConfig.deployDirectory Deployment of web application directory [C:\Users\kana.katsumata\eclipse-workspace\TestWeb2\lib\apache-tomcat-9.0.10\webapps\ROOT] has finished in [1,513] ms
28-Dec-2018 08:46:00.471 情報 [main] org.apache.coyote.AbstractProtocol.start Starting ProtocolHandler ["http-nio-8080"]
28-Dec-2018 08:46:00.501 情報 [main] org.apache.coyote.AbstractProtocol.start Starting ProtocolHandler ["ajp-nio-8009"]
28-Dec-2018 08:46:00.517 情報 [main] org.apache.catalina.startup.Catalina.start Server startup in 18365 ms
28-Dec-2018 08:46:00.520 重大 [main] org.apache.catalina.core.StandardServer.await StandardServer.await: create[localhost:8005]: 
 java.net.BindException: Address already in use: JVM_Bind
	at java.net.DualStackPlainSocketImpl.bind0(Native Method)
	at java.net.DualStackPlainSocketImpl.socketBind(Unknown Source)
	at java.net.AbstractPlainSocketImpl.bind(Unknown Source)
	at java.net.PlainSocketImpl.bind(Unknown Source)
	at java.net.ServerSocket.bind(Unknown Source)
	at java.net.ServerSocket.<init>(Unknown Source)
	at org.apache.catalina.core.StandardServer.await(StandardServer.java:422)
	at org.apache.catalina.startup.Catalina.await(Catalina.java:770)
	at org.apache.catalina.startup.Catalina.start(Catalina.java:716)
	at sun.reflect.NativeMethodAccessorImpl.invoke0(Native Method)
	at sun.reflect.NativeMethodAccessorImpl.invoke(Unknown Source)
	at sun.reflect.DelegatingMethodAccessorImpl.invoke(Unknown Source)
	at java.lang.reflect.Method.invoke(Unknown Source)
	at org.apache.catalina.startup.Bootstrap.start(Bootstrap.java:350)
	at org.apache.catalina.startup.Bootstrap.main(Bootstrap.java:492)

28-Dec-2018 08:46:00.522 情報 [main] org.apache.coyote.AbstractProtocol.pause Pausing ProtocolHandler ["http-nio-8080"]
28-Dec-2018 08:46:00.699 情報 [main] org.apache.coyote.AbstractProtocol.pause Pausing ProtocolHandler ["ajp-nio-8009"]
28-Dec-2018 08:46:00.903 情報 [main] org.apache.catalina.core.StandardService.stopInternal サービス [Catalina] を停止します
28-Dec-2018 08:46:00.965 情報 [main] org.apache.coyote.AbstractProtocol.stop Stopping ProtocolHandler ["http-nio-8080"]
28-Dec-2018 08:46:00.974 情報 [main] org.apache.coyote.AbstractProtocol.stop Stopping ProtocolHandler ["ajp-nio-8009"]
28-Dec-2018 08:46:00.984 情報 [main] org.apache.coyote.AbstractProtocol.destroy Destroying ProtocolHandler ["http-nio-8080"]
28-Dec-2018 08:46:00.986 情報 [main] org.apache.coyote.AbstractProtocol.destroy Destroying ProtocolHandler ["ajp-nio-8009"]
28-Dec-2018 08:46:29.513 情報 [main] org.apache.catalina.startup.VersionLoggerListener.log Server version:        Apache Tomcat/9.0.10
28-Dec-2018 08:46:29.519 情報 [main] org.apache.catalina.startup.VersionLoggerListener.log Server built:          Jun 20 2018 17:32:21 UTC
28-Dec-2018 08:46:29.520 情報 [main] org.apache.catalina.startup.VersionLoggerListener.log Server number:         9.0.10.0
28-Dec-2018 08:46:29.521 情報 [main] org.apache.catalina.startup.VersionLoggerListener.log OS Name:               Windows 10
28-Dec-2018 08:46:29.522 情報 [main] org.apache.catalina.startup.VersionLoggerListener.log OS Version:            10.0
28-Dec-2018 08:46:29.522 情報 [main] org.apache.catalina.startup.VersionLoggerListener.log Architecture:          amd64
28-Dec-2018 08:46:29.526 情報 [main] org.apache.catalina.startup.VersionLoggerListener.log Java Home:             C:\Users\kana.katsumata\eclipse-workspace\TestWeb2\jre
28-Dec-2018 08:46:29.527 情報 [main] org.apache.catalina.startup.VersionLoggerListener.log JVM Version:           1.8.0_191-b12
28-Dec-2018 08:46:29.527 情報 [main] org.apache.catalina.startup.VersionLoggerListener.log JVM Vendor:            Oracle Corporation
28-Dec-2018 08:46:29.529 情報 [main] org.apache.catalina.startup.VersionLoggerListener.log CATALINA_BASE:         C:\Users\kana.katsumata\eclipse-workspace\TestWeb2\lib\apache-tomcat-9.0.10
28-Dec-2018 08:46:29.529 情報 [main] org.apache.catalina.startup.VersionLoggerListener.log CATALINA_HOME:         C:\Users\kana.katsumata\eclipse-workspace\TestWeb2\lib\apache-tomcat-9.0.10
28-Dec-2018 08:46:29.529 情報 [main] org.apache.catalina.startup.VersionLoggerListener.log Command line argument: -Djava.util.logging.config.file=C:\Users\kana.katsumata\eclipse-workspace\TestWeb2\lib\apache-tomcat-9.0.10\conf\logging.properties
28-Dec-2018 08:46:29.530 情報 [main] org.apache.catalina.startup.VersionLoggerListener.log Command line argument: -Djava.util.logging.manager=org.apache.juli.ClassLoaderLogManager
28-Dec-2018 08:46:29.530 情報 [main] org.apache.catalina.startup.VersionLoggerListener.log Command line argument: -Djdk.tls.ephemeralDHKeySize=2048
28-Dec-2018 08:46:29.531 情報 [main] org.apache.catalina.startup.VersionLoggerListener.log Command line argument: -Djava.protocol.handler.pkgs=org.apache.catalina.webresources
28-Dec-2018 08:46:29.531 情報 [main] org.apache.catalina.startup.VersionLoggerListener.log Command line argument: -Dignore.endorsed.dirs=
28-Dec-2018 08:46:29.532 情報 [main] org.apache.catalina.startup.VersionLoggerListener.log Command line argument: -Dcatalina.base=C:\Users\kana.katsumata\eclipse-workspace\TestWeb2\lib\apache-tomcat-9.0.10
28-Dec-2018 08:46:29.534 情報 [main] org.apache.catalina.startup.VersionLoggerListener.log Command line argument: -Dcatalina.home=C:\Users\kana.katsumata\eclipse-workspace\TestWeb2\lib\apache-tomcat-9.0.10
28-Dec-2018 08:46:29.534 情報 [main] org.apache.catalina.startup.VersionLoggerListener.log Command line argument: -Djava.io.tmpdir=C:\Users\kana.katsumata\eclipse-workspace\TestWeb2\lib\apache-tomcat-9.0.10\temp
28-Dec-2018 08:46:29.535 情報 [main] org.apache.catalina.core.AprLifecycleListener.lifecycleEvent Loaded APR based Apache Tomcat Native library [1.2.17] using APR version [1.6.3].
28-Dec-2018 08:46:29.541 情報 [main] org.apache.catalina.core.AprLifecycleListener.lifecycleEvent APR capabilities: IPv6 [true], sendfile [true], accept filters [false], random [true].
28-Dec-2018 08:46:29.542 情報 [main] org.apache.catalina.core.AprLifecycleListener.lifecycleEvent APR/OpenSSL configuration: useAprConnector [false], useOpenSSL [true]
28-Dec-2018 08:46:30.632 情報 [main] org.apache.catalina.core.AprLifecycleListener.initializeSSL OpenSSL successfully initialized [OpenSSL 1.0.2o  27 Mar 2018]
28-Dec-2018 08:46:30.876 情報 [main] org.apache.coyote.AbstractProtocol.init Initializing ProtocolHandler ["http-nio-8080"]
28-Dec-2018 08:46:31.097 情報 [main] org.apache.tomcat.util.net.NioSelectorPool.getSharedSelector Using a shared selector for servlet write/read
28-Dec-2018 08:46:31.109 情報 [main] org.apache.coyote.AbstractProtocol.init Initializing ProtocolHandler ["ajp-nio-8009"]
28-Dec-2018 08:46:31.111 情報 [main] org.apache.tomcat.util.net.NioSelectorPool.getSharedSelector Using a shared selector for servlet write/read
28-Dec-2018 08:46:31.112 情報 [main] org.apache.catalina.startup.Catalina.load Initialization processed in 2289 ms
28-Dec-2018 08:46:31.167 情報 [main] org.apache.catalina.core.StandardService.startInternal サービス [Catalina] を起動します
28-Dec-2018 08:46:31.168 情報 [main] org.apache.catalina.core.StandardEngine.startInternal Starting Servlet Engine: Apache Tomcat/9.0.10
28-Dec-2018 08:46:31.184 情報 [main] org.apache.catalina.startup.HostConfig.deployDescriptor 設定記述子 [C:\Users\kana.katsumata\eclipse-workspace\TestWeb2\lib\apache-tomcat-9.0.10\conf\Catalina\localhost\ADSPSearch.xml] を配備します
28-Dec-2018 08:46:31.229 警告 [main] org.apache.catalina.startup.HostConfig.deployDescriptor The path attribute with value [/ADSPSearch] in deployment descriptor [C:\Users\kana.katsumata\eclipse-workspace\TestWeb2\lib\apache-tomcat-9.0.10\conf\Catalina\localhost\ADSPSearch.xml] has been ignored
28-Dec-2018 08:46:34.920 情報 [main] org.apache.jasper.servlet.TldScanner.scanJars At least one JAR was scanned for TLDs yet contained no TLDs. Enable debug logging for this logger for a complete list of JARs that were scanned but no TLDs were found in them. Skipping unneeded JARs during scanning can improve startup time and JSP compilation time.
28-Dec-2018 08:46:35.090 情報 [main] org.apache.catalina.startup.HostConfig.deployDescriptor Deployment of deployment descriptor [C:\Users\kana.katsumata\eclipse-workspace\TestWeb2\lib\apache-tomcat-9.0.10\conf\Catalina\localhost\ADSPSearch.xml] has finished in [3,904] ms
28-Dec-2018 08:46:35.102 情報 [main] org.apache.catalina.startup.HostConfig.deployDescriptor 設定記述子 [C:\Users\kana.katsumata\eclipse-workspace\TestWeb2\lib\apache-tomcat-9.0.10\conf\Catalina\localhost\TestWeb2.xml] を配備します
28-Dec-2018 08:46:35.147 警告 [main] org.apache.catalina.startup.HostConfig.deployDescriptor The path attribute with value [/TestWeb2] in deployment descriptor [C:\Users\kana.katsumata\eclipse-workspace\TestWeb2\lib\apache-tomcat-9.0.10\conf\Catalina\localhost\TestWeb2.xml] has been ignored
28-Dec-2018 08:46:38.573 情報 [main] org.apache.jasper.servlet.TldScanner.scanJars At least one JAR was scanned for TLDs yet contained no TLDs. Enable debug logging for this logger for a complete list of JARs that were scanned but no TLDs were found in them. Skipping unneeded JARs during scanning can improve startup time and JSP compilation time.
28-Dec-2018 08:46:41.044 重大 [main] org.apache.catalina.core.StandardContext.startInternal One or more Filters failed to start. Full details will be found in the appropriate container log file
28-Dec-2018 08:46:41.045 重大 [main] org.apache.catalina.core.StandardContext.startInternal 以前のエラーのためにコンテキストの起動が失敗しました [/TestWeb2]
28-Dec-2018 08:46:41.064 情報 [main] org.apache.catalina.startup.HostConfig.deployDescriptor Deployment of deployment descriptor [C:\Users\kana.katsumata\eclipse-workspace\TestWeb2\lib\apache-tomcat-9.0.10\conf\Catalina\localhost\TestWeb2.xml] has finished in [5,961] ms
28-Dec-2018 08:46:41.069 情報 [main] org.apache.catalina.startup.HostConfig.deployDirectory Webアプリケーションディレクトリ [C:\Users\kana.katsumata\eclipse-workspace\TestWeb2\lib\apache-tomcat-9.0.10\webapps\docs] を配備します
28-Dec-2018 08:46:42.489 情報 [main] org.apache.catalina.startup.HostConfig.deployDirectory Deployment of web application directory [C:\Users\kana.katsumata\eclipse-workspace\TestWeb2\lib\apache-tomcat-9.0.10\webapps\docs] has finished in [1,419] ms
28-Dec-2018 08:46:42.490 情報 [main] org.apache.catalina.startup.HostConfig.deployDirectory Webアプリケーションディレクトリ [C:\Users\kana.katsumata\eclipse-workspace\TestWeb2\lib\apache-tomcat-9.0.10\webapps\examples] を配備します
28-Dec-2018 08:46:44.875 情報 [main] org.apache.catalina.startup.HostConfig.deployDirectory Deployment of web application directory [C:\Users\kana.katsumata\eclipse-workspace\TestWeb2\lib\apache-tomcat-9.0.10\webapps\examples] has finished in [2,385] ms
28-Dec-2018 08:46:44.880 情報 [main] org.apache.catalina.startup.HostConfig.deployDirectory Webアプリケーションディレクトリ [C:\Users\kana.katsumata\eclipse-workspace\TestWeb2\lib\apache-tomcat-9.0.10\webapps\host-manager] を配備します
28-Dec-2018 08:46:44.956 情報 [main] org.apache.catalina.startup.HostConfig.deployDirectory Deployment of web application directory [C:\Users\kana.katsumata\eclipse-workspace\TestWeb2\lib\apache-tomcat-9.0.10\webapps\host-manager] has finished in [76] ms
28-Dec-2018 08:46:44.959 情報 [main] org.apache.catalina.startup.HostConfig.deployDirectory Webアプリケーションディレクトリ [C:\Users\kana.katsumata\eclipse-workspace\TestWeb2\lib\apache-tomcat-9.0.10\webapps\manager] を配備します
28-Dec-2018 08:46:45.079 情報 [main] org.apache.catalina.startup.HostConfig.deployDirectory Deployment of web application directory [C:\Users\kana.katsumata\eclipse-workspace\TestWeb2\lib\apache-tomcat-9.0.10\webapps\manager] has finished in [121] ms
28-Dec-2018 08:46:45.083 情報 [main] org.apache.catalina.startup.HostConfig.deployDirectory Webアプリケーションディレクトリ [C:\Users\kana.katsumata\eclipse-workspace\TestWeb2\lib\apache-tomcat-9.0.10\webapps\ROOT] を配備します
28-Dec-2018 08:46:47.535 情報 [main] org.apache.catalina.startup.HostConfig.deployDirectory Deployment of web application directory [C:\Users\kana.katsumata\eclipse-workspace\TestWeb2\lib\apache-tomcat-9.0.10\webapps\ROOT] has finished in [2,453] ms
28-Dec-2018 08:46:47.555 情報 [main] org.apache.coyote.AbstractProtocol.start Starting ProtocolHandler ["http-nio-8080"]
28-Dec-2018 08:46:47.577 情報 [main] org.apache.coyote.AbstractProtocol.start Starting ProtocolHandler ["ajp-nio-8009"]
28-Dec-2018 08:46:47.583 情報 [main] org.apache.catalina.startup.Catalina.start Server startup in 16471 ms
28-Dec-2018 08:46:47.586 重大 [main] org.apache.catalina.core.StandardServer.await StandardServer.await: create[localhost:8005]: 
 java.net.BindException: Address already in use: JVM_Bind
	at java.net.DualStackPlainSocketImpl.bind0(Native Method)
	at java.net.DualStackPlainSocketImpl.socketBind(Unknown Source)
	at java.net.AbstractPlainSocketImpl.bind(Unknown Source)
	at java.net.PlainSocketImpl.bind(Unknown Source)
	at java.net.ServerSocket.bind(Unknown Source)
	at java.net.ServerSocket.<init>(Unknown Source)
	at org.apache.catalina.core.StandardServer.await(StandardServer.java:422)
	at org.apache.catalina.startup.Catalina.await(Catalina.java:770)
	at org.apache.catalina.startup.Catalina.start(Catalina.java:716)
	at sun.reflect.NativeMethodAccessorImpl.invoke0(Native Method)
	at sun.reflect.NativeMethodAccessorImpl.invoke(Unknown Source)
	at sun.reflect.DelegatingMethodAccessorImpl.invoke(Unknown Source)
	at java.lang.reflect.Method.invoke(Unknown Source)
	at org.apache.catalina.startup.Bootstrap.start(Bootstrap.java:350)
	at org.apache.catalina.startup.Bootstrap.main(Bootstrap.java:492)

28-Dec-2018 08:46:47.594 情報 [main] org.apache.coyote.AbstractProtocol.pause Pausing ProtocolHandler ["http-nio-8080"]
28-Dec-2018 08:46:47.765 情報 [main] org.apache.coyote.AbstractProtocol.pause Pausing ProtocolHandler ["ajp-nio-8009"]
28-Dec-2018 08:46:47.879 情報 [main] org.apache.catalina.core.StandardService.stopInternal サービス [Catalina] を停止します
28-Dec-2018 08:46:47.914 情報 [main] org.apache.coyote.AbstractProtocol.stop Stopping ProtocolHandler ["http-nio-8080"]
28-Dec-2018 08:46:47.925 情報 [main] org.apache.coyote.AbstractProtocol.stop Stopping ProtocolHandler ["ajp-nio-8009"]
28-Dec-2018 08:46:47.931 情報 [main] org.apache.coyote.AbstractProtocol.destroy Destroying ProtocolHandler ["http-nio-8080"]
28-Dec-2018 08:46:47.933 情報 [main] org.apache.coyote.AbstractProtocol.destroy Destroying ProtocolHandler ["ajp-nio-8009"]
28-Dec-2018 08:49:09.996 情報 [main] org.apache.catalina.startup.VersionLoggerListener.log Server version:        Apache Tomcat/9.0.10
28-Dec-2018 08:49:10.006 情報 [main] org.apache.catalina.startup.VersionLoggerListener.log Server built:          Jun 20 2018 17:32:21 UTC
28-Dec-2018 08:49:10.007 情報 [main] org.apache.catalina.startup.VersionLoggerListener.log Server number:         9.0.10.0
28-Dec-2018 08:49:10.007 情報 [main] org.apache.catalina.startup.VersionLoggerListener.log OS Name:               Windows 10
28-Dec-2018 08:49:10.008 情報 [main] org.apache.catalina.startup.VersionLoggerListener.log OS Version:            10.0
28-Dec-2018 08:49:10.008 情報 [main] org.apache.catalina.startup.VersionLoggerListener.log Architecture:          amd64
28-Dec-2018 08:49:10.014 情報 [main] org.apache.catalina.startup.VersionLoggerListener.log Java Home:             C:\Users\kana.katsumata\eclipse-workspace\TestWeb2\jre
28-Dec-2018 08:49:10.017 情報 [main] org.apache.catalina.startup.VersionLoggerListener.log JVM Version:           1.8.0_191-b12
28-Dec-2018 08:49:10.018 情報 [main] org.apache.catalina.startup.VersionLoggerListener.log JVM Vendor:            Oracle Corporation
28-Dec-2018 08:49:10.018 情報 [main] org.apache.catalina.startup.VersionLoggerListener.log CATALINA_BASE:         C:\Users\kana.katsumata\eclipse-workspace\TestWeb2\lib\apache-tomcat-9.0.10
28-Dec-2018 08:49:10.018 情報 [main] org.apache.catalina.startup.VersionLoggerListener.log CATALINA_HOME:         C:\Users\kana.katsumata\eclipse-workspace\TestWeb2\lib\apache-tomcat-9.0.10
28-Dec-2018 08:49:10.019 情報 [main] org.apache.catalina.startup.VersionLoggerListener.log Command line argument: -Djava.util.logging.config.file=C:\Users\kana.katsumata\eclipse-workspace\TestWeb2\lib\apache-tomcat-9.0.10\conf\logging.properties
28-Dec-2018 08:49:10.019 情報 [main] org.apache.catalina.startup.VersionLoggerListener.log Command line argument: -Djava.util.logging.manager=org.apache.juli.ClassLoaderLogManager
28-Dec-2018 08:49:10.020 情報 [main] org.apache.catalina.startup.VersionLoggerListener.log Command line argument: -Djdk.tls.ephemeralDHKeySize=2048
28-Dec-2018 08:49:10.020 情報 [main] org.apache.catalina.startup.VersionLoggerListener.log Command line argument: -Djava.protocol.handler.pkgs=org.apache.catalina.webresources
28-Dec-2018 08:49:10.021 情報 [main] org.apache.catalina.startup.VersionLoggerListener.log Command line argument: -Dignore.endorsed.dirs=
28-Dec-2018 08:49:10.022 情報 [main] org.apache.catalina.startup.VersionLoggerListener.log Command line argument: -Dcatalina.base=C:\Users\kana.katsumata\eclipse-workspace\TestWeb2\lib\apache-tomcat-9.0.10
28-Dec-2018 08:49:10.023 情報 [main] org.apache.catalina.startup.VersionLoggerListener.log Command line argument: -Dcatalina.home=C:\Users\kana.katsumata\eclipse-workspace\TestWeb2\lib\apache-tomcat-9.0.10
28-Dec-2018 08:49:10.024 情報 [main] org.apache.catalina.startup.VersionLoggerListener.log Command line argument: -Djava.io.tmpdir=C:\Users\kana.katsumata\eclipse-workspace\TestWeb2\lib\apache-tomcat-9.0.10\temp
28-Dec-2018 08:49:10.024 情報 [main] org.apache.catalina.core.AprLifecycleListener.lifecycleEvent Loaded APR based Apache Tomcat Native library [1.2.17] using APR version [1.6.3].
28-Dec-2018 08:49:10.025 情報 [main] org.apache.catalina.core.AprLifecycleListener.lifecycleEvent APR capabilities: IPv6 [true], sendfile [true], accept filters [false], random [true].
28-Dec-2018 08:49:10.025 情報 [main] org.apache.catalina.core.AprLifecycleListener.lifecycleEvent APR/OpenSSL configuration: useAprConnector [false], useOpenSSL [true]
28-Dec-2018 08:49:11.110 情報 [main] org.apache.catalina.core.AprLifecycleListener.initializeSSL OpenSSL successfully initialized [OpenSSL 1.0.2o  27 Mar 2018]
28-Dec-2018 08:49:11.330 情報 [main] org.apache.coyote.AbstractProtocol.init Initializing ProtocolHandler ["http-nio-8080"]
28-Dec-2018 08:49:11.551 情報 [main] org.apache.tomcat.util.net.NioSelectorPool.getSharedSelector Using a shared selector for servlet write/read
28-Dec-2018 08:49:11.561 情報 [main] org.apache.coyote.AbstractProtocol.init Initializing ProtocolHandler ["ajp-nio-8009"]
28-Dec-2018 08:49:11.563 情報 [main] org.apache.tomcat.util.net.NioSelectorPool.getSharedSelector Using a shared selector for servlet write/read
28-Dec-2018 08:49:11.564 情報 [main] org.apache.catalina.startup.Catalina.load Initialization processed in 2225 ms
28-Dec-2018 08:49:11.608 情報 [main] org.apache.catalina.core.StandardService.startInternal サービス [Catalina] を起動します
28-Dec-2018 08:49:11.608 情報 [main] org.apache.catalina.core.StandardEngine.startInternal Starting Servlet Engine: Apache Tomcat/9.0.10
28-Dec-2018 08:49:11.624 情報 [main] org.apache.catalina.startup.HostConfig.deployDescriptor 設定記述子 [C:\Users\kana.katsumata\eclipse-workspace\TestWeb2\lib\apache-tomcat-9.0.10\conf\Catalina\localhost\ADSPSearch.xml] を配備します
28-Dec-2018 08:49:11.671 警告 [main] org.apache.catalina.startup.HostConfig.deployDescriptor The path attribute with value [/ADSPSearch] in deployment descriptor [C:\Users\kana.katsumata\eclipse-workspace\TestWeb2\lib\apache-tomcat-9.0.10\conf\Catalina\localhost\ADSPSearch.xml] has been ignored
28-Dec-2018 08:49:16.401 情報 [main] org.apache.jasper.servlet.TldScanner.scanJars At least one JAR was scanned for TLDs yet contained no TLDs. Enable debug logging for this logger for a complete list of JARs that were scanned but no TLDs were found in them. Skipping unneeded JARs during scanning can improve startup time and JSP compilation time.
28-Dec-2018 08:49:16.512 情報 [main] org.apache.catalina.startup.HostConfig.deployDescriptor Deployment of deployment descriptor [C:\Users\kana.katsumata\eclipse-workspace\TestWeb2\lib\apache-tomcat-9.0.10\conf\Catalina\localhost\ADSPSearch.xml] has finished in [4,887] ms
28-Dec-2018 08:49:16.515 情報 [main] org.apache.catalina.startup.HostConfig.deployDescriptor 設定記述子 [C:\Users\kana.katsumata\eclipse-workspace\TestWeb2\lib\apache-tomcat-9.0.10\conf\Catalina\localhost\TestWeb2.xml] を配備します
28-Dec-2018 08:49:16.517 警告 [main] org.apache.catalina.startup.HostConfig.deployDescriptor The path attribute with value [/TestWeb2] in deployment descriptor [C:\Users\kana.katsumata\eclipse-workspace\TestWeb2\lib\apache-tomcat-9.0.10\conf\Catalina\localhost\TestWeb2.xml] has been ignored
28-Dec-2018 08:49:19.720 情報 [main] org.apache.jasper.servlet.TldScanner.scanJars At least one JAR was scanned for TLDs yet contained no TLDs. Enable debug logging for this logger for a complete list of JARs that were scanned but no TLDs were found in them. Skipping unneeded JARs during scanning can improve startup time and JSP compilation time.
28-Dec-2018 08:49:21.937 重大 [main] org.apache.catalina.core.StandardContext.startInternal One or more Filters failed to start. Full details will be found in the appropriate container log file
28-Dec-2018 08:49:21.938 重大 [main] org.apache.catalina.core.StandardContext.startInternal 以前のエラーのためにコンテキストの起動が失敗しました [/TestWeb2]
28-Dec-2018 08:49:21.951 情報 [main] org.apache.catalina.startup.HostConfig.deployDescriptor Deployment of deployment descriptor [C:\Users\kana.katsumata\eclipse-workspace\TestWeb2\lib\apache-tomcat-9.0.10\conf\Catalina\localhost\TestWeb2.xml] has finished in [5,436] ms
28-Dec-2018 08:49:21.952 情報 [main] org.apache.catalina.startup.HostConfig.deployDirectory Webアプリケーションディレクトリ [C:\Users\kana.katsumata\eclipse-workspace\TestWeb2\lib\apache-tomcat-9.0.10\webapps\docs] を配備します
28-Dec-2018 08:49:23.189 情報 [main] org.apache.catalina.startup.HostConfig.deployDirectory Deployment of web application directory [C:\Users\kana.katsumata\eclipse-workspace\TestWeb2\lib\apache-tomcat-9.0.10\webapps\docs] has finished in [1,237] ms
28-Dec-2018 08:49:23.198 情報 [main] org.apache.catalina.startup.HostConfig.deployDirectory Webアプリケーションディレクトリ [C:\Users\kana.katsumata\eclipse-workspace\TestWeb2\lib\apache-tomcat-9.0.10\webapps\examples] を配備します
28-Dec-2018 08:49:25.357 情報 [main] org.apache.catalina.startup.HostConfig.deployDirectory Deployment of web application directory [C:\Users\kana.katsumata\eclipse-workspace\TestWeb2\lib\apache-tomcat-9.0.10\webapps\examples] has finished in [2,159] ms
28-Dec-2018 08:49:25.360 情報 [main] org.apache.catalina.startup.HostConfig.deployDirectory Webアプリケーションディレクトリ [C:\Users\kana.katsumata\eclipse-workspace\TestWeb2\lib\apache-tomcat-9.0.10\webapps\host-manager] を配備します
28-Dec-2018 08:49:25.426 情報 [main] org.apache.catalina.startup.HostConfig.deployDirectory Deployment of web application directory [C:\Users\kana.katsumata\eclipse-workspace\TestWeb2\lib\apache-tomcat-9.0.10\webapps\host-manager] has finished in [67] ms
28-Dec-2018 08:49:25.438 情報 [main] org.apache.catalina.startup.HostConfig.deployDirectory Webアプリケーションディレクトリ [C:\Users\kana.katsumata\eclipse-workspace\TestWeb2\lib\apache-tomcat-9.0.10\webapps\manager] を配備します
28-Dec-2018 08:49:25.575 情報 [main] org.apache.catalina.startup.HostConfig.deployDirectory Deployment of web application directory [C:\Users\kana.katsumata\eclipse-workspace\TestWeb2\lib\apache-tomcat-9.0.10\webapps\manager] has finished in [137] ms
28-Dec-2018 08:49:25.575 情報 [main] org.apache.catalina.startup.HostConfig.deployDirectory Webアプリケーションディレクトリ [C:\Users\kana.katsumata\eclipse-workspace\TestWeb2\lib\apache-tomcat-9.0.10\webapps\ROOT] を配備します
28-Dec-2018 08:49:27.116 情報 [main] org.apache.catalina.startup.HostConfig.deployDirectory Deployment of web application directory [C:\Users\kana.katsumata\eclipse-workspace\TestWeb2\lib\apache-tomcat-9.0.10\webapps\ROOT] has finished in [1,541] ms
28-Dec-2018 08:49:27.123 情報 [main] org.apache.coyote.AbstractProtocol.start Starting ProtocolHandler ["http-nio-8080"]
28-Dec-2018 08:49:27.140 情報 [main] org.apache.coyote.AbstractProtocol.start Starting ProtocolHandler ["ajp-nio-8009"]
28-Dec-2018 08:49:27.145 情報 [main] org.apache.catalina.startup.Catalina.start Server startup in 15580 ms
28-Dec-2018 08:56:33.410 情報 [Thread-5] org.apache.coyote.AbstractProtocol.pause Pausing ProtocolHandler ["http-nio-8080"]
28-Dec-2018 08:56:33.569 情報 [Thread-5] org.apache.coyote.AbstractProtocol.pause Pausing ProtocolHandler ["ajp-nio-8009"]
28-Dec-2018 08:56:33.665 情報 [Thread-5] org.apache.catalina.core.StandardService.stopInternal サービス [Catalina] を停止します
28-Dec-2018 08:56:33.724 情報 [Thread-5] org.apache.coyote.AbstractProtocol.stop Stopping ProtocolHandler ["http-nio-8080"]
28-Dec-2018 08:56:33.730 情報 [Thread-5] org.apache.coyote.AbstractProtocol.stop Stopping ProtocolHandler ["ajp-nio-8009"]
28-Dec-2018 08:56:33.738 情報 [Thread-5] org.apache.coyote.AbstractProtocol.destroy Destroying ProtocolHandler ["http-nio-8080"]
28-Dec-2018 08:56:33.743 情報 [Thread-5] org.apache.coyote.AbstractProtocol.destroy Destroying ProtocolHandler ["ajp-nio-8009"]
28-Dec-2018 08:56:40.151 情報 [main] org.apache.catalina.startup.VersionLoggerListener.log Server version:        Apache Tomcat/9.0.10
28-Dec-2018 08:56:40.156 情報 [main] org.apache.catalina.startup.VersionLoggerListener.log Server built:          Jun 20 2018 17:32:21 UTC
28-Dec-2018 08:56:40.156 情報 [main] org.apache.catalina.startup.VersionLoggerListener.log Server number:         9.0.10.0
28-Dec-2018 08:56:40.156 情報 [main] org.apache.catalina.startup.VersionLoggerListener.log OS Name:               Windows 10
28-Dec-2018 08:56:40.164 情報 [main] org.apache.catalina.startup.VersionLoggerListener.log OS Version:            10.0
28-Dec-2018 08:56:40.164 情報 [main] org.apache.catalina.startup.VersionLoggerListener.log Architecture:          amd64
28-Dec-2018 08:56:40.164 情報 [main] org.apache.catalina.startup.VersionLoggerListener.log Java Home:             C:\Users\kana.katsumata\eclipse-workspace\TestWeb2\jre
28-Dec-2018 08:56:40.165 情報 [main] org.apache.catalina.startup.VersionLoggerListener.log JVM Version:           1.8.0_191-b12
28-Dec-2018 08:56:40.166 情報 [main] org.apache.catalina.startup.VersionLoggerListener.log JVM Vendor:            Oracle Corporation
28-Dec-2018 08:56:40.168 情報 [main] org.apache.catalina.startup.VersionLoggerListener.log CATALINA_BASE:         C:\Users\kana.katsumata\eclipse-workspace\TestWeb2\lib\apache-tomcat-9.0.10
28-Dec-2018 08:56:40.168 情報 [main] org.apache.catalina.startup.VersionLoggerListener.log CATALINA_HOME:         C:\Users\kana.katsumata\eclipse-workspace\TestWeb2\lib\apache-tomcat-9.0.10
28-Dec-2018 08:56:40.169 情報 [main] org.apache.catalina.startup.VersionLoggerListener.log Command line argument: -Djava.util.logging.config.file=C:\Users\kana.katsumata\eclipse-workspace\TestWeb2\lib\apache-tomcat-9.0.10\conf\logging.properties
28-Dec-2018 08:56:40.170 情報 [main] org.apache.catalina.startup.VersionLoggerListener.log Command line argument: -Djava.util.logging.manager=org.apache.juli.ClassLoaderLogManager
28-Dec-2018 08:56:40.170 情報 [main] org.apache.catalina.startup.VersionLoggerListener.log Command line argument: -Djdk.tls.ephemeralDHKeySize=2048
28-Dec-2018 08:56:40.171 情報 [main] org.apache.catalina.startup.VersionLoggerListener.log Command line argument: -Djava.protocol.handler.pkgs=org.apache.catalina.webresources
28-Dec-2018 08:56:40.172 情報 [main] org.apache.catalina.startup.VersionLoggerListener.log Command line argument: -Dignore.endorsed.dirs=
28-Dec-2018 08:56:40.174 情報 [main] org.apache.catalina.startup.VersionLoggerListener.log Command line argument: -Dcatalina.base=C:\Users\kana.katsumata\eclipse-workspace\TestWeb2\lib\apache-tomcat-9.0.10
28-Dec-2018 08:56:40.176 情報 [main] org.apache.catalina.startup.VersionLoggerListener.log Command line argument: -Dcatalina.home=C:\Users\kana.katsumata\eclipse-workspace\TestWeb2\lib\apache-tomcat-9.0.10
28-Dec-2018 08:56:40.177 情報 [main] org.apache.catalina.startup.VersionLoggerListener.log Command line argument: -Djava.io.tmpdir=C:\Users\kana.katsumata\eclipse-workspace\TestWeb2\lib\apache-tomcat-9.0.10\temp
28-Dec-2018 08:56:40.178 情報 [main] org.apache.catalina.core.AprLifecycleListener.lifecycleEvent Loaded APR based Apache Tomcat Native library [1.2.17] using APR version [1.6.3].
28-Dec-2018 08:56:40.180 情報 [main] org.apache.catalina.core.AprLifecycleListener.lifecycleEvent APR capabilities: IPv6 [true], sendfile [true], accept filters [false], random [true].
28-Dec-2018 08:56:40.181 情報 [main] org.apache.catalina.core.AprLifecycleListener.lifecycleEvent APR/OpenSSL configuration: useAprConnector [false], useOpenSSL [true]
28-Dec-2018 08:56:41.258 情報 [main] org.apache.catalina.core.AprLifecycleListener.initializeSSL OpenSSL successfully initialized [OpenSSL 1.0.2o  27 Mar 2018]
28-Dec-2018 08:56:41.467 情報 [main] org.apache.coyote.AbstractProtocol.init Initializing ProtocolHandler ["http-nio-8080"]
28-Dec-2018 08:56:41.619 情報 [main] org.apache.tomcat.util.net.NioSelectorPool.getSharedSelector Using a shared selector for servlet write/read
28-Dec-2018 08:56:41.630 情報 [main] org.apache.coyote.AbstractProtocol.init Initializing ProtocolHandler ["ajp-nio-8009"]
28-Dec-2018 08:56:41.633 情報 [main] org.apache.tomcat.util.net.NioSelectorPool.getSharedSelector Using a shared selector for servlet write/read
28-Dec-2018 08:56:41.634 情報 [main] org.apache.catalina.startup.Catalina.load Initialization processed in 2135 ms
28-Dec-2018 08:56:41.684 情報 [main] org.apache.catalina.core.StandardService.startInternal サービス [Catalina] を起動します
28-Dec-2018 08:56:41.685 情報 [main] org.apache.catalina.core.StandardEngine.startInternal Starting Servlet Engine: Apache Tomcat/9.0.10
28-Dec-2018 08:56:41.702 情報 [main] org.apache.catalina.startup.HostConfig.deployDescriptor 設定記述子 [C:\Users\kana.katsumata\eclipse-workspace\TestWeb2\lib\apache-tomcat-9.0.10\conf\Catalina\localhost\ADSPSearch.xml] を配備します
28-Dec-2018 08:56:41.751 警告 [main] org.apache.catalina.startup.HostConfig.deployDescriptor The path attribute with value [/ADSPSearch] in deployment descriptor [C:\Users\kana.katsumata\eclipse-workspace\TestWeb2\lib\apache-tomcat-9.0.10\conf\Catalina\localhost\ADSPSearch.xml] has been ignored
28-Dec-2018 08:56:45.442 情報 [main] org.apache.jasper.servlet.TldScanner.scanJars At least one JAR was scanned for TLDs yet contained no TLDs. Enable debug logging for this logger for a complete list of JARs that were scanned but no TLDs were found in them. Skipping unneeded JARs during scanning can improve startup time and JSP compilation time.
28-Dec-2018 08:56:45.531 情報 [main] org.apache.catalina.startup.HostConfig.deployDescriptor Deployment of deployment descriptor [C:\Users\kana.katsumata\eclipse-workspace\TestWeb2\lib\apache-tomcat-9.0.10\conf\Catalina\localhost\ADSPSearch.xml] has finished in [3,827] ms
28-Dec-2018 08:56:45.536 情報 [main] org.apache.catalina.startup.HostConfig.deployDescriptor 設定記述子 [C:\Users\kana.katsumata\eclipse-workspace\TestWeb2\lib\apache-tomcat-9.0.10\conf\Catalina\localhost\TestWeb2.xml] を配備します
28-Dec-2018 08:56:45.542 警告 [main] org.apache.catalina.startup.HostConfig.deployDescriptor The path attribute with value [/TestWeb2] in deployment descriptor [C:\Users\kana.katsumata\eclipse-workspace\TestWeb2\lib\apache-tomcat-9.0.10\conf\Catalina\localhost\TestWeb2.xml] has been ignored
28-Dec-2018 08:56:48.548 情報 [main] org.apache.jasper.servlet.TldScanner.scanJars At least one JAR was scanned for TLDs yet contained no TLDs. Enable debug logging for this logger for a complete list of JARs that were scanned but no TLDs were found in them. Skipping unneeded JARs during scanning can improve startup time and JSP compilation time.
28-Dec-2018 08:56:51.414 重大 [main] org.apache.catalina.core.StandardContext.startInternal One or more Filters failed to start. Full details will be found in the appropriate container log file
28-Dec-2018 08:56:51.415 重大 [main] org.apache.catalina.core.StandardContext.startInternal 以前のエラーのためにコンテキストの起動が失敗しました [/TestWeb2]
28-Dec-2018 08:56:51.434 情報 [main] org.apache.catalina.startup.HostConfig.deployDescriptor Deployment of deployment descriptor [C:\Users\kana.katsumata\eclipse-workspace\TestWeb2\lib\apache-tomcat-9.0.10\conf\Catalina\localhost\TestWeb2.xml] has finished in [5,898] ms
28-Dec-2018 08:56:51.442 情報 [main] org.apache.catalina.startup.HostConfig.deployDirectory Webアプリケーションディレクトリ [C:\Users\kana.katsumata\eclipse-workspace\TestWeb2\lib\apache-tomcat-9.0.10\webapps\docs] を配備します
28-Dec-2018 08:56:52.902 情報 [main] org.apache.catalina.startup.HostConfig.deployDirectory Deployment of web application directory [C:\Users\kana.katsumata\eclipse-workspace\TestWeb2\lib\apache-tomcat-9.0.10\webapps\docs] has finished in [1,460] ms
28-Dec-2018 08:56:52.902 情報 [main] org.apache.catalina.startup.HostConfig.deployDirectory Webアプリケーションディレクトリ [C:\Users\kana.katsumata\eclipse-workspace\TestWeb2\lib\apache-tomcat-9.0.10\webapps\examples] を配備します
28-Dec-2018 08:56:55.122 情報 [main] org.apache.catalina.startup.HostConfig.deployDirectory Deployment of web application directory [C:\Users\kana.katsumata\eclipse-workspace\TestWeb2\lib\apache-tomcat-9.0.10\webapps\examples] has finished in [2,220] ms
28-Dec-2018 08:56:55.148 情報 [main] org.apache.catalina.startup.HostConfig.deployDirectory Webアプリケーションディレクトリ [C:\Users\kana.katsumata\eclipse-workspace\TestWeb2\lib\apache-tomcat-9.0.10\webapps\host-manager] を配備します
28-Dec-2018 08:56:55.276 情報 [main] org.apache.catalina.startup.HostConfig.deployDirectory Deployment of web application directory [C:\Users\kana.katsumata\eclipse-workspace\TestWeb2\lib\apache-tomcat-9.0.10\webapps\host-manager] has finished in [128] ms
28-Dec-2018 08:56:55.287 情報 [main] org.apache.catalina.startup.HostConfig.deployDirectory Webアプリケーションディレクトリ [C:\Users\kana.katsumata\eclipse-workspace\TestWeb2\lib\apache-tomcat-9.0.10\webapps\manager] を配備します
28-Dec-2018 08:56:55.370 情報 [main] org.apache.catalina.startup.HostConfig.deployDirectory Deployment of web application directory [C:\Users\kana.katsumata\eclipse-workspace\TestWeb2\lib\apache-tomcat-9.0.10\webapps\manager] has finished in [82] ms
28-Dec-2018 08:56:55.381 情報 [main] org.apache.catalina.startup.HostConfig.deployDirectory Webアプリケーションディレクトリ [C:\Users\kana.katsumata\eclipse-workspace\TestWeb2\lib\apache-tomcat-9.0.10\webapps\ROOT] を配備します
28-Dec-2018 08:56:56.783 情報 [main] org.apache.catalina.startup.HostConfig.deployDirectory Deployment of web application directory [C:\Users\kana.katsumata\eclipse-workspace\TestWeb2\lib\apache-tomcat-9.0.10\webapps\ROOT] has finished in [1,402] ms
28-Dec-2018 08:56:56.788 情報 [main] org.apache.coyote.AbstractProtocol.start Starting ProtocolHandler ["http-nio-8080"]
28-Dec-2018 08:56:56.805 情報 [main] org.apache.coyote.AbstractProtocol.start Starting ProtocolHandler ["ajp-nio-8009"]
28-Dec-2018 08:56:56.817 情報 [main] org.apache.catalina.startup.Catalina.start Server startup in 15182 ms
28-Dec-2018 09:09:43.961 情報 [Thread-5] org.apache.coyote.AbstractProtocol.pause Pausing ProtocolHandler ["http-nio-8080"]
28-Dec-2018 09:09:44.123 情報 [Thread-5] org.apache.coyote.AbstractProtocol.pause Pausing ProtocolHandler ["ajp-nio-8009"]
28-Dec-2018 09:09:44.282 情報 [Thread-5] org.apache.catalina.core.StandardService.stopInternal サービス [Catalina] を停止します
28-Dec-2018 09:09:44.350 情報 [Thread-5] org.apache.coyote.AbstractProtocol.stop Stopping ProtocolHandler ["http-nio-8080"]
28-Dec-2018 09:09:44.357 情報 [Thread-5] org.apache.coyote.AbstractProtocol.stop Stopping ProtocolHandler ["ajp-nio-8009"]
28-Dec-2018 09:09:44.364 情報 [Thread-5] org.apache.coyote.AbstractProtocol.destroy Destroying ProtocolHandler ["http-nio-8080"]
28-Dec-2018 09:09:44.368 情報 [Thread-5] org.apache.coyote.AbstractProtocol.destroy Destroying ProtocolHandler ["ajp-nio-8009"]
28-Dec-2018 09:09:51.459 情報 [main] org.apache.catalina.startup.VersionLoggerListener.log Server version:        Apache Tomcat/9.0.10
28-Dec-2018 09:09:51.466 情報 [main] org.apache.catalina.startup.VersionLoggerListener.log Server built:          Jun 20 2018 17:32:21 UTC
28-Dec-2018 09:09:51.466 情報 [main] org.apache.catalina.startup.VersionLoggerListener.log Server number:         9.0.10.0
28-Dec-2018 09:09:51.466 情報 [main] org.apache.catalina.startup.VersionLoggerListener.log OS Name:               Windows 10
28-Dec-2018 09:09:51.466 情報 [main] org.apache.catalina.startup.VersionLoggerListener.log OS Version:            10.0
28-Dec-2018 09:09:51.467 情報 [main] org.apache.catalina.startup.VersionLoggerListener.log Architecture:          amd64
28-Dec-2018 09:09:51.467 情報 [main] org.apache.catalina.startup.VersionLoggerListener.log Java Home:             C:\Users\kana.katsumata\eclipse-workspace\TestWeb2\jre
28-Dec-2018 09:09:51.467 情報 [main] org.apache.catalina.startup.VersionLoggerListener.log JVM Version:           1.8.0_191-b12
28-Dec-2018 09:09:51.467 情報 [main] org.apache.catalina.startup.VersionLoggerListener.log JVM Vendor:            Oracle Corporation
28-Dec-2018 09:09:51.467 情報 [main] org.apache.catalina.startup.VersionLoggerListener.log CATALINA_BASE:         C:\Users\kana.katsumata\eclipse-workspace\TestWeb2\lib\apache-tomcat-9.0.10
28-Dec-2018 09:09:51.468 情報 [main] org.apache.catalina.startup.VersionLoggerListener.log CATALINA_HOME:         C:\Users\kana.katsumata\eclipse-workspace\TestWeb2\lib\apache-tomcat-9.0.10
28-Dec-2018 09:09:51.468 情報 [main] org.apache.catalina.startup.VersionLoggerListener.log Command line argument: -Djava.util.logging.config.file=C:\Users\kana.katsumata\eclipse-workspace\TestWeb2\lib\apache-tomcat-9.0.10\conf\logging.properties
28-Dec-2018 09:09:51.469 情報 [main] org.apache.catalina.startup.VersionLoggerListener.log Command line argument: -Djava.util.logging.manager=org.apache.juli.ClassLoaderLogManager
28-Dec-2018 09:09:51.470 情報 [main] org.apache.catalina.startup.VersionLoggerListener.log Command line argument: -Djdk.tls.ephemeralDHKeySize=2048
28-Dec-2018 09:09:51.475 情報 [main] org.apache.catalina.startup.VersionLoggerListener.log Command line argument: -Djava.protocol.handler.pkgs=org.apache.catalina.webresources
28-Dec-2018 09:09:51.477 情報 [main] org.apache.catalina.startup.VersionLoggerListener.log Command line argument: -Dignore.endorsed.dirs=
28-Dec-2018 09:09:51.478 情報 [main] org.apache.catalina.startup.VersionLoggerListener.log Command line argument: -Dcatalina.base=C:\Users\kana.katsumata\eclipse-workspace\TestWeb2\lib\apache-tomcat-9.0.10
28-Dec-2018 09:09:51.479 情報 [main] org.apache.catalina.startup.VersionLoggerListener.log Command line argument: -Dcatalina.home=C:\Users\kana.katsumata\eclipse-workspace\TestWeb2\lib\apache-tomcat-9.0.10
28-Dec-2018 09:09:51.480 情報 [main] org.apache.catalina.startup.VersionLoggerListener.log Command line argument: -Djava.io.tmpdir=C:\Users\kana.katsumata\eclipse-workspace\TestWeb2\lib\apache-tomcat-9.0.10\temp
28-Dec-2018 09:09:51.480 情報 [main] org.apache.catalina.core.AprLifecycleListener.lifecycleEvent Loaded APR based Apache Tomcat Native library [1.2.17] using APR version [1.6.3].
28-Dec-2018 09:09:51.481 情報 [main] org.apache.catalina.core.AprLifecycleListener.lifecycleEvent APR capabilities: IPv6 [true], sendfile [true], accept filters [false], random [true].
28-Dec-2018 09:09:51.482 情報 [main] org.apache.catalina.core.AprLifecycleListener.lifecycleEvent APR/OpenSSL configuration: useAprConnector [false], useOpenSSL [true]
28-Dec-2018 09:09:52.592 情報 [main] org.apache.catalina.core.AprLifecycleListener.initializeSSL OpenSSL successfully initialized [OpenSSL 1.0.2o  27 Mar 2018]
28-Dec-2018 09:09:52.823 情報 [main] org.apache.coyote.AbstractProtocol.init Initializing ProtocolHandler ["http-nio-8080"]
28-Dec-2018 09:09:53.027 情報 [main] org.apache.tomcat.util.net.NioSelectorPool.getSharedSelector Using a shared selector for servlet write/read
28-Dec-2018 09:09:53.041 情報 [main] org.apache.coyote.AbstractProtocol.init Initializing ProtocolHandler ["ajp-nio-8009"]
28-Dec-2018 09:09:53.043 情報 [main] org.apache.tomcat.util.net.NioSelectorPool.getSharedSelector Using a shared selector for servlet write/read
28-Dec-2018 09:09:53.044 情報 [main] org.apache.catalina.startup.Catalina.load Initialization processed in 2464 ms
28-Dec-2018 09:09:53.096 情報 [main] org.apache.catalina.core.StandardService.startInternal サービス [Catalina] を起動します
28-Dec-2018 09:09:53.096 情報 [main] org.apache.catalina.core.StandardEngine.startInternal Starting Servlet Engine: Apache Tomcat/9.0.10
28-Dec-2018 09:09:53.114 情報 [main] org.apache.catalina.startup.HostConfig.deployDescriptor 設定記述子 [C:\Users\kana.katsumata\eclipse-workspace\TestWeb2\lib\apache-tomcat-9.0.10\conf\Catalina\localhost\ADSPSearch.xml] を配備します
28-Dec-2018 09:09:53.178 警告 [main] org.apache.catalina.startup.HostConfig.deployDescriptor The path attribute with value [/ADSPSearch] in deployment descriptor [C:\Users\kana.katsumata\eclipse-workspace\TestWeb2\lib\apache-tomcat-9.0.10\conf\Catalina\localhost\ADSPSearch.xml] has been ignored
28-Dec-2018 09:09:56.814 情報 [main] org.apache.jasper.servlet.TldScanner.scanJars At least one JAR was scanned for TLDs yet contained no TLDs. Enable debug logging for this logger for a complete list of JARs that were scanned but no TLDs were found in them. Skipping unneeded JARs during scanning can improve startup time and JSP compilation time.
28-Dec-2018 09:09:56.971 情報 [main] org.apache.catalina.startup.HostConfig.deployDescriptor Deployment of deployment descriptor [C:\Users\kana.katsumata\eclipse-workspace\TestWeb2\lib\apache-tomcat-9.0.10\conf\Catalina\localhost\ADSPSearch.xml] has finished in [3,856] ms
28-Dec-2018 09:09:56.983 情報 [main] org.apache.catalina.startup.HostConfig.deployDescriptor 設定記述子 [C:\Users\kana.katsumata\eclipse-workspace\TestWeb2\lib\apache-tomcat-9.0.10\conf\Catalina\localhost\TestWeb2.xml] を配備します
28-Dec-2018 09:09:57.016 警告 [main] org.apache.catalina.startup.HostConfig.deployDescriptor The path attribute with value [/TestWeb2] in deployment descriptor [C:\Users\kana.katsumata\eclipse-workspace\TestWeb2\lib\apache-tomcat-9.0.10\conf\Catalina\localhost\TestWeb2.xml] has been ignored
28-Dec-2018 09:10:00.899 情報 [main] org.apache.jasper.servlet.TldScanner.scanJars At least one JAR was scanned for TLDs yet contained no TLDs. Enable debug logging for this logger for a complete list of JARs that were scanned but no TLDs were found in them. Skipping unneeded JARs during scanning can improve startup time and JSP compilation time.
28-Dec-2018 09:10:03.758 情報 [main] org.apache.catalina.startup.HostConfig.deployDescriptor Deployment of deployment descriptor [C:\Users\kana.katsumata\eclipse-workspace\TestWeb2\lib\apache-tomcat-9.0.10\conf\Catalina\localhost\TestWeb2.xml] has finished in [6,774] ms
28-Dec-2018 09:10:03.761 情報 [main] org.apache.catalina.startup.HostConfig.deployDirectory Webアプリケーションディレクトリ [C:\Users\kana.katsumata\eclipse-workspace\TestWeb2\lib\apache-tomcat-9.0.10\webapps\docs] を配備します
28-Dec-2018 09:10:05.225 情報 [main] org.apache.catalina.startup.HostConfig.deployDirectory Deployment of web application directory [C:\Users\kana.katsumata\eclipse-workspace\TestWeb2\lib\apache-tomcat-9.0.10\webapps\docs] has finished in [1,464] ms
28-Dec-2018 09:10:05.226 情報 [main] org.apache.catalina.startup.HostConfig.deployDirectory Webアプリケーションディレクトリ [C:\Users\kana.katsumata\eclipse-workspace\TestWeb2\lib\apache-tomcat-9.0.10\webapps\examples] を配備します
28-Dec-2018 09:10:07.453 情報 [main] org.apache.catalina.startup.HostConfig.deployDirectory Deployment of web application directory [C:\Users\kana.katsumata\eclipse-workspace\TestWeb2\lib\apache-tomcat-9.0.10\webapps\examples] has finished in [2,227] ms
28-Dec-2018 09:10:07.456 情報 [main] org.apache.catalina.startup.HostConfig.deployDirectory Webアプリケーションディレクトリ [C:\Users\kana.katsumata\eclipse-workspace\TestWeb2\lib\apache-tomcat-9.0.10\webapps\host-manager] を配備します
28-Dec-2018 09:10:07.525 情報 [main] org.apache.catalina.startup.HostConfig.deployDirectory Deployment of web application directory [C:\Users\kana.katsumata\eclipse-workspace\TestWeb2\lib\apache-tomcat-9.0.10\webapps\host-manager] has finished in [70] ms
28-Dec-2018 09:10:07.530 情報 [main] org.apache.catalina.startup.HostConfig.deployDirectory Webアプリケーションディレクトリ [C:\Users\kana.katsumata\eclipse-workspace\TestWeb2\lib\apache-tomcat-9.0.10\webapps\manager] を配備します
28-Dec-2018 09:10:07.598 情報 [main] org.apache.catalina.startup.HostConfig.deployDirectory Deployment of web application directory [C:\Users\kana.katsumata\eclipse-workspace\TestWeb2\lib\apache-tomcat-9.0.10\webapps\manager] has finished in [69] ms
28-Dec-2018 09:10:07.603 情報 [main] org.apache.catalina.startup.HostConfig.deployDirectory Webアプリケーションディレクトリ [C:\Users\kana.katsumata\eclipse-workspace\TestWeb2\lib\apache-tomcat-9.0.10\webapps\ROOT] を配備します
28-Dec-2018 09:10:09.417 情報 [main] org.apache.catalina.startup.HostConfig.deployDirectory Deployment of web application directory [C:\Users\kana.katsumata\eclipse-workspace\TestWeb2\lib\apache-tomcat-9.0.10\webapps\ROOT] has finished in [1,814] ms
28-Dec-2018 09:10:09.426 情報 [main] org.apache.coyote.AbstractProtocol.start Starting ProtocolHandler ["http-nio-8080"]
28-Dec-2018 09:10:09.468 情報 [main] org.apache.coyote.AbstractProtocol.start Starting ProtocolHandler ["ajp-nio-8009"]
28-Dec-2018 09:10:09.479 情報 [main] org.apache.catalina.startup.Catalina.start Server startup in 16435 ms
28-Dec-2018 13:14:47.084 情報 [Thread-5] org.apache.coyote.AbstractProtocol.pause Pausing ProtocolHandler ["http-nio-8080"]
28-Dec-2018 13:14:47.290 情報 [Thread-5] org.apache.coyote.AbstractProtocol.pause Pausing ProtocolHandler ["ajp-nio-8009"]
28-Dec-2018 13:14:47.429 情報 [Thread-5] org.apache.catalina.core.StandardService.stopInternal サービス [Catalina] を停止します
28-Dec-2018 13:14:47.598 情報 [Thread-5] org.apache.coyote.AbstractProtocol.stop Stopping ProtocolHandler ["http-nio-8080"]
28-Dec-2018 13:14:47.615 情報 [Thread-5] org.apache.coyote.AbstractProtocol.stop Stopping ProtocolHandler ["ajp-nio-8009"]
28-Dec-2018 13:14:47.619 情報 [Thread-5] org.apache.coyote.AbstractProtocol.destroy Destroying ProtocolHandler ["http-nio-8080"]
28-Dec-2018 13:14:47.621 情報 [Thread-5] org.apache.coyote.AbstractProtocol.destroy Destroying ProtocolHandler ["ajp-nio-8009"]
