29-Dec-2018 14:33:10.408 情報 [main] org.apache.catalina.startup.VersionLoggerListener.log Server version:        Apache Tomcat/9.0.10
29-Dec-2018 14:33:10.424 情報 [main] org.apache.catalina.startup.VersionLoggerListener.log Server built:          Jun 20 2018 17:32:21 UTC
29-Dec-2018 14:33:10.432 情報 [main] org.apache.catalina.startup.VersionLoggerListener.log Server number:         9.0.10.0
29-Dec-2018 14:33:10.433 情報 [main] org.apache.catalina.startup.VersionLoggerListener.log OS Name:               Windows 10
29-Dec-2018 14:33:10.433 情報 [main] org.apache.catalina.startup.VersionLoggerListener.log OS Version:            10.0
29-Dec-2018 14:33:10.433 情報 [main] org.apache.catalina.startup.VersionLoggerListener.log Architecture:          amd64
29-Dec-2018 14:33:10.433 情報 [main] org.apache.catalina.startup.VersionLoggerListener.log Java Home:             C:\Users\kana.katsumata\eclipse-workspace\TestWeb2\jre
29-Dec-2018 14:33:10.434 情報 [main] org.apache.catalina.startup.VersionLoggerListener.log JVM Version:           1.8.0_191-b12
29-Dec-2018 14:33:10.434 情報 [main] org.apache.catalina.startup.VersionLoggerListener.log JVM Vendor:            Oracle Corporation
29-Dec-2018 14:33:10.435 情報 [main] org.apache.catalina.startup.VersionLoggerListener.log CATALINA_BASE:         C:\Users\kana.katsumata\eclipse-workspace\TestWeb2\lib\apache-tomcat-9.0.10
29-Dec-2018 14:33:10.440 情報 [main] org.apache.catalina.startup.VersionLoggerListener.log CATALINA_HOME:         C:\Users\kana.katsumata\eclipse-workspace\TestWeb2\lib\apache-tomcat-9.0.10
29-Dec-2018 14:33:10.440 情報 [main] org.apache.catalina.startup.VersionLoggerListener.log Command line argument: -Djava.util.logging.config.file=C:\Users\kana.katsumata\eclipse-workspace\TestWeb2\lib\apache-tomcat-9.0.10\conf\logging.properties
29-Dec-2018 14:33:10.441 情報 [main] org.apache.catalina.startup.VersionLoggerListener.log Command line argument: -Djava.util.logging.manager=org.apache.juli.ClassLoaderLogManager
29-Dec-2018 14:33:10.441 情報 [main] org.apache.catalina.startup.VersionLoggerListener.log Command line argument: -Djdk.tls.ephemeralDHKeySize=2048
29-Dec-2018 14:33:10.441 情報 [main] org.apache.catalina.startup.VersionLoggerListener.log Command line argument: -Djava.protocol.handler.pkgs=org.apache.catalina.webresources
29-Dec-2018 14:33:10.442 情報 [main] org.apache.catalina.startup.VersionLoggerListener.log Command line argument: -Dignore.endorsed.dirs=
29-Dec-2018 14:33:10.443 情報 [main] org.apache.catalina.startup.VersionLoggerListener.log Command line argument: -Dcatalina.base=C:\Users\kana.katsumata\eclipse-workspace\TestWeb2\lib\apache-tomcat-9.0.10
29-Dec-2018 14:33:10.444 情報 [main] org.apache.catalina.startup.VersionLoggerListener.log Command line argument: -Dcatalina.home=C:\Users\kana.katsumata\eclipse-workspace\TestWeb2\lib\apache-tomcat-9.0.10
29-Dec-2018 14:33:10.444 情報 [main] org.apache.catalina.startup.VersionLoggerListener.log Command line argument: -Djava.io.tmpdir=C:\Users\kana.katsumata\eclipse-workspace\TestWeb2\lib\apache-tomcat-9.0.10\temp
29-Dec-2018 14:33:10.445 情報 [main] org.apache.catalina.core.AprLifecycleListener.lifecycleEvent Loaded APR based Apache Tomcat Native library [1.2.17] using APR version [1.6.3].
29-Dec-2018 14:33:10.446 情報 [main] org.apache.catalina.core.AprLifecycleListener.lifecycleEvent APR capabilities: IPv6 [true], sendfile [true], accept filters [false], random [true].
29-Dec-2018 14:33:10.447 情報 [main] org.apache.catalina.core.AprLifecycleListener.lifecycleEvent APR/OpenSSL configuration: useAprConnector [false], useOpenSSL [true]
29-Dec-2018 14:33:11.557 情報 [main] org.apache.catalina.core.AprLifecycleListener.initializeSSL OpenSSL successfully initialized [OpenSSL 1.0.2o  27 Mar 2018]
29-Dec-2018 14:33:12.123 情報 [main] org.apache.coyote.AbstractProtocol.init Initializing ProtocolHandler ["http-nio-8080"]
29-Dec-2018 14:33:12.269 情報 [main] org.apache.tomcat.util.net.NioSelectorPool.getSharedSelector Using a shared selector for servlet write/read
29-Dec-2018 14:33:12.287 情報 [main] org.apache.coyote.AbstractProtocol.init Initializing ProtocolHandler ["ajp-nio-8009"]
29-Dec-2018 14:33:12.290 情報 [main] org.apache.tomcat.util.net.NioSelectorPool.getSharedSelector Using a shared selector for servlet write/read
29-Dec-2018 14:33:12.291 情報 [main] org.apache.catalina.startup.Catalina.load Initialization processed in 2592 ms
29-Dec-2018 14:33:12.352 情報 [main] org.apache.catalina.core.StandardService.startInternal サービス [Catalina] を起動します
29-Dec-2018 14:33:12.353 情報 [main] org.apache.catalina.core.StandardEngine.startInternal Starting Servlet Engine: Apache Tomcat/9.0.10
29-Dec-2018 14:33:12.382 情報 [main] org.apache.catalina.startup.HostConfig.deployDescriptor 設定記述子 [C:\Users\kana.katsumata\eclipse-workspace\TestWeb2\lib\apache-tomcat-9.0.10\conf\Catalina\localhost\ADSPSearch.xml] を配備します
29-Dec-2018 14:33:12.430 警告 [main] org.apache.catalina.startup.HostConfig.deployDescriptor The path attribute with value [/ADSPSearch] in deployment descriptor [C:\Users\kana.katsumata\eclipse-workspace\TestWeb2\lib\apache-tomcat-9.0.10\conf\Catalina\localhost\ADSPSearch.xml] has been ignored
29-Dec-2018 14:33:17.660 情報 [main] org.apache.jasper.servlet.TldScanner.scanJars At least one JAR was scanned for TLDs yet contained no TLDs. Enable debug logging for this logger for a complete list of JARs that were scanned but no TLDs were found in them. Skipping unneeded JARs during scanning can improve startup time and JSP compilation time.
29-Dec-2018 14:33:17.856 情報 [main] org.apache.catalina.startup.HostConfig.deployDescriptor Deployment of deployment descriptor [C:\Users\kana.katsumata\eclipse-workspace\TestWeb2\lib\apache-tomcat-9.0.10\conf\Catalina\localhost\ADSPSearch.xml] has finished in [5,472] ms
29-Dec-2018 14:33:17.877 情報 [main] org.apache.catalina.startup.HostConfig.deployDescriptor 設定記述子 [C:\Users\kana.katsumata\eclipse-workspace\TestWeb2\lib\apache-tomcat-9.0.10\conf\Catalina\localhost\TestWeb2.xml] を配備します
29-Dec-2018 14:33:17.915 警告 [main] org.apache.catalina.startup.HostConfig.deployDescriptor The path attribute with value [/TestWeb2] in deployment descriptor [C:\Users\kana.katsumata\eclipse-workspace\TestWeb2\lib\apache-tomcat-9.0.10\conf\Catalina\localhost\TestWeb2.xml] has been ignored
29-Dec-2018 14:33:20.707 情報 [main] org.apache.jasper.servlet.TldScanner.scanJars At least one JAR was scanned for TLDs yet contained no TLDs. Enable debug logging for this logger for a complete list of JARs that were scanned but no TLDs were found in them. Skipping unneeded JARs during scanning can improve startup time and JSP compilation time.
29-Dec-2018 14:33:23.098 情報 [main] org.apache.catalina.startup.HostConfig.deployDescriptor Deployment of deployment descriptor [C:\Users\kana.katsumata\eclipse-workspace\TestWeb2\lib\apache-tomcat-9.0.10\conf\Catalina\localhost\TestWeb2.xml] has finished in [5,220] ms
29-Dec-2018 14:33:23.099 情報 [main] org.apache.catalina.startup.HostConfig.deployDirectory Webアプリケーションディレクトリ [C:\Users\kana.katsumata\eclipse-workspace\TestWeb2\lib\apache-tomcat-9.0.10\webapps\docs] を配備します
29-Dec-2018 14:33:25.804 情報 [main] org.apache.jasper.servlet.TldScanner.scanJars At least one JAR was scanned for TLDs yet contained no TLDs. Enable debug logging for this logger for a complete list of JARs that were scanned but no TLDs were found in them. Skipping unneeded JARs during scanning can improve startup time and JSP compilation time.
29-Dec-2018 14:33:25.838 情報 [main] org.apache.catalina.startup.HostConfig.deployDirectory Deployment of web application directory [C:\Users\kana.katsumata\eclipse-workspace\TestWeb2\lib\apache-tomcat-9.0.10\webapps\docs] has finished in [2,739] ms
29-Dec-2018 14:33:25.867 情報 [main] org.apache.catalina.startup.HostConfig.deployDirectory Webアプリケーションディレクトリ [C:\Users\kana.katsumata\eclipse-workspace\TestWeb2\lib\apache-tomcat-9.0.10\webapps\examples] を配備します
29-Dec-2018 14:33:28.018 情報 [main] org.apache.jasper.servlet.TldScanner.scanJars At least one JAR was scanned for TLDs yet contained no TLDs. Enable debug logging for this logger for a complete list of JARs that were scanned but no TLDs were found in them. Skipping unneeded JARs during scanning can improve startup time and JSP compilation time.
29-Dec-2018 14:33:28.116 情報 [main] org.apache.catalina.startup.HostConfig.deployDirectory Deployment of web application directory [C:\Users\kana.katsumata\eclipse-workspace\TestWeb2\lib\apache-tomcat-9.0.10\webapps\examples] has finished in [2,249] ms
29-Dec-2018 14:33:28.119 情報 [main] org.apache.catalina.startup.HostConfig.deployDirectory Webアプリケーションディレクトリ [C:\Users\kana.katsumata\eclipse-workspace\TestWeb2\lib\apache-tomcat-9.0.10\webapps\host-manager] を配備します
29-Dec-2018 14:33:28.396 情報 [main] org.apache.jasper.servlet.TldScanner.scanJars At least one JAR was scanned for TLDs yet contained no TLDs. Enable debug logging for this logger for a complete list of JARs that were scanned but no TLDs were found in them. Skipping unneeded JARs during scanning can improve startup time and JSP compilation time.
29-Dec-2018 14:33:28.405 情報 [main] org.apache.catalina.startup.HostConfig.deployDirectory Deployment of web application directory [C:\Users\kana.katsumata\eclipse-workspace\TestWeb2\lib\apache-tomcat-9.0.10\webapps\host-manager] has finished in [286] ms
29-Dec-2018 14:33:28.406 情報 [main] org.apache.catalina.startup.HostConfig.deployDirectory Webアプリケーションディレクトリ [C:\Users\kana.katsumata\eclipse-workspace\TestWeb2\lib\apache-tomcat-9.0.10\webapps\manager] を配備します
29-Dec-2018 14:33:28.713 情報 [main] org.apache.jasper.servlet.TldScanner.scanJars At least one JAR was scanned for TLDs yet contained no TLDs. Enable debug logging for this logger for a complete list of JARs that were scanned but no TLDs were found in them. Skipping unneeded JARs during scanning can improve startup time and JSP compilation time.
29-Dec-2018 14:33:28.721 情報 [main] org.apache.catalina.startup.HostConfig.deployDirectory Deployment of web application directory [C:\Users\kana.katsumata\eclipse-workspace\TestWeb2\lib\apache-tomcat-9.0.10\webapps\manager] has finished in [315] ms
29-Dec-2018 14:33:28.722 情報 [main] org.apache.catalina.startup.HostConfig.deployDirectory Webアプリケーションディレクトリ [C:\Users\kana.katsumata\eclipse-workspace\TestWeb2\lib\apache-tomcat-9.0.10\webapps\ROOT] を配備します
29-Dec-2018 14:33:30.492 情報 [main] org.apache.jasper.servlet.TldScanner.scanJars At least one JAR was scanned for TLDs yet contained no TLDs. Enable debug logging for this logger for a complete list of JARs that were scanned but no TLDs were found in them. Skipping unneeded JARs during scanning can improve startup time and JSP compilation time.
29-Dec-2018 14:33:30.498 情報 [main] org.apache.catalina.startup.HostConfig.deployDirectory Deployment of web application directory [C:\Users\kana.katsumata\eclipse-workspace\TestWeb2\lib\apache-tomcat-9.0.10\webapps\ROOT] has finished in [1,775] ms
29-Dec-2018 14:33:30.505 情報 [main] org.apache.coyote.AbstractProtocol.start Starting ProtocolHandler ["http-nio-8080"]
29-Dec-2018 14:33:30.530 情報 [main] org.apache.coyote.AbstractProtocol.start Starting ProtocolHandler ["ajp-nio-8009"]
29-Dec-2018 14:33:30.544 情報 [main] org.apache.catalina.startup.Catalina.start Server startup in 18252 ms
29-Dec-2018 14:35:02.648 情報 [http-nio-8080-exec-2] org.apache.tomcat.util.http.parser.Cookie.logInvalidHeader A cookie header was received [[object HTMLTableElement]=hide; adscsrf=ea1edc8a-08be-4c94-b1e3-43358af37435; IS_ADMIN_LOGIN=true; CUSTOM_SSO_TICKET=1545889861514; CUSTOM_SSO_APP_TAG_NAME=ADSSP; APPS_PANE_LOADED=true; JSESSIONIDADSSP=2B7A72837718EDDE8F0981B4E24C6A32; JSESSIONIDSSO=8387791BB5C5AFC7F7200FF823273AD1] that contained an invalid cookie. That cookie will be ignored.Note: further occurrences of this error will be logged at DEBUG level.
29-Dec-2018 14:44:59.820 情報 [Thread-5] org.apache.coyote.AbstractProtocol.pause Pausing ProtocolHandler ["http-nio-8080"]
29-Dec-2018 14:45:00.258 情報 [Thread-5] org.apache.coyote.AbstractProtocol.pause Pausing ProtocolHandler ["ajp-nio-8009"]
29-Dec-2018 14:45:00.579 情報 [Thread-5] org.apache.catalina.core.StandardService.stopInternal サービス [Catalina] を停止します
29-Dec-2018 14:45:04.059 情報 [Thread-5] org.apache.coyote.AbstractProtocol.stop Stopping ProtocolHandler ["http-nio-8080"]
29-Dec-2018 14:45:04.108 情報 [Thread-5] org.apache.coyote.AbstractProtocol.stop Stopping ProtocolHandler ["ajp-nio-8009"]
29-Dec-2018 14:45:04.120 情報 [Thread-5] org.apache.coyote.AbstractProtocol.destroy Destroying ProtocolHandler ["http-nio-8080"]
29-Dec-2018 14:45:04.137 情報 [Thread-5] org.apache.coyote.AbstractProtocol.destroy Destroying ProtocolHandler ["ajp-nio-8009"]
29-Dec-2018 14:51:14.931 情報 [main] org.apache.catalina.startup.VersionLoggerListener.log Server version:        Apache Tomcat/9.0.10
29-Dec-2018 14:51:14.953 情報 [main] org.apache.catalina.startup.VersionLoggerListener.log Server built:          Jun 20 2018 17:32:21 UTC
29-Dec-2018 14:51:14.977 情報 [main] org.apache.catalina.startup.VersionLoggerListener.log Server number:         9.0.10.0
29-Dec-2018 14:51:14.978 情報 [main] org.apache.catalina.startup.VersionLoggerListener.log OS Name:               Windows 10
29-Dec-2018 14:51:14.980 情報 [main] org.apache.catalina.startup.VersionLoggerListener.log OS Version:            10.0
29-Dec-2018 14:51:14.981 情報 [main] org.apache.catalina.startup.VersionLoggerListener.log Architecture:          amd64
29-Dec-2018 14:51:14.982 情報 [main] org.apache.catalina.startup.VersionLoggerListener.log Java Home:             C:\Users\kana.katsumata\eclipse-workspace\TestWeb2\jre
29-Dec-2018 14:51:14.983 情報 [main] org.apache.catalina.startup.VersionLoggerListener.log JVM Version:           1.8.0_191-b12
29-Dec-2018 14:51:14.984 情報 [main] org.apache.catalina.startup.VersionLoggerListener.log JVM Vendor:            Oracle Corporation
29-Dec-2018 14:51:14.984 情報 [main] org.apache.catalina.startup.VersionLoggerListener.log CATALINA_BASE:         C:\Users\kana.katsumata\eclipse-workspace\TestWeb2\lib\apache-tomcat-9.0.10
29-Dec-2018 14:51:14.984 情報 [main] org.apache.catalina.startup.VersionLoggerListener.log CATALINA_HOME:         C:\Users\kana.katsumata\eclipse-workspace\TestWeb2\lib\apache-tomcat-9.0.10
29-Dec-2018 14:51:14.985 情報 [main] org.apache.catalina.startup.VersionLoggerListener.log Command line argument: -Djava.util.logging.config.file=C:\Users\kana.katsumata\eclipse-workspace\TestWeb2\lib\apache-tomcat-9.0.10\conf\logging.properties
29-Dec-2018 14:51:14.988 情報 [main] org.apache.catalina.startup.VersionLoggerListener.log Command line argument: -Djava.util.logging.manager=org.apache.juli.ClassLoaderLogManager
29-Dec-2018 14:51:14.990 情報 [main] org.apache.catalina.startup.VersionLoggerListener.log Command line argument: -Djdk.tls.ephemeralDHKeySize=2048
29-Dec-2018 14:51:14.992 情報 [main] org.apache.catalina.startup.VersionLoggerListener.log Command line argument: -Djava.protocol.handler.pkgs=org.apache.catalina.webresources
29-Dec-2018 14:51:14.992 情報 [main] org.apache.catalina.startup.VersionLoggerListener.log Command line argument: -Dignore.endorsed.dirs=
29-Dec-2018 14:51:14.993 情報 [main] org.apache.catalina.startup.VersionLoggerListener.log Command line argument: -Dcatalina.base=C:\Users\kana.katsumata\eclipse-workspace\TestWeb2\lib\apache-tomcat-9.0.10
29-Dec-2018 14:51:14.995 情報 [main] org.apache.catalina.startup.VersionLoggerListener.log Command line argument: -Dcatalina.home=C:\Users\kana.katsumata\eclipse-workspace\TestWeb2\lib\apache-tomcat-9.0.10
29-Dec-2018 14:51:14.997 情報 [main] org.apache.catalina.startup.VersionLoggerListener.log Command line argument: -Djava.io.tmpdir=C:\Users\kana.katsumata\eclipse-workspace\TestWeb2\lib\apache-tomcat-9.0.10\temp
29-Dec-2018 14:51:14.999 情報 [main] org.apache.catalina.core.AprLifecycleListener.lifecycleEvent Loaded APR based Apache Tomcat Native library [1.2.17] using APR version [1.6.3].
29-Dec-2018 14:51:15.006 情報 [main] org.apache.catalina.core.AprLifecycleListener.lifecycleEvent APR capabilities: IPv6 [true], sendfile [true], accept filters [false], random [true].
29-Dec-2018 14:51:15.007 情報 [main] org.apache.catalina.core.AprLifecycleListener.lifecycleEvent APR/OpenSSL configuration: useAprConnector [false], useOpenSSL [true]
29-Dec-2018 14:51:16.107 情報 [main] org.apache.catalina.core.AprLifecycleListener.initializeSSL OpenSSL successfully initialized [OpenSSL 1.0.2o  27 Mar 2018]
29-Dec-2018 14:51:16.414 情報 [main] org.apache.coyote.AbstractProtocol.init Initializing ProtocolHandler ["http-nio-8080"]
29-Dec-2018 14:51:16.589 情報 [main] org.apache.tomcat.util.net.NioSelectorPool.getSharedSelector Using a shared selector for servlet write/read
29-Dec-2018 14:51:16.609 情報 [main] org.apache.coyote.AbstractProtocol.init Initializing ProtocolHandler ["ajp-nio-8009"]
29-Dec-2018 14:51:16.616 情報 [main] org.apache.tomcat.util.net.NioSelectorPool.getSharedSelector Using a shared selector for servlet write/read
29-Dec-2018 14:51:16.617 情報 [main] org.apache.catalina.startup.Catalina.load Initialization processed in 2580 ms
29-Dec-2018 14:51:16.683 情報 [main] org.apache.catalina.core.StandardService.startInternal サービス [Catalina] を起動します
29-Dec-2018 14:51:16.684 情報 [main] org.apache.catalina.core.StandardEngine.startInternal Starting Servlet Engine: Apache Tomcat/9.0.10
29-Dec-2018 14:51:16.708 情報 [main] org.apache.catalina.startup.HostConfig.deployDescriptor 設定記述子 [C:\Users\kana.katsumata\eclipse-workspace\TestWeb2\lib\apache-tomcat-9.0.10\conf\Catalina\localhost\ADSPSearch.xml] を配備します
29-Dec-2018 14:51:16.763 警告 [main] org.apache.catalina.startup.HostConfig.deployDescriptor The path attribute with value [/ADSPSearch] in deployment descriptor [C:\Users\kana.katsumata\eclipse-workspace\TestWeb2\lib\apache-tomcat-9.0.10\conf\Catalina\localhost\ADSPSearch.xml] has been ignored
29-Dec-2018 14:51:23.446 情報 [main] org.apache.jasper.servlet.TldScanner.scanJars At least one JAR was scanned for TLDs yet contained no TLDs. Enable debug logging for this logger for a complete list of JARs that were scanned but no TLDs were found in them. Skipping unneeded JARs during scanning can improve startup time and JSP compilation time.
29-Dec-2018 14:51:23.594 情報 [main] org.apache.catalina.startup.HostConfig.deployDescriptor Deployment of deployment descriptor [C:\Users\kana.katsumata\eclipse-workspace\TestWeb2\lib\apache-tomcat-9.0.10\conf\Catalina\localhost\ADSPSearch.xml] has finished in [6,880] ms
29-Dec-2018 14:51:23.597 情報 [main] org.apache.catalina.startup.HostConfig.deployDescriptor 設定記述子 [C:\Users\kana.katsumata\eclipse-workspace\TestWeb2\lib\apache-tomcat-9.0.10\conf\Catalina\localhost\TestWeb2.xml] を配備します
29-Dec-2018 14:51:23.601 警告 [main] org.apache.catalina.startup.HostConfig.deployDescriptor The path attribute with value [/TestWeb2] in deployment descriptor [C:\Users\kana.katsumata\eclipse-workspace\TestWeb2\lib\apache-tomcat-9.0.10\conf\Catalina\localhost\TestWeb2.xml] has been ignored
29-Dec-2018 14:51:29.096 情報 [main] org.apache.jasper.servlet.TldScanner.scanJars At least one JAR was scanned for TLDs yet contained no TLDs. Enable debug logging for this logger for a complete list of JARs that were scanned but no TLDs were found in them. Skipping unneeded JARs during scanning can improve startup time and JSP compilation time.
29-Dec-2018 14:51:32.760 情報 [main] org.apache.catalina.startup.HostConfig.deployDescriptor Deployment of deployment descriptor [C:\Users\kana.katsumata\eclipse-workspace\TestWeb2\lib\apache-tomcat-9.0.10\conf\Catalina\localhost\TestWeb2.xml] has finished in [9,163] ms
29-Dec-2018 14:51:32.762 情報 [main] org.apache.catalina.startup.HostConfig.deployDirectory Webアプリケーションディレクトリ [C:\Users\kana.katsumata\eclipse-workspace\TestWeb2\lib\apache-tomcat-9.0.10\webapps\docs] を配備します
29-Dec-2018 14:51:34.999 情報 [main] org.apache.jasper.servlet.TldScanner.scanJars At least one JAR was scanned for TLDs yet contained no TLDs. Enable debug logging for this logger for a complete list of JARs that were scanned but no TLDs were found in them. Skipping unneeded JARs during scanning can improve startup time and JSP compilation time.
29-Dec-2018 14:51:35.010 情報 [main] org.apache.catalina.startup.HostConfig.deployDirectory Deployment of web application directory [C:\Users\kana.katsumata\eclipse-workspace\TestWeb2\lib\apache-tomcat-9.0.10\webapps\docs] has finished in [2,247] ms
29-Dec-2018 14:51:35.027 情報 [main] org.apache.catalina.startup.HostConfig.deployDirectory Webアプリケーションディレクトリ [C:\Users\kana.katsumata\eclipse-workspace\TestWeb2\lib\apache-tomcat-9.0.10\webapps\examples] を配備します
29-Dec-2018 14:51:38.074 情報 [main] org.apache.jasper.servlet.TldScanner.scanJars At least one JAR was scanned for TLDs yet contained no TLDs. Enable debug logging for this logger for a complete list of JARs that were scanned but no TLDs were found in them. Skipping unneeded JARs during scanning can improve startup time and JSP compilation time.
29-Dec-2018 14:51:38.222 情報 [main] org.apache.catalina.startup.HostConfig.deployDirectory Deployment of web application directory [C:\Users\kana.katsumata\eclipse-workspace\TestWeb2\lib\apache-tomcat-9.0.10\webapps\examples] has finished in [3,196] ms
29-Dec-2018 14:51:38.225 情報 [main] org.apache.catalina.startup.HostConfig.deployDirectory Webアプリケーションディレクトリ [C:\Users\kana.katsumata\eclipse-workspace\TestWeb2\lib\apache-tomcat-9.0.10\webapps\host-manager] を配備します
29-Dec-2018 14:51:38.656 情報 [main] org.apache.jasper.servlet.TldScanner.scanJars At least one JAR was scanned for TLDs yet contained no TLDs. Enable debug logging for this logger for a complete list of JARs that were scanned but no TLDs were found in them. Skipping unneeded JARs during scanning can improve startup time and JSP compilation time.
29-Dec-2018 14:51:38.683 情報 [main] org.apache.catalina.startup.HostConfig.deployDirectory Deployment of web application directory [C:\Users\kana.katsumata\eclipse-workspace\TestWeb2\lib\apache-tomcat-9.0.10\webapps\host-manager] has finished in [458] ms
29-Dec-2018 14:51:38.693 情報 [main] org.apache.catalina.startup.HostConfig.deployDirectory Webアプリケーションディレクトリ [C:\Users\kana.katsumata\eclipse-workspace\TestWeb2\lib\apache-tomcat-9.0.10\webapps\manager] を配備します
29-Dec-2018 14:51:39.175 情報 [main] org.apache.jasper.servlet.TldScanner.scanJars At least one JAR was scanned for TLDs yet contained no TLDs. Enable debug logging for this logger for a complete list of JARs that were scanned but no TLDs were found in them. Skipping unneeded JARs during scanning can improve startup time and JSP compilation time.
29-Dec-2018 14:51:39.191 情報 [main] org.apache.catalina.startup.HostConfig.deployDirectory Deployment of web application directory [C:\Users\kana.katsumata\eclipse-workspace\TestWeb2\lib\apache-tomcat-9.0.10\webapps\manager] has finished in [499] ms
29-Dec-2018 14:51:39.193 情報 [main] org.apache.catalina.startup.HostConfig.deployDirectory Webアプリケーションディレクトリ [C:\Users\kana.katsumata\eclipse-workspace\TestWeb2\lib\apache-tomcat-9.0.10\webapps\ROOT] を配備します
29-Dec-2018 14:51:41.440 情報 [main] org.apache.jasper.servlet.TldScanner.scanJars At least one JAR was scanned for TLDs yet contained no TLDs. Enable debug logging for this logger for a complete list of JARs that were scanned but no TLDs were found in them. Skipping unneeded JARs during scanning can improve startup time and JSP compilation time.
29-Dec-2018 14:51:41.446 情報 [main] org.apache.catalina.startup.HostConfig.deployDirectory Deployment of web application directory [C:\Users\kana.katsumata\eclipse-workspace\TestWeb2\lib\apache-tomcat-9.0.10\webapps\ROOT] has finished in [2,253] ms
29-Dec-2018 14:51:41.457 情報 [main] org.apache.coyote.AbstractProtocol.start Starting ProtocolHandler ["http-nio-8080"]
29-Dec-2018 14:51:41.486 情報 [main] org.apache.coyote.AbstractProtocol.start Starting ProtocolHandler ["ajp-nio-8009"]
29-Dec-2018 14:51:41.501 情報 [main] org.apache.catalina.startup.Catalina.start Server startup in 24881 ms
29-Dec-2018 14:52:08.325 情報 [http-nio-8080-exec-6] org.apache.tomcat.util.http.parser.Cookie.logInvalidHeader A cookie header was received [[object HTMLTableElement]=hide; adscsrf=ea1edc8a-08be-4c94-b1e3-43358af37435; IS_ADMIN_LOGIN=true; CUSTOM_SSO_TICKET=1545889861514; CUSTOM_SSO_APP_TAG_NAME=ADSSP; APPS_PANE_LOADED=true; JSESSIONIDADSSP=2B7A72837718EDDE8F0981B4E24C6A32; JSESSIONIDSSO=8387791BB5C5AFC7F7200FF823273AD1] that contained an invalid cookie. That cookie will be ignored.Note: further occurrences of this error will be logged at DEBUG level.
29-Dec-2018 15:29:19.331 情報 [Thread-5] org.apache.coyote.AbstractProtocol.pause Pausing ProtocolHandler ["http-nio-8080"]
29-Dec-2018 15:29:19.465 情報 [Thread-5] org.apache.coyote.AbstractProtocol.pause Pausing ProtocolHandler ["ajp-nio-8009"]
29-Dec-2018 15:29:19.647 情報 [Thread-5] org.apache.catalina.core.StandardService.stopInternal サービス [Catalina] を停止します
29-Dec-2018 15:29:19.784 情報 [Thread-5] org.apache.coyote.AbstractProtocol.stop Stopping ProtocolHandler ["http-nio-8080"]
29-Dec-2018 15:29:19.788 情報 [Thread-5] org.apache.coyote.AbstractProtocol.stop Stopping ProtocolHandler ["ajp-nio-8009"]
29-Dec-2018 15:29:19.797 情報 [Thread-5] org.apache.coyote.AbstractProtocol.destroy Destroying ProtocolHandler ["http-nio-8080"]
29-Dec-2018 15:29:19.799 情報 [Thread-5] org.apache.coyote.AbstractProtocol.destroy Destroying ProtocolHandler ["ajp-nio-8009"]
29-Dec-2018 19:48:02.731 情報 [main] org.apache.catalina.startup.VersionLoggerListener.log Server version:        Apache Tomcat/9.0.10
29-Dec-2018 19:48:02.743 情報 [main] org.apache.catalina.startup.VersionLoggerListener.log Server built:          Jun 20 2018 17:32:21 UTC
29-Dec-2018 19:48:02.751 情報 [main] org.apache.catalina.startup.VersionLoggerListener.log Server number:         9.0.10.0
29-Dec-2018 19:48:02.752 情報 [main] org.apache.catalina.startup.VersionLoggerListener.log OS Name:               Windows 10
29-Dec-2018 19:48:02.752 情報 [main] org.apache.catalina.startup.VersionLoggerListener.log OS Version:            10.0
29-Dec-2018 19:48:02.752 情報 [main] org.apache.catalina.startup.VersionLoggerListener.log Architecture:          amd64
29-Dec-2018 19:48:02.753 情報 [main] org.apache.catalina.startup.VersionLoggerListener.log Java Home:             C:\Users\kana.katsumata\eclipse-workspace\TestWeb2\jre
29-Dec-2018 19:48:02.753 情報 [main] org.apache.catalina.startup.VersionLoggerListener.log JVM Version:           1.8.0_191-b12
29-Dec-2018 19:48:02.753 情報 [main] org.apache.catalina.startup.VersionLoggerListener.log JVM Vendor:            Oracle Corporation
29-Dec-2018 19:48:02.755 情報 [main] org.apache.catalina.startup.VersionLoggerListener.log CATALINA_BASE:         C:\Users\kana.katsumata\eclipse-workspace\TestWeb2\lib\apache-tomcat-9.0.10
29-Dec-2018 19:48:02.758 情報 [main] org.apache.catalina.startup.VersionLoggerListener.log CATALINA_HOME:         C:\Users\kana.katsumata\eclipse-workspace\TestWeb2\lib\apache-tomcat-9.0.10
29-Dec-2018 19:48:02.759 情報 [main] org.apache.catalina.startup.VersionLoggerListener.log Command line argument: -Djava.util.logging.config.file=C:\Users\kana.katsumata\eclipse-workspace\TestWeb2\lib\apache-tomcat-9.0.10\conf\logging.properties
29-Dec-2018 19:48:02.759 情報 [main] org.apache.catalina.startup.VersionLoggerListener.log Command line argument: -Djava.util.logging.manager=org.apache.juli.ClassLoaderLogManager
29-Dec-2018 19:48:02.759 情報 [main] org.apache.catalina.startup.VersionLoggerListener.log Command line argument: -Djdk.tls.ephemeralDHKeySize=2048
29-Dec-2018 19:48:02.760 情報 [main] org.apache.catalina.startup.VersionLoggerListener.log Command line argument: -Djava.protocol.handler.pkgs=org.apache.catalina.webresources
29-Dec-2018 19:48:02.760 情報 [main] org.apache.catalina.startup.VersionLoggerListener.log Command line argument: -Dignore.endorsed.dirs=
29-Dec-2018 19:48:02.761 情報 [main] org.apache.catalina.startup.VersionLoggerListener.log Command line argument: -Dcatalina.base=C:\Users\kana.katsumata\eclipse-workspace\TestWeb2\lib\apache-tomcat-9.0.10
29-Dec-2018 19:48:02.762 情報 [main] org.apache.catalina.startup.VersionLoggerListener.log Command line argument: -Dcatalina.home=C:\Users\kana.katsumata\eclipse-workspace\TestWeb2\lib\apache-tomcat-9.0.10
29-Dec-2018 19:48:02.763 情報 [main] org.apache.catalina.startup.VersionLoggerListener.log Command line argument: -Djava.io.tmpdir=C:\Users\kana.katsumata\eclipse-workspace\TestWeb2\lib\apache-tomcat-9.0.10\temp
29-Dec-2018 19:48:02.764 情報 [main] org.apache.catalina.core.AprLifecycleListener.lifecycleEvent Loaded APR based Apache Tomcat Native library [1.2.17] using APR version [1.6.3].
29-Dec-2018 19:48:02.764 情報 [main] org.apache.catalina.core.AprLifecycleListener.lifecycleEvent APR capabilities: IPv6 [true], sendfile [true], accept filters [false], random [true].
29-Dec-2018 19:48:02.765 情報 [main] org.apache.catalina.core.AprLifecycleListener.lifecycleEvent APR/OpenSSL configuration: useAprConnector [false], useOpenSSL [true]
29-Dec-2018 19:48:03.918 情報 [main] org.apache.catalina.core.AprLifecycleListener.initializeSSL OpenSSL successfully initialized [OpenSSL 1.0.2o  27 Mar 2018]
29-Dec-2018 19:48:04.260 情報 [main] org.apache.coyote.AbstractProtocol.init Initializing ProtocolHandler ["http-nio-8080"]
29-Dec-2018 19:48:04.474 情報 [main] org.apache.tomcat.util.net.NioSelectorPool.getSharedSelector Using a shared selector for servlet write/read
29-Dec-2018 19:48:04.492 情報 [main] org.apache.coyote.AbstractProtocol.init Initializing ProtocolHandler ["ajp-nio-8009"]
29-Dec-2018 19:48:04.496 情報 [main] org.apache.tomcat.util.net.NioSelectorPool.getSharedSelector Using a shared selector for servlet write/read
29-Dec-2018 19:48:04.497 情報 [main] org.apache.catalina.startup.Catalina.load Initialization processed in 2667 ms
29-Dec-2018 19:48:04.561 情報 [main] org.apache.catalina.core.StandardService.startInternal サービス [Catalina] を起動します
29-Dec-2018 19:48:04.561 情報 [main] org.apache.catalina.core.StandardEngine.startInternal Starting Servlet Engine: Apache Tomcat/9.0.10
29-Dec-2018 19:48:04.589 情報 [main] org.apache.catalina.startup.HostConfig.deployDescriptor 設定記述子 [C:\Users\kana.katsumata\eclipse-workspace\TestWeb2\lib\apache-tomcat-9.0.10\conf\Catalina\localhost\ADSPSearch.xml] を配備します
29-Dec-2018 19:48:04.642 警告 [main] org.apache.catalina.startup.HostConfig.deployDescriptor The path attribute with value [/ADSPSearch] in deployment descriptor [C:\Users\kana.katsumata\eclipse-workspace\TestWeb2\lib\apache-tomcat-9.0.10\conf\Catalina\localhost\ADSPSearch.xml] has been ignored
29-Dec-2018 19:48:09.922 情報 [main] org.apache.jasper.servlet.TldScanner.scanJars At least one JAR was scanned for TLDs yet contained no TLDs. Enable debug logging for this logger for a complete list of JARs that were scanned but no TLDs were found in them. Skipping unneeded JARs during scanning can improve startup time and JSP compilation time.
29-Dec-2018 19:48:10.217 情報 [main] org.apache.catalina.startup.HostConfig.deployDescriptor Deployment of deployment descriptor [C:\Users\kana.katsumata\eclipse-workspace\TestWeb2\lib\apache-tomcat-9.0.10\conf\Catalina\localhost\ADSPSearch.xml] has finished in [5,587] ms
29-Dec-2018 19:48:10.258 情報 [main] org.apache.catalina.startup.HostConfig.deployDescriptor 設定記述子 [C:\Users\kana.katsumata\eclipse-workspace\TestWeb2\lib\apache-tomcat-9.0.10\conf\Catalina\localhost\TestWeb2.xml] を配備します
29-Dec-2018 19:48:10.262 警告 [main] org.apache.catalina.startup.HostConfig.deployDescriptor The path attribute with value [/TestWeb2] in deployment descriptor [C:\Users\kana.katsumata\eclipse-workspace\TestWeb2\lib\apache-tomcat-9.0.10\conf\Catalina\localhost\TestWeb2.xml] has been ignored
29-Dec-2018 19:48:14.693 情報 [main] org.apache.jasper.servlet.TldScanner.scanJars At least one JAR was scanned for TLDs yet contained no TLDs. Enable debug logging for this logger for a complete list of JARs that were scanned but no TLDs were found in them. Skipping unneeded JARs during scanning can improve startup time and JSP compilation time.
29-Dec-2018 19:48:17.226 情報 [main] org.apache.catalina.startup.HostConfig.deployDescriptor Deployment of deployment descriptor [C:\Users\kana.katsumata\eclipse-workspace\TestWeb2\lib\apache-tomcat-9.0.10\conf\Catalina\localhost\TestWeb2.xml] has finished in [6,967] ms
29-Dec-2018 19:48:17.230 情報 [main] org.apache.catalina.startup.HostConfig.deployDirectory Webアプリケーションディレクトリ [C:\Users\kana.katsumata\eclipse-workspace\TestWeb2\lib\apache-tomcat-9.0.10\webapps\docs] を配備します
29-Dec-2018 19:48:19.044 情報 [main] org.apache.jasper.servlet.TldScanner.scanJars At least one JAR was scanned for TLDs yet contained no TLDs. Enable debug logging for this logger for a complete list of JARs that were scanned but no TLDs were found in them. Skipping unneeded JARs during scanning can improve startup time and JSP compilation time.
29-Dec-2018 19:48:19.072 情報 [main] org.apache.catalina.startup.HostConfig.deployDirectory Deployment of web application directory [C:\Users\kana.katsumata\eclipse-workspace\TestWeb2\lib\apache-tomcat-9.0.10\webapps\docs] has finished in [1,842] ms
29-Dec-2018 19:48:19.084 情報 [main] org.apache.catalina.startup.HostConfig.deployDirectory Webアプリケーションディレクトリ [C:\Users\kana.katsumata\eclipse-workspace\TestWeb2\lib\apache-tomcat-9.0.10\webapps\examples] を配備します
29-Dec-2018 19:48:22.572 情報 [main] org.apache.jasper.servlet.TldScanner.scanJars At least one JAR was scanned for TLDs yet contained no TLDs. Enable debug logging for this logger for a complete list of JARs that were scanned but no TLDs were found in them. Skipping unneeded JARs during scanning can improve startup time and JSP compilation time.
29-Dec-2018 19:48:22.715 情報 [main] org.apache.catalina.startup.HostConfig.deployDirectory Deployment of web application directory [C:\Users\kana.katsumata\eclipse-workspace\TestWeb2\lib\apache-tomcat-9.0.10\webapps\examples] has finished in [3,630] ms
29-Dec-2018 19:48:22.727 情報 [main] org.apache.catalina.startup.HostConfig.deployDirectory Webアプリケーションディレクトリ [C:\Users\kana.katsumata\eclipse-workspace\TestWeb2\lib\apache-tomcat-9.0.10\webapps\host-manager] を配備します
29-Dec-2018 19:48:23.183 情報 [main] org.apache.jasper.servlet.TldScanner.scanJars At least one JAR was scanned for TLDs yet contained no TLDs. Enable debug logging for this logger for a complete list of JARs that were scanned but no TLDs were found in them. Skipping unneeded JARs during scanning can improve startup time and JSP compilation time.
29-Dec-2018 19:48:23.193 情報 [main] org.apache.catalina.startup.HostConfig.deployDirectory Deployment of web application directory [C:\Users\kana.katsumata\eclipse-workspace\TestWeb2\lib\apache-tomcat-9.0.10\webapps\host-manager] has finished in [466] ms
29-Dec-2018 19:48:23.193 情報 [main] org.apache.catalina.startup.HostConfig.deployDirectory Webアプリケーションディレクトリ [C:\Users\kana.katsumata\eclipse-workspace\TestWeb2\lib\apache-tomcat-9.0.10\webapps\manager] を配備します
29-Dec-2018 19:48:23.621 情報 [main] org.apache.jasper.servlet.TldScanner.scanJars At least one JAR was scanned for TLDs yet contained no TLDs. Enable debug logging for this logger for a complete list of JARs that were scanned but no TLDs were found in them. Skipping unneeded JARs during scanning can improve startup time and JSP compilation time.
29-Dec-2018 19:48:23.637 情報 [main] org.apache.catalina.startup.HostConfig.deployDirectory Deployment of web application directory [C:\Users\kana.katsumata\eclipse-workspace\TestWeb2\lib\apache-tomcat-9.0.10\webapps\manager] has finished in [444] ms
29-Dec-2018 19:48:23.639 情報 [main] org.apache.catalina.startup.HostConfig.deployDirectory Webアプリケーションディレクトリ [C:\Users\kana.katsumata\eclipse-workspace\TestWeb2\lib\apache-tomcat-9.0.10\webapps\ROOT] を配備します
29-Dec-2018 19:48:25.674 情報 [main] org.apache.jasper.servlet.TldScanner.scanJars At least one JAR was scanned for TLDs yet contained no TLDs. Enable debug logging for this logger for a complete list of JARs that were scanned but no TLDs were found in them. Skipping unneeded JARs during scanning can improve startup time and JSP compilation time.
29-Dec-2018 19:48:25.679 情報 [main] org.apache.catalina.startup.HostConfig.deployDirectory Deployment of web application directory [C:\Users\kana.katsumata\eclipse-workspace\TestWeb2\lib\apache-tomcat-9.0.10\webapps\ROOT] has finished in [2,040] ms
29-Dec-2018 19:48:25.686 情報 [main] org.apache.coyote.AbstractProtocol.start Starting ProtocolHandler ["http-nio-8080"]
29-Dec-2018 19:48:25.713 情報 [main] org.apache.coyote.AbstractProtocol.start Starting ProtocolHandler ["ajp-nio-8009"]
29-Dec-2018 19:48:25.720 情報 [main] org.apache.catalina.startup.Catalina.start Server startup in 21221 ms
29-Dec-2018 19:50:04.101 情報 [Thread-5] org.apache.coyote.AbstractProtocol.pause Pausing ProtocolHandler ["http-nio-8080"]
29-Dec-2018 19:50:04.214 情報 [Thread-5] org.apache.coyote.AbstractProtocol.pause Pausing ProtocolHandler ["ajp-nio-8009"]
29-Dec-2018 19:50:04.367 情報 [Thread-5] org.apache.catalina.core.StandardService.stopInternal サービス [Catalina] を停止します
29-Dec-2018 19:50:04.458 情報 [Thread-5] org.apache.coyote.AbstractProtocol.stop Stopping ProtocolHandler ["http-nio-8080"]
29-Dec-2018 19:50:04.468 情報 [Thread-5] org.apache.coyote.AbstractProtocol.stop Stopping ProtocolHandler ["ajp-nio-8009"]
29-Dec-2018 19:50:04.471 情報 [Thread-5] org.apache.coyote.AbstractProtocol.destroy Destroying ProtocolHandler ["http-nio-8080"]
29-Dec-2018 19:50:04.473 情報 [Thread-5] org.apache.coyote.AbstractProtocol.destroy Destroying ProtocolHandler ["ajp-nio-8009"]
29-Dec-2018 21:02:51.968 情報 [main] org.apache.catalina.startup.VersionLoggerListener.log Server version:        Apache Tomcat/9.0.10
29-Dec-2018 21:02:51.980 情報 [main] org.apache.catalina.startup.VersionLoggerListener.log Server built:          Jun 20 2018 17:32:21 UTC
29-Dec-2018 21:02:51.985 情報 [main] org.apache.catalina.startup.VersionLoggerListener.log Server number:         9.0.10.0
29-Dec-2018 21:02:51.985 情報 [main] org.apache.catalina.startup.VersionLoggerListener.log OS Name:               Windows 10
29-Dec-2018 21:02:51.986 情報 [main] org.apache.catalina.startup.VersionLoggerListener.log OS Version:            10.0
29-Dec-2018 21:02:51.986 情報 [main] org.apache.catalina.startup.VersionLoggerListener.log Architecture:          amd64
29-Dec-2018 21:02:51.986 情報 [main] org.apache.catalina.startup.VersionLoggerListener.log Java Home:             C:\Users\kana.katsumata\eclipse-workspace\TestWeb2\jre
29-Dec-2018 21:02:51.986 情報 [main] org.apache.catalina.startup.VersionLoggerListener.log JVM Version:           1.8.0_191-b12
29-Dec-2018 21:02:51.987 情報 [main] org.apache.catalina.startup.VersionLoggerListener.log JVM Vendor:            Oracle Corporation
29-Dec-2018 21:02:51.987 情報 [main] org.apache.catalina.startup.VersionLoggerListener.log CATALINA_BASE:         C:\Users\kana.katsumata\eclipse-workspace\TestWeb2\lib\apache-tomcat-9.0.10
29-Dec-2018 21:02:51.988 情報 [main] org.apache.catalina.startup.VersionLoggerListener.log CATALINA_HOME:         C:\Users\kana.katsumata\eclipse-workspace\TestWeb2\lib\apache-tomcat-9.0.10
29-Dec-2018 21:02:51.988 情報 [main] org.apache.catalina.startup.VersionLoggerListener.log Command line argument: -Djava.util.logging.config.file=C:\Users\kana.katsumata\eclipse-workspace\TestWeb2\lib\apache-tomcat-9.0.10\conf\logging.properties
29-Dec-2018 21:02:51.989 情報 [main] org.apache.catalina.startup.VersionLoggerListener.log Command line argument: -Djava.util.logging.manager=org.apache.juli.ClassLoaderLogManager
29-Dec-2018 21:02:51.993 情報 [main] org.apache.catalina.startup.VersionLoggerListener.log Command line argument: -Djdk.tls.ephemeralDHKeySize=2048
29-Dec-2018 21:02:51.993 情報 [main] org.apache.catalina.startup.VersionLoggerListener.log Command line argument: -Djava.protocol.handler.pkgs=org.apache.catalina.webresources
29-Dec-2018 21:02:51.994 情報 [main] org.apache.catalina.startup.VersionLoggerListener.log Command line argument: -Dignore.endorsed.dirs=
29-Dec-2018 21:02:51.995 情報 [main] org.apache.catalina.startup.VersionLoggerListener.log Command line argument: -Dcatalina.base=C:\Users\kana.katsumata\eclipse-workspace\TestWeb2\lib\apache-tomcat-9.0.10
29-Dec-2018 21:02:51.996 情報 [main] org.apache.catalina.startup.VersionLoggerListener.log Command line argument: -Dcatalina.home=C:\Users\kana.katsumata\eclipse-workspace\TestWeb2\lib\apache-tomcat-9.0.10
29-Dec-2018 21:02:51.997 情報 [main] org.apache.catalina.startup.VersionLoggerListener.log Command line argument: -Djava.io.tmpdir=C:\Users\kana.katsumata\eclipse-workspace\TestWeb2\lib\apache-tomcat-9.0.10\temp
29-Dec-2018 21:02:51.998 情報 [main] org.apache.catalina.core.AprLifecycleListener.lifecycleEvent Loaded APR based Apache Tomcat Native library [1.2.17] using APR version [1.6.3].
29-Dec-2018 21:02:52.000 情報 [main] org.apache.catalina.core.AprLifecycleListener.lifecycleEvent APR capabilities: IPv6 [true], sendfile [true], accept filters [false], random [true].
29-Dec-2018 21:02:52.003 情報 [main] org.apache.catalina.core.AprLifecycleListener.lifecycleEvent APR/OpenSSL configuration: useAprConnector [false], useOpenSSL [true]
29-Dec-2018 21:02:53.103 情報 [main] org.apache.catalina.core.AprLifecycleListener.initializeSSL OpenSSL successfully initialized [OpenSSL 1.0.2o  27 Mar 2018]
29-Dec-2018 21:02:53.487 情報 [main] org.apache.coyote.AbstractProtocol.init Initializing ProtocolHandler ["http-nio-8080"]
29-Dec-2018 21:02:53.712 情報 [main] org.apache.tomcat.util.net.NioSelectorPool.getSharedSelector Using a shared selector for servlet write/read
29-Dec-2018 21:02:53.728 情報 [main] org.apache.coyote.AbstractProtocol.init Initializing ProtocolHandler ["ajp-nio-8009"]
29-Dec-2018 21:02:53.733 情報 [main] org.apache.tomcat.util.net.NioSelectorPool.getSharedSelector Using a shared selector for servlet write/read
29-Dec-2018 21:02:53.734 情報 [main] org.apache.catalina.startup.Catalina.load Initialization processed in 2577 ms
29-Dec-2018 21:02:53.797 情報 [main] org.apache.catalina.core.StandardService.startInternal サービス [Catalina] を起動します
29-Dec-2018 21:02:53.798 情報 [main] org.apache.catalina.core.StandardEngine.startInternal Starting Servlet Engine: Apache Tomcat/9.0.10
29-Dec-2018 21:02:53.821 情報 [main] org.apache.catalina.startup.HostConfig.deployDescriptor 設定記述子 [C:\Users\kana.katsumata\eclipse-workspace\TestWeb2\lib\apache-tomcat-9.0.10\conf\Catalina\localhost\ADSPSearch.xml] を配備します
29-Dec-2018 21:02:53.876 警告 [main] org.apache.catalina.startup.HostConfig.deployDescriptor The path attribute with value [/ADSPSearch] in deployment descriptor [C:\Users\kana.katsumata\eclipse-workspace\TestWeb2\lib\apache-tomcat-9.0.10\conf\Catalina\localhost\ADSPSearch.xml] has been ignored
29-Dec-2018 21:02:57.929 情報 [main] org.apache.jasper.servlet.TldScanner.scanJars At least one JAR was scanned for TLDs yet contained no TLDs. Enable debug logging for this logger for a complete list of JARs that were scanned but no TLDs were found in them. Skipping unneeded JARs during scanning can improve startup time and JSP compilation time.
29-Dec-2018 21:02:58.072 情報 [main] org.apache.catalina.startup.HostConfig.deployDescriptor Deployment of deployment descriptor [C:\Users\kana.katsumata\eclipse-workspace\TestWeb2\lib\apache-tomcat-9.0.10\conf\Catalina\localhost\ADSPSearch.xml] has finished in [4,246] ms
29-Dec-2018 21:02:58.073 情報 [main] org.apache.catalina.startup.HostConfig.deployDescriptor 設定記述子 [C:\Users\kana.katsumata\eclipse-workspace\TestWeb2\lib\apache-tomcat-9.0.10\conf\Catalina\localhost\TestWeb2.xml] を配備します
29-Dec-2018 21:02:58.077 警告 [main] org.apache.catalina.startup.HostConfig.deployDescriptor The path attribute with value [/TestWeb2] in deployment descriptor [C:\Users\kana.katsumata\eclipse-workspace\TestWeb2\lib\apache-tomcat-9.0.10\conf\Catalina\localhost\TestWeb2.xml] has been ignored
29-Dec-2018 21:03:01.159 情報 [main] org.apache.jasper.servlet.TldScanner.scanJars At least one JAR was scanned for TLDs yet contained no TLDs. Enable debug logging for this logger for a complete list of JARs that were scanned but no TLDs were found in them. Skipping unneeded JARs during scanning can improve startup time and JSP compilation time.
29-Dec-2018 21:03:03.329 情報 [main] org.apache.catalina.startup.HostConfig.deployDescriptor Deployment of deployment descriptor [C:\Users\kana.katsumata\eclipse-workspace\TestWeb2\lib\apache-tomcat-9.0.10\conf\Catalina\localhost\TestWeb2.xml] has finished in [5,255] ms
29-Dec-2018 21:03:03.333 情報 [main] org.apache.catalina.startup.HostConfig.deployDirectory Webアプリケーションディレクトリ [C:\Users\kana.katsumata\eclipse-workspace\TestWeb2\lib\apache-tomcat-9.0.10\webapps\docs] を配備します
29-Dec-2018 21:03:04.669 情報 [main] org.apache.jasper.servlet.TldScanner.scanJars At least one JAR was scanned for TLDs yet contained no TLDs. Enable debug logging for this logger for a complete list of JARs that were scanned but no TLDs were found in them. Skipping unneeded JARs during scanning can improve startup time and JSP compilation time.
29-Dec-2018 21:03:04.675 情報 [main] org.apache.catalina.startup.HostConfig.deployDirectory Deployment of web application directory [C:\Users\kana.katsumata\eclipse-workspace\TestWeb2\lib\apache-tomcat-9.0.10\webapps\docs] has finished in [1,341] ms
29-Dec-2018 21:03:04.678 情報 [main] org.apache.catalina.startup.HostConfig.deployDirectory Webアプリケーションディレクトリ [C:\Users\kana.katsumata\eclipse-workspace\TestWeb2\lib\apache-tomcat-9.0.10\webapps\examples] を配備します
29-Dec-2018 21:03:06.675 情報 [main] org.apache.jasper.servlet.TldScanner.scanJars At least one JAR was scanned for TLDs yet contained no TLDs. Enable debug logging for this logger for a complete list of JARs that were scanned but no TLDs were found in them. Skipping unneeded JARs during scanning can improve startup time and JSP compilation time.
29-Dec-2018 21:03:06.771 情報 [main] org.apache.catalina.startup.HostConfig.deployDirectory Deployment of web application directory [C:\Users\kana.katsumata\eclipse-workspace\TestWeb2\lib\apache-tomcat-9.0.10\webapps\examples] has finished in [2,093] ms
29-Dec-2018 21:03:06.772 情報 [main] org.apache.catalina.startup.HostConfig.deployDirectory Webアプリケーションディレクトリ [C:\Users\kana.katsumata\eclipse-workspace\TestWeb2\lib\apache-tomcat-9.0.10\webapps\host-manager] を配備します
29-Dec-2018 21:03:07.022 情報 [main] org.apache.jasper.servlet.TldScanner.scanJars At least one JAR was scanned for TLDs yet contained no TLDs. Enable debug logging for this logger for a complete list of JARs that were scanned but no TLDs were found in them. Skipping unneeded JARs during scanning can improve startup time and JSP compilation time.
29-Dec-2018 21:03:07.028 情報 [main] org.apache.catalina.startup.HostConfig.deployDirectory Deployment of web application directory [C:\Users\kana.katsumata\eclipse-workspace\TestWeb2\lib\apache-tomcat-9.0.10\webapps\host-manager] has finished in [256] ms
29-Dec-2018 21:03:07.029 情報 [main] org.apache.catalina.startup.HostConfig.deployDirectory Webアプリケーションディレクトリ [C:\Users\kana.katsumata\eclipse-workspace\TestWeb2\lib\apache-tomcat-9.0.10\webapps\manager] を配備します
29-Dec-2018 21:03:07.299 情報 [main] org.apache.jasper.servlet.TldScanner.scanJars At least one JAR was scanned for TLDs yet contained no TLDs. Enable debug logging for this logger for a complete list of JARs that were scanned but no TLDs were found in them. Skipping unneeded JARs during scanning can improve startup time and JSP compilation time.
29-Dec-2018 21:03:07.303 情報 [main] org.apache.catalina.startup.HostConfig.deployDirectory Deployment of web application directory [C:\Users\kana.katsumata\eclipse-workspace\TestWeb2\lib\apache-tomcat-9.0.10\webapps\manager] has finished in [274] ms
29-Dec-2018 21:03:07.305 情報 [main] org.apache.catalina.startup.HostConfig.deployDirectory Webアプリケーションディレクトリ [C:\Users\kana.katsumata\eclipse-workspace\TestWeb2\lib\apache-tomcat-9.0.10\webapps\ROOT] を配備します
29-Dec-2018 21:03:08.556 情報 [main] org.apache.jasper.servlet.TldScanner.scanJars At least one JAR was scanned for TLDs yet contained no TLDs. Enable debug logging for this logger for a complete list of JARs that were scanned but no TLDs were found in them. Skipping unneeded JARs during scanning can improve startup time and JSP compilation time.
29-Dec-2018 21:03:08.562 情報 [main] org.apache.catalina.startup.HostConfig.deployDirectory Deployment of web application directory [C:\Users\kana.katsumata\eclipse-workspace\TestWeb2\lib\apache-tomcat-9.0.10\webapps\ROOT] has finished in [1,258] ms
29-Dec-2018 21:03:08.565 情報 [main] org.apache.coyote.AbstractProtocol.start Starting ProtocolHandler ["http-nio-8080"]
29-Dec-2018 21:03:08.578 情報 [main] org.apache.coyote.AbstractProtocol.start Starting ProtocolHandler ["ajp-nio-8009"]
29-Dec-2018 21:03:08.587 情報 [main] org.apache.catalina.startup.Catalina.start Server startup in 14852 ms
29-Dec-2018 21:04:10.111 情報 [http-nio-8080-exec-3] org.apache.tomcat.util.http.parser.Cookie.logInvalidHeader A cookie header was received [[object HTMLTableElement]=hide; adscsrf=ea1edc8a-08be-4c94-b1e3-43358af37435; IS_ADMIN_LOGIN=true; CUSTOM_SSO_TICKET=1545889861514; CUSTOM_SSO_APP_TAG_NAME=ADSSP; APPS_PANE_LOADED=true; JSESSIONIDADSSP=9DDCC5A0C8616B06CAE18111BF1FBC10; JSESSIONIDSSO=A5ACF5915635923AF4118B0EB8C24378] that contained an invalid cookie. That cookie will be ignored.Note: further occurrences of this error will be logged at DEBUG level.
29-Dec-2018 21:24:57.565 情報 [main] org.apache.catalina.core.StandardServer.await A valid shutdown command was received via the shutdown port. Stopping the Server instance.
29-Dec-2018 21:24:57.566 情報 [main] org.apache.coyote.AbstractProtocol.pause Pausing ProtocolHandler ["http-nio-8080"]
29-Dec-2018 21:24:57.699 情報 [main] org.apache.coyote.AbstractProtocol.pause Pausing ProtocolHandler ["ajp-nio-8009"]
29-Dec-2018 21:24:57.862 情報 [main] org.apache.catalina.core.StandardService.stopInternal サービス [Catalina] を停止します
29-Dec-2018 21:24:57.924 情報 [main] org.apache.coyote.AbstractProtocol.stop Stopping ProtocolHandler ["http-nio-8080"]
29-Dec-2018 21:24:57.936 情報 [main] org.apache.coyote.AbstractProtocol.stop Stopping ProtocolHandler ["ajp-nio-8009"]
29-Dec-2018 21:24:57.939 情報 [main] org.apache.coyote.AbstractProtocol.destroy Destroying ProtocolHandler ["http-nio-8080"]
29-Dec-2018 21:24:57.941 情報 [main] org.apache.coyote.AbstractProtocol.destroy Destroying ProtocolHandler ["ajp-nio-8009"]
29-Dec-2018 21:28:46.424 情報 [main] org.apache.catalina.startup.VersionLoggerListener.log Server version:        Apache Tomcat/9.0.10
29-Dec-2018 21:28:46.430 情報 [main] org.apache.catalina.startup.VersionLoggerListener.log Server built:          Jun 20 2018 17:32:21 UTC
29-Dec-2018 21:28:46.430 情報 [main] org.apache.catalina.startup.VersionLoggerListener.log Server number:         9.0.10.0
29-Dec-2018 21:28:46.431 情報 [main] org.apache.catalina.startup.VersionLoggerListener.log OS Name:               Windows 10
29-Dec-2018 21:28:46.431 情報 [main] org.apache.catalina.startup.VersionLoggerListener.log OS Version:            10.0
29-Dec-2018 21:28:46.431 情報 [main] org.apache.catalina.startup.VersionLoggerListener.log Architecture:          amd64
29-Dec-2018 21:28:46.436 情報 [main] org.apache.catalina.startup.VersionLoggerListener.log Java Home:             C:\Users\kana.katsumata\eclipse-workspace\TestWeb2\jre
29-Dec-2018 21:28:46.436 情報 [main] org.apache.catalina.startup.VersionLoggerListener.log JVM Version:           1.8.0_191-b12
29-Dec-2018 21:28:46.437 情報 [main] org.apache.catalina.startup.VersionLoggerListener.log JVM Vendor:            Oracle Corporation
29-Dec-2018 21:28:46.437 情報 [main] org.apache.catalina.startup.VersionLoggerListener.log CATALINA_BASE:         C:\Users\kana.katsumata\eclipse-workspace\TestWeb2\lib\apache-tomcat-9.0.10
29-Dec-2018 21:28:46.437 情報 [main] org.apache.catalina.startup.VersionLoggerListener.log CATALINA_HOME:         C:\Users\kana.katsumata\eclipse-workspace\TestWeb2\lib\apache-tomcat-9.0.10
29-Dec-2018 21:28:46.438 情報 [main] org.apache.catalina.startup.VersionLoggerListener.log Command line argument: -Djava.util.logging.config.file=C:\Users\kana.katsumata\eclipse-workspace\TestWeb2\lib\apache-tomcat-9.0.10\conf\logging.properties
29-Dec-2018 21:28:46.438 情報 [main] org.apache.catalina.startup.VersionLoggerListener.log Command line argument: -Djava.util.logging.manager=org.apache.juli.ClassLoaderLogManager
29-Dec-2018 21:28:46.438 情報 [main] org.apache.catalina.startup.VersionLoggerListener.log Command line argument: -Djdk.tls.ephemeralDHKeySize=2048
29-Dec-2018 21:28:46.439 情報 [main] org.apache.catalina.startup.VersionLoggerListener.log Command line argument: -Djava.protocol.handler.pkgs=org.apache.catalina.webresources
29-Dec-2018 21:28:46.439 情報 [main] org.apache.catalina.startup.VersionLoggerListener.log Command line argument: -Dignore.endorsed.dirs=
29-Dec-2018 21:28:46.447 情報 [main] org.apache.catalina.startup.VersionLoggerListener.log Command line argument: -Dcatalina.base=C:\Users\kana.katsumata\eclipse-workspace\TestWeb2\lib\apache-tomcat-9.0.10
29-Dec-2018 21:28:46.448 情報 [main] org.apache.catalina.startup.VersionLoggerListener.log Command line argument: -Dcatalina.home=C:\Users\kana.katsumata\eclipse-workspace\TestWeb2\lib\apache-tomcat-9.0.10
29-Dec-2018 21:28:46.449 情報 [main] org.apache.catalina.startup.VersionLoggerListener.log Command line argument: -Djava.io.tmpdir=C:\Users\kana.katsumata\eclipse-workspace\TestWeb2\lib\apache-tomcat-9.0.10\temp
29-Dec-2018 21:28:46.450 情報 [main] org.apache.catalina.core.AprLifecycleListener.lifecycleEvent Loaded APR based Apache Tomcat Native library [1.2.17] using APR version [1.6.3].
29-Dec-2018 21:28:46.451 情報 [main] org.apache.catalina.core.AprLifecycleListener.lifecycleEvent APR capabilities: IPv6 [true], sendfile [true], accept filters [false], random [true].
29-Dec-2018 21:28:46.452 情報 [main] org.apache.catalina.core.AprLifecycleListener.lifecycleEvent APR/OpenSSL configuration: useAprConnector [false], useOpenSSL [true]
29-Dec-2018 21:28:47.556 情報 [main] org.apache.catalina.core.AprLifecycleListener.initializeSSL OpenSSL successfully initialized [OpenSSL 1.0.2o  27 Mar 2018]
29-Dec-2018 21:28:47.809 情報 [main] org.apache.coyote.AbstractProtocol.init Initializing ProtocolHandler ["http-nio-8080"]
29-Dec-2018 21:28:47.990 情報 [main] org.apache.tomcat.util.net.NioSelectorPool.getSharedSelector Using a shared selector for servlet write/read
29-Dec-2018 21:28:48.012 情報 [main] org.apache.coyote.AbstractProtocol.init Initializing ProtocolHandler ["ajp-nio-8009"]
29-Dec-2018 21:28:48.017 情報 [main] org.apache.tomcat.util.net.NioSelectorPool.getSharedSelector Using a shared selector for servlet write/read
29-Dec-2018 21:28:48.018 情報 [main] org.apache.catalina.startup.Catalina.load Initialization processed in 2357 ms
29-Dec-2018 21:28:48.105 情報 [main] org.apache.catalina.core.StandardService.startInternal サービス [Catalina] を起動します
29-Dec-2018 21:28:48.106 情報 [main] org.apache.catalina.core.StandardEngine.startInternal Starting Servlet Engine: Apache Tomcat/9.0.10
29-Dec-2018 21:28:48.126 情報 [main] org.apache.catalina.startup.HostConfig.deployDescriptor 設定記述子 [C:\Users\kana.katsumata\eclipse-workspace\TestWeb2\lib\apache-tomcat-9.0.10\conf\Catalina\localhost\ADSPSearch.xml] を配備します
29-Dec-2018 21:28:48.179 警告 [main] org.apache.catalina.startup.HostConfig.deployDescriptor The path attribute with value [/ADSPSearch] in deployment descriptor [C:\Users\kana.katsumata\eclipse-workspace\TestWeb2\lib\apache-tomcat-9.0.10\conf\Catalina\localhost\ADSPSearch.xml] has been ignored
29-Dec-2018 21:28:52.489 情報 [main] org.apache.jasper.servlet.TldScanner.scanJars At least one JAR was scanned for TLDs yet contained no TLDs. Enable debug logging for this logger for a complete list of JARs that were scanned but no TLDs were found in them. Skipping unneeded JARs during scanning can improve startup time and JSP compilation time.
29-Dec-2018 21:28:52.604 情報 [main] org.apache.catalina.startup.HostConfig.deployDescriptor Deployment of deployment descriptor [C:\Users\kana.katsumata\eclipse-workspace\TestWeb2\lib\apache-tomcat-9.0.10\conf\Catalina\localhost\ADSPSearch.xml] has finished in [4,475] ms
29-Dec-2018 21:28:52.610 情報 [main] org.apache.catalina.startup.HostConfig.deployDescriptor 設定記述子 [C:\Users\kana.katsumata\eclipse-workspace\TestWeb2\lib\apache-tomcat-9.0.10\conf\Catalina\localhost\TestWeb2.xml] を配備します
29-Dec-2018 21:28:52.613 警告 [main] org.apache.catalina.startup.HostConfig.deployDescriptor The path attribute with value [/TestWeb2] in deployment descriptor [C:\Users\kana.katsumata\eclipse-workspace\TestWeb2\lib\apache-tomcat-9.0.10\conf\Catalina\localhost\TestWeb2.xml] has been ignored
29-Dec-2018 21:28:55.943 情報 [main] org.apache.jasper.servlet.TldScanner.scanJars At least one JAR was scanned for TLDs yet contained no TLDs. Enable debug logging for this logger for a complete list of JARs that were scanned but no TLDs were found in them. Skipping unneeded JARs during scanning can improve startup time and JSP compilation time.
29-Dec-2018 21:28:59.159 情報 [main] org.apache.catalina.startup.HostConfig.deployDescriptor Deployment of deployment descriptor [C:\Users\kana.katsumata\eclipse-workspace\TestWeb2\lib\apache-tomcat-9.0.10\conf\Catalina\localhost\TestWeb2.xml] has finished in [6,548] ms
29-Dec-2018 21:28:59.160 情報 [main] org.apache.catalina.startup.HostConfig.deployDirectory Webアプリケーションディレクトリ [C:\Users\kana.katsumata\eclipse-workspace\TestWeb2\lib\apache-tomcat-9.0.10\webapps\docs] を配備します
29-Dec-2018 21:29:00.995 情報 [main] org.apache.jasper.servlet.TldScanner.scanJars At least one JAR was scanned for TLDs yet contained no TLDs. Enable debug logging for this logger for a complete list of JARs that were scanned but no TLDs were found in them. Skipping unneeded JARs during scanning can improve startup time and JSP compilation time.
29-Dec-2018 21:29:01.013 情報 [main] org.apache.catalina.startup.HostConfig.deployDirectory Deployment of web application directory [C:\Users\kana.katsumata\eclipse-workspace\TestWeb2\lib\apache-tomcat-9.0.10\webapps\docs] has finished in [1,852] ms
29-Dec-2018 21:29:01.016 情報 [main] org.apache.catalina.startup.HostConfig.deployDirectory Webアプリケーションディレクトリ [C:\Users\kana.katsumata\eclipse-workspace\TestWeb2\lib\apache-tomcat-9.0.10\webapps\examples] を配備します
29-Dec-2018 21:29:03.330 情報 [main] org.apache.jasper.servlet.TldScanner.scanJars At least one JAR was scanned for TLDs yet contained no TLDs. Enable debug logging for this logger for a complete list of JARs that were scanned but no TLDs were found in them. Skipping unneeded JARs during scanning can improve startup time and JSP compilation time.
29-Dec-2018 21:29:03.432 情報 [main] org.apache.catalina.startup.HostConfig.deployDirectory Deployment of web application directory [C:\Users\kana.katsumata\eclipse-workspace\TestWeb2\lib\apache-tomcat-9.0.10\webapps\examples] has finished in [2,417] ms
29-Dec-2018 21:29:03.437 情報 [main] org.apache.catalina.startup.HostConfig.deployDirectory Webアプリケーションディレクトリ [C:\Users\kana.katsumata\eclipse-workspace\TestWeb2\lib\apache-tomcat-9.0.10\webapps\host-manager] を配備します
29-Dec-2018 21:29:03.849 情報 [main] org.apache.jasper.servlet.TldScanner.scanJars At least one JAR was scanned for TLDs yet contained no TLDs. Enable debug logging for this logger for a complete list of JARs that were scanned but no TLDs were found in them. Skipping unneeded JARs during scanning can improve startup time and JSP compilation time.
29-Dec-2018 21:29:03.862 情報 [main] org.apache.catalina.startup.HostConfig.deployDirectory Deployment of web application directory [C:\Users\kana.katsumata\eclipse-workspace\TestWeb2\lib\apache-tomcat-9.0.10\webapps\host-manager] has finished in [426] ms
29-Dec-2018 21:29:03.867 情報 [main] org.apache.catalina.startup.HostConfig.deployDirectory Webアプリケーションディレクトリ [C:\Users\kana.katsumata\eclipse-workspace\TestWeb2\lib\apache-tomcat-9.0.10\webapps\manager] を配備します
29-Dec-2018 21:29:04.333 情報 [main] org.apache.jasper.servlet.TldScanner.scanJars At least one JAR was scanned for TLDs yet contained no TLDs. Enable debug logging for this logger for a complete list of JARs that were scanned but no TLDs were found in them. Skipping unneeded JARs during scanning can improve startup time and JSP compilation time.
29-Dec-2018 21:29:04.347 情報 [main] org.apache.catalina.startup.HostConfig.deployDirectory Deployment of web application directory [C:\Users\kana.katsumata\eclipse-workspace\TestWeb2\lib\apache-tomcat-9.0.10\webapps\manager] has finished in [481] ms
29-Dec-2018 21:29:04.353 情報 [main] org.apache.catalina.startup.HostConfig.deployDirectory Webアプリケーションディレクトリ [C:\Users\kana.katsumata\eclipse-workspace\TestWeb2\lib\apache-tomcat-9.0.10\webapps\ROOT] を配備します
29-Dec-2018 21:29:06.185 情報 [main] org.apache.jasper.servlet.TldScanner.scanJars At least one JAR was scanned for TLDs yet contained no TLDs. Enable debug logging for this logger for a complete list of JARs that were scanned but no TLDs were found in them. Skipping unneeded JARs during scanning can improve startup time and JSP compilation time.
29-Dec-2018 21:29:06.190 情報 [main] org.apache.catalina.startup.HostConfig.deployDirectory Deployment of web application directory [C:\Users\kana.katsumata\eclipse-workspace\TestWeb2\lib\apache-tomcat-9.0.10\webapps\ROOT] has finished in [1,836] ms
29-Dec-2018 21:29:06.195 情報 [main] org.apache.coyote.AbstractProtocol.start Starting ProtocolHandler ["http-nio-8080"]
29-Dec-2018 21:29:06.218 情報 [main] org.apache.coyote.AbstractProtocol.start Starting ProtocolHandler ["ajp-nio-8009"]
29-Dec-2018 21:29:06.226 情報 [main] org.apache.catalina.startup.Catalina.start Server startup in 18205 ms
29-Dec-2018 21:30:22.938 情報 [http-nio-8080-exec-3] org.apache.tomcat.util.http.parser.Cookie.logInvalidHeader A cookie header was received [[object HTMLTableElement]=hide; adscsrf=ea1edc8a-08be-4c94-b1e3-43358af37435; IS_ADMIN_LOGIN=true; CUSTOM_SSO_TICKET=1545889861514; CUSTOM_SSO_APP_TAG_NAME=ADSSP; APPS_PANE_LOADED=true; JSESSIONIDADSSP=9DDCC5A0C8616B06CAE18111BF1FBC10; JSESSIONIDSSO=A5ACF5915635923AF4118B0EB8C24378] that contained an invalid cookie. That cookie will be ignored.Note: further occurrences of this error will be logged at DEBUG level.
29-Dec-2018 21:32:41.689 情報 [main] org.apache.catalina.core.StandardServer.await A valid shutdown command was received via the shutdown port. Stopping the Server instance.
29-Dec-2018 21:32:41.690 情報 [main] org.apache.coyote.AbstractProtocol.pause Pausing ProtocolHandler ["http-nio-8080"]
29-Dec-2018 21:32:41.866 情報 [main] org.apache.coyote.AbstractProtocol.pause Pausing ProtocolHandler ["ajp-nio-8009"]
29-Dec-2018 21:32:42.031 情報 [main] org.apache.catalina.core.StandardService.stopInternal サービス [Catalina] を停止します
29-Dec-2018 21:32:42.111 情報 [main] org.apache.coyote.AbstractProtocol.stop Stopping ProtocolHandler ["http-nio-8080"]
29-Dec-2018 21:32:42.118 情報 [main] org.apache.coyote.AbstractProtocol.stop Stopping ProtocolHandler ["ajp-nio-8009"]
29-Dec-2018 21:32:42.128 情報 [main] org.apache.coyote.AbstractProtocol.destroy Destroying ProtocolHandler ["http-nio-8080"]
29-Dec-2018 21:32:42.132 情報 [main] org.apache.coyote.AbstractProtocol.destroy Destroying ProtocolHandler ["ajp-nio-8009"]
29-Dec-2018 21:47:20.670 情報 [main] org.apache.catalina.startup.VersionLoggerListener.log Server version:        Apache Tomcat/9.0.10
29-Dec-2018 21:47:20.676 情報 [main] org.apache.catalina.startup.VersionLoggerListener.log Server built:          Jun 20 2018 17:32:21 UTC
29-Dec-2018 21:47:20.676 情報 [main] org.apache.catalina.startup.VersionLoggerListener.log Server number:         9.0.10.0
29-Dec-2018 21:47:20.677 情報 [main] org.apache.catalina.startup.VersionLoggerListener.log OS Name:               Windows 10
29-Dec-2018 21:47:20.677 情報 [main] org.apache.catalina.startup.VersionLoggerListener.log OS Version:            10.0
29-Dec-2018 21:47:20.677 情報 [main] org.apache.catalina.startup.VersionLoggerListener.log Architecture:          amd64
29-Dec-2018 21:47:20.677 情報 [main] org.apache.catalina.startup.VersionLoggerListener.log Java Home:             C:\Users\kana.katsumata\eclipse-workspace\TestWeb2\jre
29-Dec-2018 21:47:20.678 情報 [main] org.apache.catalina.startup.VersionLoggerListener.log JVM Version:           1.8.0_191-b12
29-Dec-2018 21:47:20.678 情報 [main] org.apache.catalina.startup.VersionLoggerListener.log JVM Vendor:            Oracle Corporation
29-Dec-2018 21:47:20.678 情報 [main] org.apache.catalina.startup.VersionLoggerListener.log CATALINA_BASE:         C:\Users\kana.katsumata\eclipse-workspace\TestWeb2\lib\apache-tomcat-9.0.10
29-Dec-2018 21:47:20.678 情報 [main] org.apache.catalina.startup.VersionLoggerListener.log CATALINA_HOME:         C:\Users\kana.katsumata\eclipse-workspace\TestWeb2\lib\apache-tomcat-9.0.10
29-Dec-2018 21:47:20.687 情報 [main] org.apache.catalina.startup.VersionLoggerListener.log Command line argument: -Djava.util.logging.config.file=C:\Users\kana.katsumata\eclipse-workspace\TestWeb2\lib\apache-tomcat-9.0.10\conf\logging.properties
29-Dec-2018 21:47:20.688 情報 [main] org.apache.catalina.startup.VersionLoggerListener.log Command line argument: -Djava.util.logging.manager=org.apache.juli.ClassLoaderLogManager
29-Dec-2018 21:47:20.689 情報 [main] org.apache.catalina.startup.VersionLoggerListener.log Command line argument: -Djdk.tls.ephemeralDHKeySize=2048
29-Dec-2018 21:47:20.690 情報 [main] org.apache.catalina.startup.VersionLoggerListener.log Command line argument: -Djava.protocol.handler.pkgs=org.apache.catalina.webresources
29-Dec-2018 21:47:20.691 情報 [main] org.apache.catalina.startup.VersionLoggerListener.log Command line argument: -Dignore.endorsed.dirs=
29-Dec-2018 21:47:20.693 情報 [main] org.apache.catalina.startup.VersionLoggerListener.log Command line argument: -Dcatalina.base=C:\Users\kana.katsumata\eclipse-workspace\TestWeb2\lib\apache-tomcat-9.0.10
29-Dec-2018 21:47:20.693 情報 [main] org.apache.catalina.startup.VersionLoggerListener.log Command line argument: -Dcatalina.home=C:\Users\kana.katsumata\eclipse-workspace\TestWeb2\lib\apache-tomcat-9.0.10
29-Dec-2018 21:47:20.694 情報 [main] org.apache.catalina.startup.VersionLoggerListener.log Command line argument: -Djava.io.tmpdir=C:\Users\kana.katsumata\eclipse-workspace\TestWeb2\lib\apache-tomcat-9.0.10\temp
29-Dec-2018 21:47:20.695 情報 [main] org.apache.catalina.core.AprLifecycleListener.lifecycleEvent Loaded APR based Apache Tomcat Native library [1.2.17] using APR version [1.6.3].
29-Dec-2018 21:47:20.695 情報 [main] org.apache.catalina.core.AprLifecycleListener.lifecycleEvent APR capabilities: IPv6 [true], sendfile [true], accept filters [false], random [true].
29-Dec-2018 21:47:20.700 情報 [main] org.apache.catalina.core.AprLifecycleListener.lifecycleEvent APR/OpenSSL configuration: useAprConnector [false], useOpenSSL [true]
29-Dec-2018 21:47:21.802 情報 [main] org.apache.catalina.core.AprLifecycleListener.initializeSSL OpenSSL successfully initialized [OpenSSL 1.0.2o  27 Mar 2018]
29-Dec-2018 21:47:22.029 情報 [main] org.apache.coyote.AbstractProtocol.init Initializing ProtocolHandler ["http-nio-8080"]
29-Dec-2018 21:47:22.205 情報 [main] org.apache.tomcat.util.net.NioSelectorPool.getSharedSelector Using a shared selector for servlet write/read
29-Dec-2018 21:47:22.226 情報 [main] org.apache.coyote.AbstractProtocol.init Initializing ProtocolHandler ["ajp-nio-8009"]
29-Dec-2018 21:47:22.230 情報 [main] org.apache.tomcat.util.net.NioSelectorPool.getSharedSelector Using a shared selector for servlet write/read
29-Dec-2018 21:47:22.232 情報 [main] org.apache.catalina.startup.Catalina.load Initialization processed in 2268 ms
29-Dec-2018 21:47:22.294 情報 [main] org.apache.catalina.core.StandardService.startInternal サービス [Catalina] を起動します
29-Dec-2018 21:47:22.294 情報 [main] org.apache.catalina.core.StandardEngine.startInternal Starting Servlet Engine: Apache Tomcat/9.0.10
29-Dec-2018 21:47:22.319 情報 [main] org.apache.catalina.startup.HostConfig.deployDescriptor 設定記述子 [C:\Users\kana.katsumata\eclipse-workspace\TestWeb2\lib\apache-tomcat-9.0.10\conf\Catalina\localhost\ADSPSearch.xml] を配備します
29-Dec-2018 21:47:22.375 警告 [main] org.apache.catalina.startup.HostConfig.deployDescriptor The path attribute with value [/ADSPSearch] in deployment descriptor [C:\Users\kana.katsumata\eclipse-workspace\TestWeb2\lib\apache-tomcat-9.0.10\conf\Catalina\localhost\ADSPSearch.xml] has been ignored
29-Dec-2018 21:47:27.134 情報 [main] org.apache.jasper.servlet.TldScanner.scanJars At least one JAR was scanned for TLDs yet contained no TLDs. Enable debug logging for this logger for a complete list of JARs that were scanned but no TLDs were found in them. Skipping unneeded JARs during scanning can improve startup time and JSP compilation time.
29-Dec-2018 21:47:27.288 情報 [main] org.apache.catalina.startup.HostConfig.deployDescriptor Deployment of deployment descriptor [C:\Users\kana.katsumata\eclipse-workspace\TestWeb2\lib\apache-tomcat-9.0.10\conf\Catalina\localhost\ADSPSearch.xml] has finished in [4,968] ms
29-Dec-2018 21:47:27.291 情報 [main] org.apache.catalina.startup.HostConfig.deployDescriptor 設定記述子 [C:\Users\kana.katsumata\eclipse-workspace\TestWeb2\lib\apache-tomcat-9.0.10\conf\Catalina\localhost\TestWeb2.xml] を配備します
29-Dec-2018 21:47:27.295 警告 [main] org.apache.catalina.startup.HostConfig.deployDescriptor The path attribute with value [/TestWeb2] in deployment descriptor [C:\Users\kana.katsumata\eclipse-workspace\TestWeb2\lib\apache-tomcat-9.0.10\conf\Catalina\localhost\TestWeb2.xml] has been ignored
29-Dec-2018 21:47:31.239 情報 [main] org.apache.jasper.servlet.TldScanner.scanJars At least one JAR was scanned for TLDs yet contained no TLDs. Enable debug logging for this logger for a complete list of JARs that were scanned but no TLDs were found in them. Skipping unneeded JARs during scanning can improve startup time and JSP compilation time.
29-Dec-2018 21:47:33.981 情報 [main] org.apache.catalina.startup.HostConfig.deployDescriptor Deployment of deployment descriptor [C:\Users\kana.katsumata\eclipse-workspace\TestWeb2\lib\apache-tomcat-9.0.10\conf\Catalina\localhost\TestWeb2.xml] has finished in [6,690] ms
29-Dec-2018 21:47:33.985 情報 [main] org.apache.catalina.startup.HostConfig.deployDirectory Webアプリケーションディレクトリ [C:\Users\kana.katsumata\eclipse-workspace\TestWeb2\lib\apache-tomcat-9.0.10\webapps\docs] を配備します
29-Dec-2018 21:47:35.956 情報 [main] org.apache.jasper.servlet.TldScanner.scanJars At least one JAR was scanned for TLDs yet contained no TLDs. Enable debug logging for this logger for a complete list of JARs that were scanned but no TLDs were found in them. Skipping unneeded JARs during scanning can improve startup time and JSP compilation time.
29-Dec-2018 21:47:35.970 情報 [main] org.apache.catalina.startup.HostConfig.deployDirectory Deployment of web application directory [C:\Users\kana.katsumata\eclipse-workspace\TestWeb2\lib\apache-tomcat-9.0.10\webapps\docs] has finished in [1,984] ms
29-Dec-2018 21:47:35.980 情報 [main] org.apache.catalina.startup.HostConfig.deployDirectory Webアプリケーションディレクトリ [C:\Users\kana.katsumata\eclipse-workspace\TestWeb2\lib\apache-tomcat-9.0.10\webapps\examples] を配備します
29-Dec-2018 21:47:38.305 情報 [main] org.apache.jasper.servlet.TldScanner.scanJars At least one JAR was scanned for TLDs yet contained no TLDs. Enable debug logging for this logger for a complete list of JARs that were scanned but no TLDs were found in them. Skipping unneeded JARs during scanning can improve startup time and JSP compilation time.
29-Dec-2018 21:47:38.404 情報 [main] org.apache.catalina.startup.HostConfig.deployDirectory Deployment of web application directory [C:\Users\kana.katsumata\eclipse-workspace\TestWeb2\lib\apache-tomcat-9.0.10\webapps\examples] has finished in [2,425] ms
29-Dec-2018 21:47:38.410 情報 [main] org.apache.catalina.startup.HostConfig.deployDirectory Webアプリケーションディレクトリ [C:\Users\kana.katsumata\eclipse-workspace\TestWeb2\lib\apache-tomcat-9.0.10\webapps\host-manager] を配備します
29-Dec-2018 21:47:38.711 情報 [main] org.apache.jasper.servlet.TldScanner.scanJars At least one JAR was scanned for TLDs yet contained no TLDs. Enable debug logging for this logger for a complete list of JARs that were scanned but no TLDs were found in them. Skipping unneeded JARs during scanning can improve startup time and JSP compilation time.
29-Dec-2018 21:47:38.720 情報 [main] org.apache.catalina.startup.HostConfig.deployDirectory Deployment of web application directory [C:\Users\kana.katsumata\eclipse-workspace\TestWeb2\lib\apache-tomcat-9.0.10\webapps\host-manager] has finished in [309] ms
29-Dec-2018 21:47:38.721 情報 [main] org.apache.catalina.startup.HostConfig.deployDirectory Webアプリケーションディレクトリ [C:\Users\kana.katsumata\eclipse-workspace\TestWeb2\lib\apache-tomcat-9.0.10\webapps\manager] を配備します
29-Dec-2018 21:47:39.096 情報 [main] org.apache.jasper.servlet.TldScanner.scanJars At least one JAR was scanned for TLDs yet contained no TLDs. Enable debug logging for this logger for a complete list of JARs that were scanned but no TLDs were found in them. Skipping unneeded JARs during scanning can improve startup time and JSP compilation time.
29-Dec-2018 21:47:39.103 情報 [main] org.apache.catalina.startup.HostConfig.deployDirectory Deployment of web application directory [C:\Users\kana.katsumata\eclipse-workspace\TestWeb2\lib\apache-tomcat-9.0.10\webapps\manager] has finished in [382] ms
29-Dec-2018 21:47:39.104 情報 [main] org.apache.catalina.startup.HostConfig.deployDirectory Webアプリケーションディレクトリ [C:\Users\kana.katsumata\eclipse-workspace\TestWeb2\lib\apache-tomcat-9.0.10\webapps\ROOT] を配備します
29-Dec-2018 21:47:41.033 情報 [main] org.apache.jasper.servlet.TldScanner.scanJars At least one JAR was scanned for TLDs yet contained no TLDs. Enable debug logging for this logger for a complete list of JARs that were scanned but no TLDs were found in them. Skipping unneeded JARs during scanning can improve startup time and JSP compilation time.
29-Dec-2018 21:47:41.039 情報 [main] org.apache.catalina.startup.HostConfig.deployDirectory Deployment of web application directory [C:\Users\kana.katsumata\eclipse-workspace\TestWeb2\lib\apache-tomcat-9.0.10\webapps\ROOT] has finished in [1,934] ms
29-Dec-2018 21:47:41.052 情報 [main] org.apache.coyote.AbstractProtocol.start Starting ProtocolHandler ["http-nio-8080"]
29-Dec-2018 21:47:41.086 情報 [main] org.apache.coyote.AbstractProtocol.start Starting ProtocolHandler ["ajp-nio-8009"]
29-Dec-2018 21:47:41.097 情報 [main] org.apache.catalina.startup.Catalina.start Server startup in 18862 ms
29-Dec-2018 21:49:30.468 情報 [http-nio-8080-exec-3] org.apache.tomcat.util.http.parser.Cookie.logInvalidHeader A cookie header was received [[object HTMLTableElement]=hide; adscsrf=ea1edc8a-08be-4c94-b1e3-43358af37435; IS_ADMIN_LOGIN=true; CUSTOM_SSO_TICKET=1545889861514; CUSTOM_SSO_APP_TAG_NAME=ADSSP; APPS_PANE_LOADED=true; JSESSIONIDADSSP=9DDCC5A0C8616B06CAE18111BF1FBC10; JSESSIONIDSSO=A5ACF5915635923AF4118B0EB8C24378] that contained an invalid cookie. That cookie will be ignored.Note: further occurrences of this error will be logged at DEBUG level.
29-Dec-2018 21:58:12.910 情報 [main] org.apache.catalina.core.StandardServer.await A valid shutdown command was received via the shutdown port. Stopping the Server instance.
29-Dec-2018 21:58:12.911 情報 [main] org.apache.coyote.AbstractProtocol.pause Pausing ProtocolHandler ["http-nio-8080"]
29-Dec-2018 21:58:13.092 情報 [main] org.apache.coyote.AbstractProtocol.pause Pausing ProtocolHandler ["ajp-nio-8009"]
29-Dec-2018 21:58:13.247 情報 [main] org.apache.catalina.core.StandardService.stopInternal サービス [Catalina] を停止します
29-Dec-2018 21:58:13.332 情報 [main] org.apache.coyote.AbstractProtocol.stop Stopping ProtocolHandler ["http-nio-8080"]
29-Dec-2018 21:58:13.341 情報 [main] org.apache.coyote.AbstractProtocol.stop Stopping ProtocolHandler ["ajp-nio-8009"]
29-Dec-2018 21:58:13.346 情報 [main] org.apache.coyote.AbstractProtocol.destroy Destroying ProtocolHandler ["http-nio-8080"]
29-Dec-2018 21:58:13.348 情報 [main] org.apache.coyote.AbstractProtocol.destroy Destroying ProtocolHandler ["ajp-nio-8009"]
29-Dec-2018 22:01:50.456 情報 [main] org.apache.catalina.startup.VersionLoggerListener.log Server version:        Apache Tomcat/9.0.10
29-Dec-2018 22:01:50.462 情報 [main] org.apache.catalina.startup.VersionLoggerListener.log Server built:          Jun 20 2018 17:32:21 UTC
29-Dec-2018 22:01:50.467 情報 [main] org.apache.catalina.startup.VersionLoggerListener.log Server number:         9.0.10.0
29-Dec-2018 22:01:50.467 情報 [main] org.apache.catalina.startup.VersionLoggerListener.log OS Name:               Windows 10
29-Dec-2018 22:01:50.468 情報 [main] org.apache.catalina.startup.VersionLoggerListener.log OS Version:            10.0
29-Dec-2018 22:01:50.468 情報 [main] org.apache.catalina.startup.VersionLoggerListener.log Architecture:          amd64
29-Dec-2018 22:01:50.468 情報 [main] org.apache.catalina.startup.VersionLoggerListener.log Java Home:             C:\Users\kana.katsumata\eclipse-workspace\TestWeb2\jre
29-Dec-2018 22:01:50.470 情報 [main] org.apache.catalina.startup.VersionLoggerListener.log JVM Version:           1.8.0_191-b12
29-Dec-2018 22:01:50.473 情報 [main] org.apache.catalina.startup.VersionLoggerListener.log JVM Vendor:            Oracle Corporation
29-Dec-2018 22:01:50.474 情報 [main] org.apache.catalina.startup.VersionLoggerListener.log CATALINA_BASE:         C:\Users\kana.katsumata\eclipse-workspace\TestWeb2\lib\apache-tomcat-9.0.10
29-Dec-2018 22:01:50.474 情報 [main] org.apache.catalina.startup.VersionLoggerListener.log CATALINA_HOME:         C:\Users\kana.katsumata\eclipse-workspace\TestWeb2\lib\apache-tomcat-9.0.10
29-Dec-2018 22:01:50.474 情報 [main] org.apache.catalina.startup.VersionLoggerListener.log Command line argument: -Djava.util.logging.config.file=C:\Users\kana.katsumata\eclipse-workspace\TestWeb2\lib\apache-tomcat-9.0.10\conf\logging.properties
29-Dec-2018 22:01:50.475 情報 [main] org.apache.catalina.startup.VersionLoggerListener.log Command line argument: -Djava.util.logging.manager=org.apache.juli.ClassLoaderLogManager
29-Dec-2018 22:01:50.475 情報 [main] org.apache.catalina.startup.VersionLoggerListener.log Command line argument: -Djdk.tls.ephemeralDHKeySize=2048
29-Dec-2018 22:01:50.475 情報 [main] org.apache.catalina.startup.VersionLoggerListener.log Command line argument: -Djava.protocol.handler.pkgs=org.apache.catalina.webresources
29-Dec-2018 22:01:50.476 情報 [main] org.apache.catalina.startup.VersionLoggerListener.log Command line argument: -Dignore.endorsed.dirs=
29-Dec-2018 22:01:50.477 情報 [main] org.apache.catalina.startup.VersionLoggerListener.log Command line argument: -Dcatalina.base=C:\Users\kana.katsumata\eclipse-workspace\TestWeb2\lib\apache-tomcat-9.0.10
29-Dec-2018 22:01:50.478 情報 [main] org.apache.catalina.startup.VersionLoggerListener.log Command line argument: -Dcatalina.home=C:\Users\kana.katsumata\eclipse-workspace\TestWeb2\lib\apache-tomcat-9.0.10
29-Dec-2018 22:01:50.479 情報 [main] org.apache.catalina.startup.VersionLoggerListener.log Command line argument: -Djava.io.tmpdir=C:\Users\kana.katsumata\eclipse-workspace\TestWeb2\lib\apache-tomcat-9.0.10\temp
29-Dec-2018 22:01:50.479 情報 [main] org.apache.catalina.core.AprLifecycleListener.lifecycleEvent Loaded APR based Apache Tomcat Native library [1.2.17] using APR version [1.6.3].
29-Dec-2018 22:01:50.480 情報 [main] org.apache.catalina.core.AprLifecycleListener.lifecycleEvent APR capabilities: IPv6 [true], sendfile [true], accept filters [false], random [true].
29-Dec-2018 22:01:50.481 情報 [main] org.apache.catalina.core.AprLifecycleListener.lifecycleEvent APR/OpenSSL configuration: useAprConnector [false], useOpenSSL [true]
29-Dec-2018 22:01:51.567 情報 [main] org.apache.catalina.core.AprLifecycleListener.initializeSSL OpenSSL successfully initialized [OpenSSL 1.0.2o  27 Mar 2018]
29-Dec-2018 22:01:51.756 情報 [main] org.apache.coyote.AbstractProtocol.init Initializing ProtocolHandler ["http-nio-8080"]
29-Dec-2018 22:01:51.982 情報 [main] org.apache.tomcat.util.net.NioSelectorPool.getSharedSelector Using a shared selector for servlet write/read
29-Dec-2018 22:01:52.000 情報 [main] org.apache.coyote.AbstractProtocol.init Initializing ProtocolHandler ["ajp-nio-8009"]
29-Dec-2018 22:01:52.005 情報 [main] org.apache.tomcat.util.net.NioSelectorPool.getSharedSelector Using a shared selector for servlet write/read
29-Dec-2018 22:01:52.006 情報 [main] org.apache.catalina.startup.Catalina.load Initialization processed in 2143 ms
29-Dec-2018 22:01:52.066 情報 [main] org.apache.catalina.core.StandardService.startInternal サービス [Catalina] を起動します
29-Dec-2018 22:01:52.066 情報 [main] org.apache.catalina.core.StandardEngine.startInternal Starting Servlet Engine: Apache Tomcat/9.0.10
29-Dec-2018 22:01:52.091 情報 [main] org.apache.catalina.startup.HostConfig.deployDescriptor 設定記述子 [C:\Users\kana.katsumata\eclipse-workspace\TestWeb2\lib\apache-tomcat-9.0.10\conf\Catalina\localhost\ADSPSearch.xml] を配備します
29-Dec-2018 22:01:52.141 警告 [main] org.apache.catalina.startup.HostConfig.deployDescriptor The path attribute with value [/ADSPSearch] in deployment descriptor [C:\Users\kana.katsumata\eclipse-workspace\TestWeb2\lib\apache-tomcat-9.0.10\conf\Catalina\localhost\ADSPSearch.xml] has been ignored
29-Dec-2018 22:01:55.737 情報 [main] org.apache.jasper.servlet.TldScanner.scanJars At least one JAR was scanned for TLDs yet contained no TLDs. Enable debug logging for this logger for a complete list of JARs that were scanned but no TLDs were found in them. Skipping unneeded JARs during scanning can improve startup time and JSP compilation time.
29-Dec-2018 22:01:55.857 情報 [main] org.apache.catalina.startup.HostConfig.deployDescriptor Deployment of deployment descriptor [C:\Users\kana.katsumata\eclipse-workspace\TestWeb2\lib\apache-tomcat-9.0.10\conf\Catalina\localhost\ADSPSearch.xml] has finished in [3,757] ms
29-Dec-2018 22:01:55.861 情報 [main] org.apache.catalina.startup.HostConfig.deployDescriptor 設定記述子 [C:\Users\kana.katsumata\eclipse-workspace\TestWeb2\lib\apache-tomcat-9.0.10\conf\Catalina\localhost\TestWeb2.xml] を配備します
29-Dec-2018 22:01:55.864 警告 [main] org.apache.catalina.startup.HostConfig.deployDescriptor The path attribute with value [/TestWeb2] in deployment descriptor [C:\Users\kana.katsumata\eclipse-workspace\TestWeb2\lib\apache-tomcat-9.0.10\conf\Catalina\localhost\TestWeb2.xml] has been ignored
29-Dec-2018 22:01:59.405 情報 [main] org.apache.jasper.servlet.TldScanner.scanJars At least one JAR was scanned for TLDs yet contained no TLDs. Enable debug logging for this logger for a complete list of JARs that were scanned but no TLDs were found in them. Skipping unneeded JARs during scanning can improve startup time and JSP compilation time.
29-Dec-2018 22:02:01.551 情報 [main] org.apache.catalina.startup.HostConfig.deployDescriptor Deployment of deployment descriptor [C:\Users\kana.katsumata\eclipse-workspace\TestWeb2\lib\apache-tomcat-9.0.10\conf\Catalina\localhost\TestWeb2.xml] has finished in [5,691] ms
29-Dec-2018 22:02:01.553 情報 [main] org.apache.catalina.startup.HostConfig.deployDirectory Webアプリケーションディレクトリ [C:\Users\kana.katsumata\eclipse-workspace\TestWeb2\lib\apache-tomcat-9.0.10\webapps\docs] を配備します
29-Dec-2018 22:02:03.032 情報 [main] org.apache.jasper.servlet.TldScanner.scanJars At least one JAR was scanned for TLDs yet contained no TLDs. Enable debug logging for this logger for a complete list of JARs that were scanned but no TLDs were found in them. Skipping unneeded JARs during scanning can improve startup time and JSP compilation time.
29-Dec-2018 22:02:03.039 情報 [main] org.apache.catalina.startup.HostConfig.deployDirectory Deployment of web application directory [C:\Users\kana.katsumata\eclipse-workspace\TestWeb2\lib\apache-tomcat-9.0.10\webapps\docs] has finished in [1,485] ms
29-Dec-2018 22:02:03.040 情報 [main] org.apache.catalina.startup.HostConfig.deployDirectory Webアプリケーションディレクトリ [C:\Users\kana.katsumata\eclipse-workspace\TestWeb2\lib\apache-tomcat-9.0.10\webapps\examples] を配備します
29-Dec-2018 22:02:05.535 情報 [main] org.apache.jasper.servlet.TldScanner.scanJars At least one JAR was scanned for TLDs yet contained no TLDs. Enable debug logging for this logger for a complete list of JARs that were scanned but no TLDs were found in them. Skipping unneeded JARs during scanning can improve startup time and JSP compilation time.
29-Dec-2018 22:02:05.616 情報 [main] org.apache.catalina.startup.HostConfig.deployDirectory Deployment of web application directory [C:\Users\kana.katsumata\eclipse-workspace\TestWeb2\lib\apache-tomcat-9.0.10\webapps\examples] has finished in [2,576] ms
29-Dec-2018 22:02:05.617 情報 [main] org.apache.catalina.startup.HostConfig.deployDirectory Webアプリケーションディレクトリ [C:\Users\kana.katsumata\eclipse-workspace\TestWeb2\lib\apache-tomcat-9.0.10\webapps\host-manager] を配備します
29-Dec-2018 22:02:05.964 情報 [main] org.apache.jasper.servlet.TldScanner.scanJars At least one JAR was scanned for TLDs yet contained no TLDs. Enable debug logging for this logger for a complete list of JARs that were scanned but no TLDs were found in them. Skipping unneeded JARs during scanning can improve startup time and JSP compilation time.
29-Dec-2018 22:02:05.974 情報 [main] org.apache.catalina.startup.HostConfig.deployDirectory Deployment of web application directory [C:\Users\kana.katsumata\eclipse-workspace\TestWeb2\lib\apache-tomcat-9.0.10\webapps\host-manager] has finished in [357] ms
29-Dec-2018 22:02:05.975 情報 [main] org.apache.catalina.startup.HostConfig.deployDirectory Webアプリケーションディレクトリ [C:\Users\kana.katsumata\eclipse-workspace\TestWeb2\lib\apache-tomcat-9.0.10\webapps\manager] を配備します
29-Dec-2018 22:02:06.326 情報 [main] org.apache.jasper.servlet.TldScanner.scanJars At least one JAR was scanned for TLDs yet contained no TLDs. Enable debug logging for this logger for a complete list of JARs that were scanned but no TLDs were found in them. Skipping unneeded JARs during scanning can improve startup time and JSP compilation time.
29-Dec-2018 22:02:06.332 情報 [main] org.apache.catalina.startup.HostConfig.deployDirectory Deployment of web application directory [C:\Users\kana.katsumata\eclipse-workspace\TestWeb2\lib\apache-tomcat-9.0.10\webapps\manager] has finished in [357] ms
29-Dec-2018 22:02:06.335 情報 [main] org.apache.catalina.startup.HostConfig.deployDirectory Webアプリケーションディレクトリ [C:\Users\kana.katsumata\eclipse-workspace\TestWeb2\lib\apache-tomcat-9.0.10\webapps\ROOT] を配備します
29-Dec-2018 22:02:07.917 情報 [main] org.apache.jasper.servlet.TldScanner.scanJars At least one JAR was scanned for TLDs yet contained no TLDs. Enable debug logging for this logger for a complete list of JARs that were scanned but no TLDs were found in them. Skipping unneeded JARs during scanning can improve startup time and JSP compilation time.
29-Dec-2018 22:02:07.922 情報 [main] org.apache.catalina.startup.HostConfig.deployDirectory Deployment of web application directory [C:\Users\kana.katsumata\eclipse-workspace\TestWeb2\lib\apache-tomcat-9.0.10\webapps\ROOT] has finished in [1,586] ms
29-Dec-2018 22:02:07.926 情報 [main] org.apache.coyote.AbstractProtocol.start Starting ProtocolHandler ["http-nio-8080"]
29-Dec-2018 22:02:07.944 情報 [main] org.apache.coyote.AbstractProtocol.start Starting ProtocolHandler ["ajp-nio-8009"]
29-Dec-2018 22:02:07.955 情報 [main] org.apache.catalina.startup.Catalina.start Server startup in 15948 ms
29-Dec-2018 22:02:31.332 情報 [http-nio-8080-exec-1] org.apache.tomcat.util.http.parser.Cookie.logInvalidHeader A cookie header was received [[object HTMLTableElement]=hide; adscsrf=ea1edc8a-08be-4c94-b1e3-43358af37435; IS_ADMIN_LOGIN=true; CUSTOM_SSO_TICKET=1545889861514; CUSTOM_SSO_APP_TAG_NAME=ADSSP; APPS_PANE_LOADED=true; JSESSIONIDADSSP=9DDCC5A0C8616B06CAE18111BF1FBC10; JSESSIONIDSSO=A5ACF5915635923AF4118B0EB8C24378] that contained an invalid cookie. That cookie will be ignored.Note: further occurrences of this error will be logged at DEBUG level.
29-Dec-2018 22:02:49.297 情報 [main] org.apache.catalina.core.StandardServer.await A valid shutdown command was received via the shutdown port. Stopping the Server instance.
29-Dec-2018 22:02:49.298 情報 [main] org.apache.coyote.AbstractProtocol.pause Pausing ProtocolHandler ["http-nio-8080"]
29-Dec-2018 22:02:49.490 情報 [main] org.apache.coyote.AbstractProtocol.pause Pausing ProtocolHandler ["ajp-nio-8009"]
29-Dec-2018 22:02:49.659 情報 [main] org.apache.catalina.core.StandardService.stopInternal サービス [Catalina] を停止します
29-Dec-2018 22:02:49.731 情報 [main] org.apache.coyote.AbstractProtocol.stop Stopping ProtocolHandler ["http-nio-8080"]
29-Dec-2018 22:02:49.735 情報 [main] org.apache.coyote.AbstractProtocol.stop Stopping ProtocolHandler ["ajp-nio-8009"]
29-Dec-2018 22:02:49.739 情報 [main] org.apache.coyote.AbstractProtocol.destroy Destroying ProtocolHandler ["http-nio-8080"]
29-Dec-2018 22:02:49.742 情報 [main] org.apache.coyote.AbstractProtocol.destroy Destroying ProtocolHandler ["ajp-nio-8009"]
