05-Dec-2018 09:36:44.421 情報 [main] org.apache.catalina.core.ApplicationContext.log ContextListener: contextInitialized()
05-Dec-2018 09:36:44.422 情報 [main] org.apache.catalina.core.ApplicationContext.log SessionListener: contextInitialized()
05-Dec-2018 09:36:44.424 情報 [main] org.apache.catalina.core.ApplicationContext.log ContextListener: attributeAdded('StockTicker', 'async.Stockticker@4e245739')
05-Dec-2018 09:42:24.977 情報 [main] org.apache.catalina.core.ApplicationContext.log SessionListener: contextDestroyed()
05-Dec-2018 09:42:24.978 情報 [main] org.apache.catalina.core.ApplicationContext.log ContextListener: contextDestroyed()
05-Dec-2018 09:47:46.409 情報 [main] org.apache.catalina.core.ApplicationContext.log ContextListener: contextInitialized()
05-Dec-2018 09:47:46.409 情報 [main] org.apache.catalina.core.ApplicationContext.log SessionListener: contextInitialized()
05-Dec-2018 09:47:46.414 情報 [main] org.apache.catalina.core.ApplicationContext.log ContextListener: attributeAdded('StockTicker', 'async.Stockticker@33d60b7e')
05-Dec-2018 10:03:32.767 情報 [Thread-5] org.apache.catalina.core.ApplicationContext.log SessionListener: contextDestroyed()
05-Dec-2018 10:03:32.767 情報 [Thread-5] org.apache.catalina.core.ApplicationContext.log ContextListener: contextDestroyed()
05-Dec-2018 10:03:40.982 情報 [main] org.apache.catalina.core.ApplicationContext.log ContextListener: contextInitialized()
05-Dec-2018 10:03:40.983 情報 [main] org.apache.catalina.core.ApplicationContext.log SessionListener: contextInitialized()
05-Dec-2018 10:03:40.988 情報 [main] org.apache.catalina.core.ApplicationContext.log ContextListener: attributeAdded('StockTicker', 'async.Stockticker@483f286e')
05-Dec-2018 10:06:03.283 情報 [Thread-5] org.apache.catalina.core.ApplicationContext.log SessionListener: contextDestroyed()
05-Dec-2018 10:06:03.284 情報 [Thread-5] org.apache.catalina.core.ApplicationContext.log ContextListener: contextDestroyed()
05-Dec-2018 10:06:11.193 情報 [main] org.apache.catalina.core.ApplicationContext.log ContextListener: contextInitialized()
05-Dec-2018 10:06:11.193 情報 [main] org.apache.catalina.core.ApplicationContext.log SessionListener: contextInitialized()
05-Dec-2018 10:06:11.196 情報 [main] org.apache.catalina.core.ApplicationContext.log ContextListener: attributeAdded('StockTicker', 'async.Stockticker@7d4d8579')
05-Dec-2018 10:07:17.969 情報 [Thread-5] org.apache.catalina.core.ApplicationContext.log SessionListener: contextDestroyed()
05-Dec-2018 10:07:17.969 情報 [Thread-5] org.apache.catalina.core.ApplicationContext.log ContextListener: contextDestroyed()
05-Dec-2018 10:07:25.820 情報 [main] org.apache.catalina.core.ApplicationContext.log ContextListener: contextInitialized()
05-Dec-2018 10:07:25.820 情報 [main] org.apache.catalina.core.ApplicationContext.log SessionListener: contextInitialized()
05-Dec-2018 10:07:25.823 情報 [main] org.apache.catalina.core.ApplicationContext.log ContextListener: attributeAdded('StockTicker', 'async.Stockticker@587e5365')
05-Dec-2018 10:09:10.829 情報 [Thread-5] org.apache.catalina.core.ApplicationContext.log SessionListener: contextDestroyed()
05-Dec-2018 10:09:10.829 情報 [Thread-5] org.apache.catalina.core.ApplicationContext.log ContextListener: contextDestroyed()
05-Dec-2018 10:09:16.835 情報 [main] org.apache.catalina.core.ApplicationContext.log ContextListener: contextInitialized()
05-Dec-2018 10:09:16.836 情報 [main] org.apache.catalina.core.ApplicationContext.log SessionListener: contextInitialized()
05-Dec-2018 10:09:16.838 情報 [main] org.apache.catalina.core.ApplicationContext.log ContextListener: attributeAdded('StockTicker', 'async.Stockticker@33c911a1')
05-Dec-2018 10:20:21.609 情報 [main] org.apache.catalina.core.ApplicationContext.log ContextListener: contextInitialized()
05-Dec-2018 10:20:21.609 情報 [main] org.apache.catalina.core.ApplicationContext.log SessionListener: contextInitialized()
05-Dec-2018 10:20:21.611 情報 [main] org.apache.catalina.core.ApplicationContext.log ContextListener: attributeAdded('StockTicker', 'async.Stockticker@7770f470')
05-Dec-2018 10:20:21.819 情報 [main] org.apache.catalina.core.ApplicationContext.log SessionListener: contextDestroyed()
05-Dec-2018 10:20:21.820 情報 [main] org.apache.catalina.core.ApplicationContext.log ContextListener: contextDestroyed()
05-Dec-2018 10:23:17.490 情報 [Thread-5] org.apache.catalina.core.ApplicationContext.log SessionListener: contextDestroyed()
05-Dec-2018 10:23:17.490 情報 [Thread-5] org.apache.catalina.core.ApplicationContext.log ContextListener: contextDestroyed()
05-Dec-2018 10:23:23.843 情報 [main] org.apache.catalina.core.ApplicationContext.log ContextListener: contextInitialized()
05-Dec-2018 10:23:23.843 情報 [main] org.apache.catalina.core.ApplicationContext.log SessionListener: contextInitialized()
05-Dec-2018 10:23:23.845 情報 [main] org.apache.catalina.core.ApplicationContext.log ContextListener: attributeAdded('StockTicker', 'async.Stockticker@1190200a')
05-Dec-2018 10:25:01.331 情報 [Thread-5] org.apache.catalina.core.ApplicationContext.log SessionListener: contextDestroyed()
05-Dec-2018 10:25:01.332 情報 [Thread-5] org.apache.catalina.core.ApplicationContext.log ContextListener: contextDestroyed()
05-Dec-2018 10:25:10.122 重大 [main] org.apache.catalina.core.StandardContext.filterStart フィルタ [struts2] の起動中の例外です
 Unable to load configuration. - action - file:/C:/Users/kana.katsumata/eclipse-workspace/TestWeb2/WebContent/WEB-INF/classes/struts.xml:15:21
	at org.apache.struts2.dispatcher.Dispatcher.init(Dispatcher.java:509)
	at org.apache.struts2.dispatcher.InitOperations.initDispatcher(InitOperations.java:73)
	at org.apache.struts2.dispatcher.filter.StrutsPrepareAndExecuteFilter.init(StrutsPrepareAndExecuteFilter.java:61)
	at org.apache.catalina.core.ApplicationFilterConfig.initFilter(ApplicationFilterConfig.java:270)
	at org.apache.catalina.core.ApplicationFilterConfig.getFilter(ApplicationFilterConfig.java:251)
	at org.apache.catalina.core.ApplicationFilterConfig.<init>(ApplicationFilterConfig.java:102)
	at org.apache.catalina.core.StandardContext.filterStart(StandardContext.java:4491)
	at org.apache.catalina.core.StandardContext.startInternal(StandardContext.java:5135)
	at org.apache.catalina.util.LifecycleBase.start(LifecycleBase.java:183)
	at org.apache.catalina.core.ContainerBase.addChildInternal(ContainerBase.java:742)
	at org.apache.catalina.core.ContainerBase.addChild(ContainerBase.java:718)
	at org.apache.catalina.core.StandardHost.addChild(StandardHost.java:703)
	at org.apache.catalina.startup.HostConfig.deployDescriptor(HostConfig.java:630)
	at org.apache.catalina.startup.HostConfig$DeployDescriptor.run(HostConfig.java:1840)
	at java.util.concurrent.Executors$RunnableAdapter.call(Unknown Source)
	at java.util.concurrent.FutureTask.run(Unknown Source)
	at org.apache.tomcat.util.threads.InlineExecutorService.execute(InlineExecutorService.java:75)
	at java.util.concurrent.AbstractExecutorService.submit(Unknown Source)
	at org.apache.catalina.startup.HostConfig.deployDescriptors(HostConfig.java:525)
	at org.apache.catalina.startup.HostConfig.deployApps(HostConfig.java:424)
	at org.apache.catalina.startup.HostConfig.start(HostConfig.java:1585)
	at org.apache.catalina.startup.HostConfig.lifecycleEvent(HostConfig.java:308)
	at org.apache.catalina.util.LifecycleBase.fireLifecycleEvent(LifecycleBase.java:123)
	at org.apache.catalina.util.LifecycleBase.setStateInternal(LifecycleBase.java:424)
	at org.apache.catalina.util.LifecycleBase.setState(LifecycleBase.java:367)
	at org.apache.catalina.core.ContainerBase.startInternal(ContainerBase.java:966)
	at org.apache.catalina.core.StandardHost.startInternal(StandardHost.java:839)
	at org.apache.catalina.util.LifecycleBase.start(LifecycleBase.java:183)
	at org.apache.catalina.core.ContainerBase$StartChild.call(ContainerBase.java:1427)
	at org.apache.catalina.core.ContainerBase$StartChild.call(ContainerBase.java:1417)
	at java.util.concurrent.FutureTask.run(Unknown Source)
	at org.apache.tomcat.util.threads.InlineExecutorService.execute(InlineExecutorService.java:75)
	at java.util.concurrent.AbstractExecutorService.submit(Unknown Source)
	at org.apache.catalina.core.ContainerBase.startInternal(ContainerBase.java:943)
	at org.apache.catalina.core.StandardEngine.startInternal(StandardEngine.java:258)
	at org.apache.catalina.util.LifecycleBase.start(LifecycleBase.java:183)
	at org.apache.catalina.core.StandardService.startInternal(StandardService.java:422)
	at org.apache.catalina.util.LifecycleBase.start(LifecycleBase.java:183)
	at org.apache.catalina.core.StandardServer.startInternal(StandardServer.java:770)
	at org.apache.catalina.util.LifecycleBase.start(LifecycleBase.java:183)
	at org.apache.catalina.startup.Catalina.start(Catalina.java:682)
	at sun.reflect.NativeMethodAccessorImpl.invoke0(Native Method)
	at sun.reflect.NativeMethodAccessorImpl.invoke(Unknown Source)
	at sun.reflect.DelegatingMethodAccessorImpl.invoke(Unknown Source)
	at java.lang.reflect.Method.invoke(Unknown Source)
	at org.apache.catalina.startup.Bootstrap.start(Bootstrap.java:350)
	at org.apache.catalina.startup.Bootstrap.main(Bootstrap.java:492)
Caused by: Unable to load configuration. - action - file:/C:/Users/kana.katsumata/eclipse-workspace/TestWeb2/WebContent/WEB-INF/classes/struts.xml:15:21
	at com.opensymphony.xwork2.config.ConfigurationManager.getConfiguration(ConfigurationManager.java:69)
	at org.apache.struts2.dispatcher.Dispatcher.getContainer(Dispatcher.java:957)
	at org.apache.struts2.dispatcher.Dispatcher.init_PreloadConfiguration(Dispatcher.java:463)
	at org.apache.struts2.dispatcher.Dispatcher.init(Dispatcher.java:496)
	... 46 more
Caused by: Action class [hello.HelloWorldAction] not found - action - file:/C:/Users/kana.katsumata/eclipse-workspace/TestWeb2/WebContent/WEB-INF/classes/struts.xml:15:21
	at com.opensymphony.xwork2.config.providers.XmlConfigurationProvider.verifyAction(XmlConfigurationProvider.java:508)
	at com.opensymphony.xwork2.config.providers.XmlConfigurationProvider.addAction(XmlConfigurationProvider.java:457)
	at com.opensymphony.xwork2.config.providers.XmlConfigurationProvider.addPackage(XmlConfigurationProvider.java:572)
	at com.opensymphony.xwork2.config.providers.XmlConfigurationProvider.loadPackages(XmlConfigurationProvider.java:326)
	at org.apache.struts2.config.StrutsXmlConfigurationProvider.loadPackages(StrutsXmlConfigurationProvider.java:108)
	at com.opensymphony.xwork2.config.impl.DefaultConfiguration.reloadContainer(DefaultConfiguration.java:196)
	at com.opensymphony.xwork2.config.ConfigurationManager.getConfiguration(ConfigurationManager.java:66)
	... 49 more

05-Dec-2018 10:25:10.773 情報 [main] org.apache.catalina.core.ApplicationContext.log ContextListener: contextInitialized()
05-Dec-2018 10:25:10.774 情報 [main] org.apache.catalina.core.ApplicationContext.log SessionListener: contextInitialized()
05-Dec-2018 10:25:10.777 情報 [main] org.apache.catalina.core.ApplicationContext.log ContextListener: attributeAdded('StockTicker', 'async.Stockticker@31a136a6')
05-Dec-2018 10:26:14.346 情報 [Thread-5] org.apache.catalina.core.ApplicationContext.log SessionListener: contextDestroyed()
05-Dec-2018 10:26:14.346 情報 [Thread-5] org.apache.catalina.core.ApplicationContext.log ContextListener: contextDestroyed()
05-Dec-2018 10:26:22.798 重大 [main] org.apache.catalina.core.StandardContext.filterStart フィルタ [struts2] の起動中の例外です
 Unable to load configuration. - action - file:/C:/Users/kana.katsumata/eclipse-workspace/TestWeb2/WebContent/WEB-INF/classes/struts.xml:15:21
	at org.apache.struts2.dispatcher.Dispatcher.init(Dispatcher.java:509)
	at org.apache.struts2.dispatcher.InitOperations.initDispatcher(InitOperations.java:73)
	at org.apache.struts2.dispatcher.filter.StrutsPrepareAndExecuteFilter.init(StrutsPrepareAndExecuteFilter.java:61)
	at org.apache.catalina.core.ApplicationFilterConfig.initFilter(ApplicationFilterConfig.java:270)
	at org.apache.catalina.core.ApplicationFilterConfig.getFilter(ApplicationFilterConfig.java:251)
	at org.apache.catalina.core.ApplicationFilterConfig.<init>(ApplicationFilterConfig.java:102)
	at org.apache.catalina.core.StandardContext.filterStart(StandardContext.java:4491)
	at org.apache.catalina.core.StandardContext.startInternal(StandardContext.java:5135)
	at org.apache.catalina.util.LifecycleBase.start(LifecycleBase.java:183)
	at org.apache.catalina.core.ContainerBase.addChildInternal(ContainerBase.java:742)
	at org.apache.catalina.core.ContainerBase.addChild(ContainerBase.java:718)
	at org.apache.catalina.core.StandardHost.addChild(StandardHost.java:703)
	at org.apache.catalina.startup.HostConfig.deployDescriptor(HostConfig.java:630)
	at org.apache.catalina.startup.HostConfig$DeployDescriptor.run(HostConfig.java:1840)
	at java.util.concurrent.Executors$RunnableAdapter.call(Unknown Source)
	at java.util.concurrent.FutureTask.run(Unknown Source)
	at org.apache.tomcat.util.threads.InlineExecutorService.execute(InlineExecutorService.java:75)
	at java.util.concurrent.AbstractExecutorService.submit(Unknown Source)
	at org.apache.catalina.startup.HostConfig.deployDescriptors(HostConfig.java:525)
	at org.apache.catalina.startup.HostConfig.deployApps(HostConfig.java:424)
	at org.apache.catalina.startup.HostConfig.start(HostConfig.java:1585)
	at org.apache.catalina.startup.HostConfig.lifecycleEvent(HostConfig.java:308)
	at org.apache.catalina.util.LifecycleBase.fireLifecycleEvent(LifecycleBase.java:123)
	at org.apache.catalina.util.LifecycleBase.setStateInternal(LifecycleBase.java:424)
	at org.apache.catalina.util.LifecycleBase.setState(LifecycleBase.java:367)
	at org.apache.catalina.core.ContainerBase.startInternal(ContainerBase.java:966)
	at org.apache.catalina.core.StandardHost.startInternal(StandardHost.java:839)
	at org.apache.catalina.util.LifecycleBase.start(LifecycleBase.java:183)
	at org.apache.catalina.core.ContainerBase$StartChild.call(ContainerBase.java:1427)
	at org.apache.catalina.core.ContainerBase$StartChild.call(ContainerBase.java:1417)
	at java.util.concurrent.FutureTask.run(Unknown Source)
	at org.apache.tomcat.util.threads.InlineExecutorService.execute(InlineExecutorService.java:75)
	at java.util.concurrent.AbstractExecutorService.submit(Unknown Source)
	at org.apache.catalina.core.ContainerBase.startInternal(ContainerBase.java:943)
	at org.apache.catalina.core.StandardEngine.startInternal(StandardEngine.java:258)
	at org.apache.catalina.util.LifecycleBase.start(LifecycleBase.java:183)
	at org.apache.catalina.core.StandardService.startInternal(StandardService.java:422)
	at org.apache.catalina.util.LifecycleBase.start(LifecycleBase.java:183)
	at org.apache.catalina.core.StandardServer.startInternal(StandardServer.java:770)
	at org.apache.catalina.util.LifecycleBase.start(LifecycleBase.java:183)
	at org.apache.catalina.startup.Catalina.start(Catalina.java:682)
	at sun.reflect.NativeMethodAccessorImpl.invoke0(Native Method)
	at sun.reflect.NativeMethodAccessorImpl.invoke(Unknown Source)
	at sun.reflect.DelegatingMethodAccessorImpl.invoke(Unknown Source)
	at java.lang.reflect.Method.invoke(Unknown Source)
	at org.apache.catalina.startup.Bootstrap.start(Bootstrap.java:350)
	at org.apache.catalina.startup.Bootstrap.main(Bootstrap.java:492)
Caused by: Unable to load configuration. - action - file:/C:/Users/kana.katsumata/eclipse-workspace/TestWeb2/WebContent/WEB-INF/classes/struts.xml:15:21
	at com.opensymphony.xwork2.config.ConfigurationManager.getConfiguration(ConfigurationManager.java:69)
	at org.apache.struts2.dispatcher.Dispatcher.getContainer(Dispatcher.java:957)
	at org.apache.struts2.dispatcher.Dispatcher.init_PreloadConfiguration(Dispatcher.java:463)
	at org.apache.struts2.dispatcher.Dispatcher.init(Dispatcher.java:496)
	... 46 more
Caused by: Action class [hello.HelloWorldAction] not found - action - file:/C:/Users/kana.katsumata/eclipse-workspace/TestWeb2/WebContent/WEB-INF/classes/struts.xml:15:21
	at com.opensymphony.xwork2.config.providers.XmlConfigurationProvider.verifyAction(XmlConfigurationProvider.java:508)
	at com.opensymphony.xwork2.config.providers.XmlConfigurationProvider.addAction(XmlConfigurationProvider.java:457)
	at com.opensymphony.xwork2.config.providers.XmlConfigurationProvider.addPackage(XmlConfigurationProvider.java:572)
	at com.opensymphony.xwork2.config.providers.XmlConfigurationProvider.loadPackages(XmlConfigurationProvider.java:326)
	at org.apache.struts2.config.StrutsXmlConfigurationProvider.loadPackages(StrutsXmlConfigurationProvider.java:108)
	at com.opensymphony.xwork2.config.impl.DefaultConfiguration.reloadContainer(DefaultConfiguration.java:196)
	at com.opensymphony.xwork2.config.ConfigurationManager.getConfiguration(ConfigurationManager.java:66)
	... 49 more

05-Dec-2018 10:26:23.380 情報 [main] org.apache.catalina.core.ApplicationContext.log ContextListener: contextInitialized()
05-Dec-2018 10:26:23.380 情報 [main] org.apache.catalina.core.ApplicationContext.log SessionListener: contextInitialized()
05-Dec-2018 10:26:23.385 情報 [main] org.apache.catalina.core.ApplicationContext.log ContextListener: attributeAdded('StockTicker', 'async.Stockticker@31a136a6')
05-Dec-2018 10:27:59.021 情報 [Thread-5] org.apache.catalina.core.ApplicationContext.log SessionListener: contextDestroyed()
05-Dec-2018 10:27:59.022 情報 [Thread-5] org.apache.catalina.core.ApplicationContext.log ContextListener: contextDestroyed()
05-Dec-2018 10:28:11.122 重大 [main] org.apache.catalina.core.StandardContext.filterStart フィルタ [struts2] の起動中の例外です
 Unable to load configuration. - action - file:/C:/Users/kana.katsumata/eclipse-workspace/TestWeb2/WebContent/WEB-INF/classes/struts.xml:15:21
	at org.apache.struts2.dispatcher.Dispatcher.init(Dispatcher.java:509)
	at org.apache.struts2.dispatcher.InitOperations.initDispatcher(InitOperations.java:73)
	at org.apache.struts2.dispatcher.filter.StrutsPrepareAndExecuteFilter.init(StrutsPrepareAndExecuteFilter.java:61)
	at org.apache.catalina.core.ApplicationFilterConfig.initFilter(ApplicationFilterConfig.java:270)
	at org.apache.catalina.core.ApplicationFilterConfig.getFilter(ApplicationFilterConfig.java:251)
	at org.apache.catalina.core.ApplicationFilterConfig.<init>(ApplicationFilterConfig.java:102)
	at org.apache.catalina.core.StandardContext.filterStart(StandardContext.java:4491)
	at org.apache.catalina.core.StandardContext.startInternal(StandardContext.java:5135)
	at org.apache.catalina.util.LifecycleBase.start(LifecycleBase.java:183)
	at org.apache.catalina.core.ContainerBase.addChildInternal(ContainerBase.java:742)
	at org.apache.catalina.core.ContainerBase.addChild(ContainerBase.java:718)
	at org.apache.catalina.core.StandardHost.addChild(StandardHost.java:703)
	at org.apache.catalina.startup.HostConfig.deployDescriptor(HostConfig.java:630)
	at org.apache.catalina.startup.HostConfig$DeployDescriptor.run(HostConfig.java:1840)
	at java.util.concurrent.Executors$RunnableAdapter.call(Unknown Source)
	at java.util.concurrent.FutureTask.run(Unknown Source)
	at org.apache.tomcat.util.threads.InlineExecutorService.execute(InlineExecutorService.java:75)
	at java.util.concurrent.AbstractExecutorService.submit(Unknown Source)
	at org.apache.catalina.startup.HostConfig.deployDescriptors(HostConfig.java:525)
	at org.apache.catalina.startup.HostConfig.deployApps(HostConfig.java:424)
	at org.apache.catalina.startup.HostConfig.start(HostConfig.java:1585)
	at org.apache.catalina.startup.HostConfig.lifecycleEvent(HostConfig.java:308)
	at org.apache.catalina.util.LifecycleBase.fireLifecycleEvent(LifecycleBase.java:123)
	at org.apache.catalina.util.LifecycleBase.setStateInternal(LifecycleBase.java:424)
	at org.apache.catalina.util.LifecycleBase.setState(LifecycleBase.java:367)
	at org.apache.catalina.core.ContainerBase.startInternal(ContainerBase.java:966)
	at org.apache.catalina.core.StandardHost.startInternal(StandardHost.java:839)
	at org.apache.catalina.util.LifecycleBase.start(LifecycleBase.java:183)
	at org.apache.catalina.core.ContainerBase$StartChild.call(ContainerBase.java:1427)
	at org.apache.catalina.core.ContainerBase$StartChild.call(ContainerBase.java:1417)
	at java.util.concurrent.FutureTask.run(Unknown Source)
	at org.apache.tomcat.util.threads.InlineExecutorService.execute(InlineExecutorService.java:75)
	at java.util.concurrent.AbstractExecutorService.submit(Unknown Source)
	at org.apache.catalina.core.ContainerBase.startInternal(ContainerBase.java:943)
	at org.apache.catalina.core.StandardEngine.startInternal(StandardEngine.java:258)
	at org.apache.catalina.util.LifecycleBase.start(LifecycleBase.java:183)
	at org.apache.catalina.core.StandardService.startInternal(StandardService.java:422)
	at org.apache.catalina.util.LifecycleBase.start(LifecycleBase.java:183)
	at org.apache.catalina.core.StandardServer.startInternal(StandardServer.java:770)
	at org.apache.catalina.util.LifecycleBase.start(LifecycleBase.java:183)
	at org.apache.catalina.startup.Catalina.start(Catalina.java:682)
	at sun.reflect.NativeMethodAccessorImpl.invoke0(Native Method)
	at sun.reflect.NativeMethodAccessorImpl.invoke(Unknown Source)
	at sun.reflect.DelegatingMethodAccessorImpl.invoke(Unknown Source)
	at java.lang.reflect.Method.invoke(Unknown Source)
	at org.apache.catalina.startup.Bootstrap.start(Bootstrap.java:350)
	at org.apache.catalina.startup.Bootstrap.main(Bootstrap.java:492)
Caused by: Unable to load configuration. - action - file:/C:/Users/kana.katsumata/eclipse-workspace/TestWeb2/WebContent/WEB-INF/classes/struts.xml:15:21
	at com.opensymphony.xwork2.config.ConfigurationManager.getConfiguration(ConfigurationManager.java:69)
	at org.apache.struts2.dispatcher.Dispatcher.getContainer(Dispatcher.java:957)
	at org.apache.struts2.dispatcher.Dispatcher.init_PreloadConfiguration(Dispatcher.java:463)
	at org.apache.struts2.dispatcher.Dispatcher.init(Dispatcher.java:496)
	... 46 more
Caused by: Action class [hello.HelloWorldAction] not found - action - file:/C:/Users/kana.katsumata/eclipse-workspace/TestWeb2/WebContent/WEB-INF/classes/struts.xml:15:21
	at com.opensymphony.xwork2.config.providers.XmlConfigurationProvider.verifyAction(XmlConfigurationProvider.java:508)
	at com.opensymphony.xwork2.config.providers.XmlConfigurationProvider.addAction(XmlConfigurationProvider.java:457)
	at com.opensymphony.xwork2.config.providers.XmlConfigurationProvider.addPackage(XmlConfigurationProvider.java:572)
	at com.opensymphony.xwork2.config.providers.XmlConfigurationProvider.loadPackages(XmlConfigurationProvider.java:326)
	at org.apache.struts2.config.StrutsXmlConfigurationProvider.loadPackages(StrutsXmlConfigurationProvider.java:108)
	at com.opensymphony.xwork2.config.impl.DefaultConfiguration.reloadContainer(DefaultConfiguration.java:196)
	at com.opensymphony.xwork2.config.ConfigurationManager.getConfiguration(ConfigurationManager.java:66)
	... 49 more

05-Dec-2018 10:28:11.902 情報 [main] org.apache.catalina.core.ApplicationContext.log ContextListener: contextInitialized()
05-Dec-2018 10:28:11.903 情報 [main] org.apache.catalina.core.ApplicationContext.log SessionListener: contextInitialized()
05-Dec-2018 10:28:11.905 情報 [main] org.apache.catalina.core.ApplicationContext.log ContextListener: attributeAdded('StockTicker', 'async.Stockticker@805e72e')
05-Dec-2018 10:31:17.790 情報 [Thread-5] org.apache.catalina.core.ApplicationContext.log SessionListener: contextDestroyed()
05-Dec-2018 10:31:17.790 情報 [Thread-5] org.apache.catalina.core.ApplicationContext.log ContextListener: contextDestroyed()
05-Dec-2018 10:31:29.978 重大 [main] org.apache.catalina.core.StandardContext.filterStart フィルタ [struts2] の起動中の例外です
 Unable to load configuration. - action - file:/C:/Users/kana.katsumata/eclipse-workspace/TestWeb2/WebContent/WEB-INF/classes/struts.xml:15:21
	at org.apache.struts2.dispatcher.Dispatcher.init(Dispatcher.java:509)
	at org.apache.struts2.dispatcher.InitOperations.initDispatcher(InitOperations.java:73)
	at org.apache.struts2.dispatcher.filter.StrutsPrepareAndExecuteFilter.init(StrutsPrepareAndExecuteFilter.java:61)
	at org.apache.catalina.core.ApplicationFilterConfig.initFilter(ApplicationFilterConfig.java:270)
	at org.apache.catalina.core.ApplicationFilterConfig.getFilter(ApplicationFilterConfig.java:251)
	at org.apache.catalina.core.ApplicationFilterConfig.<init>(ApplicationFilterConfig.java:102)
	at org.apache.catalina.core.StandardContext.filterStart(StandardContext.java:4491)
	at org.apache.catalina.core.StandardContext.startInternal(StandardContext.java:5135)
	at org.apache.catalina.util.LifecycleBase.start(LifecycleBase.java:183)
	at org.apache.catalina.core.ContainerBase.addChildInternal(ContainerBase.java:742)
	at org.apache.catalina.core.ContainerBase.addChild(ContainerBase.java:718)
	at org.apache.catalina.core.StandardHost.addChild(StandardHost.java:703)
	at org.apache.catalina.startup.HostConfig.deployDescriptor(HostConfig.java:630)
	at org.apache.catalina.startup.HostConfig$DeployDescriptor.run(HostConfig.java:1840)
	at java.util.concurrent.Executors$RunnableAdapter.call(Unknown Source)
	at java.util.concurrent.FutureTask.run(Unknown Source)
	at org.apache.tomcat.util.threads.InlineExecutorService.execute(InlineExecutorService.java:75)
	at java.util.concurrent.AbstractExecutorService.submit(Unknown Source)
	at org.apache.catalina.startup.HostConfig.deployDescriptors(HostConfig.java:525)
	at org.apache.catalina.startup.HostConfig.deployApps(HostConfig.java:424)
	at org.apache.catalina.startup.HostConfig.start(HostConfig.java:1585)
	at org.apache.catalina.startup.HostConfig.lifecycleEvent(HostConfig.java:308)
	at org.apache.catalina.util.LifecycleBase.fireLifecycleEvent(LifecycleBase.java:123)
	at org.apache.catalina.util.LifecycleBase.setStateInternal(LifecycleBase.java:424)
	at org.apache.catalina.util.LifecycleBase.setState(LifecycleBase.java:367)
	at org.apache.catalina.core.ContainerBase.startInternal(ContainerBase.java:966)
	at org.apache.catalina.core.StandardHost.startInternal(StandardHost.java:839)
	at org.apache.catalina.util.LifecycleBase.start(LifecycleBase.java:183)
	at org.apache.catalina.core.ContainerBase$StartChild.call(ContainerBase.java:1427)
	at org.apache.catalina.core.ContainerBase$StartChild.call(ContainerBase.java:1417)
	at java.util.concurrent.FutureTask.run(Unknown Source)
	at org.apache.tomcat.util.threads.InlineExecutorService.execute(InlineExecutorService.java:75)
	at java.util.concurrent.AbstractExecutorService.submit(Unknown Source)
	at org.apache.catalina.core.ContainerBase.startInternal(ContainerBase.java:943)
	at org.apache.catalina.core.StandardEngine.startInternal(StandardEngine.java:258)
	at org.apache.catalina.util.LifecycleBase.start(LifecycleBase.java:183)
	at org.apache.catalina.core.StandardService.startInternal(StandardService.java:422)
	at org.apache.catalina.util.LifecycleBase.start(LifecycleBase.java:183)
	at org.apache.catalina.core.StandardServer.startInternal(StandardServer.java:770)
	at org.apache.catalina.util.LifecycleBase.start(LifecycleBase.java:183)
	at org.apache.catalina.startup.Catalina.start(Catalina.java:682)
	at sun.reflect.NativeMethodAccessorImpl.invoke0(Native Method)
	at sun.reflect.NativeMethodAccessorImpl.invoke(Unknown Source)
	at sun.reflect.DelegatingMethodAccessorImpl.invoke(Unknown Source)
	at java.lang.reflect.Method.invoke(Unknown Source)
	at org.apache.catalina.startup.Bootstrap.start(Bootstrap.java:350)
	at org.apache.catalina.startup.Bootstrap.main(Bootstrap.java:492)
Caused by: Unable to load configuration. - action - file:/C:/Users/kana.katsumata/eclipse-workspace/TestWeb2/WebContent/WEB-INF/classes/struts.xml:15:21
	at com.opensymphony.xwork2.config.ConfigurationManager.getConfiguration(ConfigurationManager.java:69)
	at org.apache.struts2.dispatcher.Dispatcher.getContainer(Dispatcher.java:957)
	at org.apache.struts2.dispatcher.Dispatcher.init_PreloadConfiguration(Dispatcher.java:463)
	at org.apache.struts2.dispatcher.Dispatcher.init(Dispatcher.java:496)
	... 46 more
Caused by: Action class [hello.HelloWorldAction] not found - action - file:/C:/Users/kana.katsumata/eclipse-workspace/TestWeb2/WebContent/WEB-INF/classes/struts.xml:15:21
	at com.opensymphony.xwork2.config.providers.XmlConfigurationProvider.verifyAction(XmlConfigurationProvider.java:508)
	at com.opensymphony.xwork2.config.providers.XmlConfigurationProvider.addAction(XmlConfigurationProvider.java:457)
	at com.opensymphony.xwork2.config.providers.XmlConfigurationProvider.addPackage(XmlConfigurationProvider.java:572)
	at com.opensymphony.xwork2.config.providers.XmlConfigurationProvider.loadPackages(XmlConfigurationProvider.java:326)
	at org.apache.struts2.config.StrutsXmlConfigurationProvider.loadPackages(StrutsXmlConfigurationProvider.java:108)
	at com.opensymphony.xwork2.config.impl.DefaultConfiguration.reloadContainer(DefaultConfiguration.java:196)
	at com.opensymphony.xwork2.config.ConfigurationManager.getConfiguration(ConfigurationManager.java:66)
	... 49 more

05-Dec-2018 10:31:30.501 情報 [main] org.apache.catalina.core.ApplicationContext.log ContextListener: contextInitialized()
05-Dec-2018 10:31:30.502 情報 [main] org.apache.catalina.core.ApplicationContext.log SessionListener: contextInitialized()
05-Dec-2018 10:31:30.504 情報 [main] org.apache.catalina.core.ApplicationContext.log ContextListener: attributeAdded('StockTicker', 'async.Stockticker@28fef9a2')
05-Dec-2018 10:49:22.120 情報 [Thread-5] org.apache.catalina.core.ApplicationContext.log SessionListener: contextDestroyed()
05-Dec-2018 10:49:22.120 情報 [Thread-5] org.apache.catalina.core.ApplicationContext.log ContextListener: contextDestroyed()
