29-Dec-2018 14:33:28.098 î•ñ [main] org.apache.catalina.core.ApplicationContext.log ContextListener: contextInitialized()
29-Dec-2018 14:33:28.099 î•ñ [main] org.apache.catalina.core.ApplicationContext.log SessionListener: contextInitialized()
29-Dec-2018 14:33:28.101 î•ñ [main] org.apache.catalina.core.ApplicationContext.log ContextListener: attributeAdded('StockTicker', 'async.Stockticker@6019ce4b')
29-Dec-2018 14:45:03.951 î•ñ [Thread-5] org.apache.catalina.core.ApplicationContext.log SessionListener: contextDestroyed()
29-Dec-2018 14:45:03.951 î•ñ [Thread-5] org.apache.catalina.core.ApplicationContext.log ContextListener: contextDestroyed()
29-Dec-2018 14:51:38.170 î•ñ [main] org.apache.catalina.core.ApplicationContext.log ContextListener: contextInitialized()
29-Dec-2018 14:51:38.203 î•ñ [main] org.apache.catalina.core.ApplicationContext.log SessionListener: contextInitialized()
29-Dec-2018 14:51:38.207 î•ñ [main] org.apache.catalina.core.ApplicationContext.log ContextListener: attributeAdded('StockTicker', 'async.Stockticker@233bfc46')
29-Dec-2018 15:29:19.725 î•ñ [Thread-5] org.apache.catalina.core.ApplicationContext.log SessionListener: contextDestroyed()
29-Dec-2018 15:29:19.726 î•ñ [Thread-5] org.apache.catalina.core.ApplicationContext.log ContextListener: contextDestroyed()
29-Dec-2018 19:48:22.689 î•ñ [main] org.apache.catalina.core.ApplicationContext.log ContextListener: contextInitialized()
29-Dec-2018 19:48:22.690 î•ñ [main] org.apache.catalina.core.ApplicationContext.log SessionListener: contextInitialized()
29-Dec-2018 19:48:22.698 î•ñ [main] org.apache.catalina.core.ApplicationContext.log ContextListener: attributeAdded('StockTicker', 'async.Stockticker@108b2321')
29-Dec-2018 19:50:04.403 î•ñ [Thread-5] org.apache.catalina.core.ApplicationContext.log SessionListener: contextDestroyed()
29-Dec-2018 19:50:04.404 î•ñ [Thread-5] org.apache.catalina.core.ApplicationContext.log ContextListener: contextDestroyed()
29-Dec-2018 21:03:06.755 î•ñ [main] org.apache.catalina.core.ApplicationContext.log ContextListener: contextInitialized()
29-Dec-2018 21:03:06.756 î•ñ [main] org.apache.catalina.core.ApplicationContext.log SessionListener: contextInitialized()
29-Dec-2018 21:03:06.758 î•ñ [main] org.apache.catalina.core.ApplicationContext.log ContextListener: attributeAdded('StockTicker', 'async.Stockticker@233bfc46')
29-Dec-2018 21:24:57.892 î•ñ [main] org.apache.catalina.core.ApplicationContext.log SessionListener: contextDestroyed()
29-Dec-2018 21:24:57.892 î•ñ [main] org.apache.catalina.core.ApplicationContext.log ContextListener: contextDestroyed()
29-Dec-2018 21:29:03.418 î•ñ [main] org.apache.catalina.core.ApplicationContext.log ContextListener: contextInitialized()
29-Dec-2018 21:29:03.418 î•ñ [main] org.apache.catalina.core.ApplicationContext.log SessionListener: contextInitialized()
29-Dec-2018 21:29:03.422 î•ñ [main] org.apache.catalina.core.ApplicationContext.log ContextListener: attributeAdded('StockTicker', 'async.Stockticker@6347ebbc')
29-Dec-2018 21:32:42.057 î•ñ [main] org.apache.catalina.core.ApplicationContext.log SessionListener: contextDestroyed()
29-Dec-2018 21:32:42.058 î•ñ [main] org.apache.catalina.core.ApplicationContext.log ContextListener: contextDestroyed()
29-Dec-2018 21:47:38.391 î•ñ [main] org.apache.catalina.core.ApplicationContext.log ContextListener: contextInitialized()
29-Dec-2018 21:47:38.392 î•ñ [main] org.apache.catalina.core.ApplicationContext.log SessionListener: contextInitialized()
29-Dec-2018 21:47:38.394 î•ñ [main] org.apache.catalina.core.ApplicationContext.log ContextListener: attributeAdded('StockTicker', 'async.Stockticker@6347ebbc')
29-Dec-2018 21:58:13.295 î•ñ [main] org.apache.catalina.core.ApplicationContext.log SessionListener: contextDestroyed()
29-Dec-2018 21:58:13.295 î•ñ [main] org.apache.catalina.core.ApplicationContext.log ContextListener: contextDestroyed()
29-Dec-2018 22:02:05.601 î•ñ [main] org.apache.catalina.core.ApplicationContext.log ContextListener: contextInitialized()
29-Dec-2018 22:02:05.601 î•ñ [main] org.apache.catalina.core.ApplicationContext.log SessionListener: contextInitialized()
29-Dec-2018 22:02:05.603 î•ñ [main] org.apache.catalina.core.ApplicationContext.log ContextListener: attributeAdded('StockTicker', 'async.Stockticker@233bfc46')
29-Dec-2018 22:02:49.687 î•ñ [main] org.apache.catalina.core.ApplicationContext.log SessionListener: contextDestroyed()
29-Dec-2018 22:02:49.687 î•ñ [main] org.apache.catalina.core.ApplicationContext.log ContextListener: contextDestroyed()
