2018-11-02 08:51:03 JST LOG:  データベースシステムは中断されました: 今回は 2018-10-29 23:14:46 JST までは到達しています
2018-11-02 08:51:03 JST FATAL:  データベースシステムは起動しています
2018-11-02 08:51:04 JST FATAL:  データベースシステムは起動しています
2018-11-02 08:51:06 JST FATAL:  データベースシステムは起動しています
2018-11-02 08:51:07 JST FATAL:  データベースシステムは起動しています
2018-11-02 08:51:08 JST FATAL:  データベースシステムは起動しています
2018-11-02 08:51:09 JST FATAL:  データベースシステムは起動しています
2018-11-02 08:51:11 JST FATAL:  データベースシステムは起動しています
2018-11-02 08:51:12 JST FATAL:  データベースシステムは起動しています
2018-11-02 08:51:14 JST FATAL:  データベースシステムは起動しています
2018-11-02 08:51:16 JST FATAL:  データベースシステムは起動しています
2018-11-02 08:51:17 JST FATAL:  データベースシステムは起動しています
2018-11-02 08:51:18 JST FATAL:  データベースシステムは起動しています
2018-11-02 08:51:20 JST FATAL:  データベースシステムは起動しています
2018-11-02 08:51:21 JST FATAL:  データベースシステムは起動しています
2018-11-02 08:51:22 JST FATAL:  データベースシステムは起動しています
2018-11-02 08:51:24 JST FATAL:  データベースシステムは起動しています
2018-11-02 08:51:25 JST FATAL:  データベースシステムは起動しています
2018-11-02 08:51:26 JST FATAL:  データベースシステムは起動しています
2018-11-02 08:51:27 JST FATAL:  データベースシステムは起動しています
2018-11-02 08:51:29 JST FATAL:  データベースシステムは起動しています
2018-11-02 08:51:30 JST FATAL:  データベースシステムは起動しています
2018-11-02 08:51:32 JST FATAL:  データベースシステムは起動しています
2018-11-02 08:51:33 JST FATAL:  データベースシステムは起動しています
2018-11-02 08:51:35 JST FATAL:  データベースシステムは起動しています
2018-11-02 08:51:35 JST LOG:  データベースシステムは適切にシャットダウンされませんでした。自動リカバリを行っています
2018-11-02 08:51:35 JST LOG:  invalid record length at 0/151E830: wanted 24, got 0
2018-11-02 08:51:35 JST LOG:  REDOは必要ありません
2018-11-02 08:51:35 JST LOG:  MultiXact member wraparound protections are now enabled
2018-11-02 08:51:36 JST LOG:  データベースシステムの接続受付準備が整いました。
2018-11-02 08:51:36 JST LOG:  自動バキュームランチャプロセス
2018-11-02 09:15:48 JST LOG:  繧ｯ繝ｩ繧､繧｢繝ｳ繝医°繧峨ョ繝ｼ繧ｿ繧貞女菫｡縺ｧ縺阪∪縺帙ｓ縺ｧ縺励◆: An existing connection was forcibly closed by the remote host.
	
2018-11-02 09:20:10 JST LOG:  繧ｯ繝ｩ繧､繧｢繝ｳ繝医°繧峨ョ繝ｼ繧ｿ繧貞女菫｡縺ｧ縺阪∪縺帙ｓ縺ｧ縺励◆: An existing connection was forcibly closed by the remote host.
	
2018-11-04 17:00:38 JST LOG:  繧ｯ繝ｩ繧､繧｢繝ｳ繝医°繧峨ョ繝ｼ繧ｿ繧貞女菫｡縺ｧ縺阪∪縺帙ｓ縺ｧ縺励◆: An existing connection was forcibly closed by the remote host.
	
