2018-12-29 14:48:45 JST LOG:  システムログ取得プロセス (PID 10664)は終了コード1で終了しました
2018-12-29 14:48:51 JST LOG:  チェックポイント処理プロセス (PID 19028)は終了コード1で終了しました
2018-12-29 14:48:51 JST LOG:  他の活動中のサーバプロセスを終了しています
2018-12-29 14:48:51 JST WARNING:  他のサーバプロセスがクラッシュしたため接続を終了しています
2018-12-29 14:48:51 JST 詳細:  他のサーバプロセスが異常終了し共有メモリが破損した可能性がありましたので、
	postmasterはこのサーバプロセスに対し、現在のトランザクションをロールバック
	し終了するよう指示しました。
2018-12-29 14:48:51 JST ヒント:  この後、データベースに再接続し、コマンドを繰り返さなければなりません。
2018-12-29 14:48:51 JST LOG:  全てのサーバプロセスが終了しました: 再初期化しています
2018-12-29 14:48:51 JST LOG:  データベースシステムは中断されました: 今回は 2018-12-29 14:48:42 JST までは到達しています
2018-12-29 14:48:52 JST LOG:  データベースシステムは適切にシャットダウンされませんでした。自動リカバリを行っています
2018-12-29 14:48:52 JST LOG:  invalid record length at 0/151EEC0: wanted 24, got 0
2018-12-29 14:48:52 JST LOG:  REDOは必要ありません
2018-12-29 14:48:52 JST LOG:  MultiXact member wraparound protections are now enabled
2018-12-29 14:48:52 JST LOG:  データベースシステムの接続受付準備が整いました。
2018-12-29 14:48:52 JST LOG:  自動バキュームランチャプロセス
2018-12-29 14:48:59 JST LOG:  チェックポイント処理プロセス (PID 22648)は終了コード1で終了しました
2018-12-29 14:48:59 JST LOG:  他の活動中のサーバプロセスを終了しています
2018-12-29 14:48:59 JST WARNING:  他のサーバプロセスがクラッシュしたため接続を終了しています
2018-12-29 14:48:59 JST 詳細:  他のサーバプロセスが異常終了し共有メモリが破損した可能性がありましたので、
	postmasterはこのサーバプロセスに対し、現在のトランザクションをロールバック
	し終了するよう指示しました。
2018-12-29 14:48:59 JST ヒント:  この後、データベースに再接続し、コマンドを繰り返さなければなりません。
2018-12-29 14:48:59 JST LOG:  全てのサーバプロセスが終了しました: 再初期化しています
2018-12-29 14:48:59 JST LOG:  データベースシステムは中断されました: 今回は 2018-12-29 14:48:52 JST までは到達しています
2018-12-29 14:49:00 JST LOG:  データベースシステムは適切にシャットダウンされませんでした。自動リカバリを行っています
2018-12-29 14:49:00 JST LOG:  invalid record length at 0/151EF30: wanted 24, got 0
2018-12-29 14:49:00 JST LOG:  REDOは必要ありません
2018-12-29 14:49:00 JST LOG:  MultiXact member wraparound protections are now enabled
2018-12-29 14:49:00 JST LOG:  データベースシステムの接続受付準備が整いました。
2018-12-29 14:49:00 JST LOG:  自動バキュームランチャプロセス
