2018-10-21 09:44:57 JST LOG:  f[^x[XVXe 2018-10-21 09:44:23 JST ɃVbg_E܂
2018-10-21 09:44:57 JST LOG:  MultiXact member wraparound protections are now enabled
2018-10-21 09:44:57 JST LOG:  f[^x[XVXe̐ڑt܂B
2018-10-21 09:44:58 JST FATAL:  f[^x[XVXe͋NĂ܂
2018-10-21 09:44:58 JST LOG:  oL[`vZX
2018-10-21 09:59:30 JST FATAL:  [U"postgres"̃pX[hF؂Ɏs܂
2018-10-21 09:59:30 JST ڍ:  Password does not match for user "postgres".
	ڑpg_hba.conf̍s82Ɉv܂: "host    all             all             ::1/128                 md5"
2018-10-21 09:59:34 JST FATAL:  [U"postgres"̃pX[hF؂Ɏs܂
2018-10-21 09:59:34 JST ڍ:  Password does not match for user "postgres".
	ڑpg_hba.conf̍s82Ɉv܂: "host    all             all             ::1/128                 md5"
2018-10-21 10:00:52 JST LOG:  JnpPbg̒ł
2018-10-21 10:11:35 JST ERROR:  "-"またはその近辺で構文エラー(文字位置 1)
2018-10-21 10:11:35 JST ステートメント:  -d dbname
	;
2018-10-21 10:12:23 JST ERROR:  "psql"またはその近辺で構文エラー(文字位置 1)
2018-10-21 10:12:23 JST ステートメント:  psql -p port;
2018-10-21 10:12:35 JST ERROR:  "-"またはその近辺で構文エラー(文字位置 1)
2018-10-21 10:12:35 JST ステートメント:  -p port;
2018-10-21 10:16:27 JST LOG:  JnpPbg̒ł
2018-10-21 10:16:44 JST LOG:  JnpPbgsSł
2018-10-21 10:23:16 JST LOG:  JnpPbg̒ł
